DEBUG - 2024-08-21 03:52:00 --> ***************** Login verification *****************
DEBUG - 2024-08-21 03:52:00 --> ***************** Login verification *****************
DEBUG - 2024-08-21 03:52:00 --> User IP: ::1
DEBUG - 2024-08-21 03:52:00 --> Email: 9o9ame@gmail.com Password: array (
  'id' => '49',
  'initialInvestment' => '200000',
  'firstName' => 'Scott',
  'lastName' => 'Barrie',
  'email' => '9o9ame@gmail.com',
  'password' => '$2y$10$36qR74ayA3cUDtLX.RFJ6eFNiuuSLy3le/hl8LrgigWH0NqgX7myW',
  'phone' => '4039782772',
  'profile_img' => '',
  'address1' => NULL,
  'address2' => NULL,
  'city' => NULL,
  'country' => NULL,
  'zip' => NULL,
  'userTypeId' => '2',
  'uniqueCode' => '1bda4f3ab4c377091fbfb5dbcef40b0c',
  'payoutDate' => '0000-00-00',
  'payout_per' => '50',
  'transactionType' => 'ROI',
  'notificationStatus' => 'unread',
  'otp' => '804815',
  'flagfor_accountant' => 'N',
  'returntype_id' => '2',
  'sessionid' => '0jfouppljtf6pe3n0dd83v71sd',
  'token' => 'a:2:{i:0;s:163:"csi3yqnoQaS7tbOHXcAEbs:APA91bElNXgY-RCOmcCX-PJfYJVNTN68xablAstaiQXDjaUwHfuTk4nZSY_x_xCy0PLpOK803PKF2BE6h_2c30uvDRILZe0QTdfeongFBI86fByaJAoyugFfl7b-moyJnKhpP32cm-eu";i:1;s:163:"fNa_IY1AELKkjGSxH9qxnY:APA91bF368VGM2gBbO3xSjNwpd5lRTgxThyh0spMKfvlJkkY_w-DN_V-ZVTEs2ic0NBZO1rI8CAA2Y21p5N7-i2M1V2kO4uEOzU52TARB1n0HY7RP-TrOF_Qdu4BUjE7plnLZWqwVQWA";}',
  'bearer_token' => NULL,
  'nextpayoutDate' => '0000-00-00',
  'tax_form_flag' => 'Yes',
  'bio' => NULL,
  'createdAt' => '2022-08-18 19:22:55',
  'updatedAt' => '2022-08-18 19:23:31',
  'isDeleted' => 'N',
)
DEBUG - 2024-08-21 03:52:00 --> User IP: ::1
DEBUG - 2024-08-21 03:52:00 --> Email: 9o9ame@gmail.com Password: array (
  'id' => '49',
  'initialInvestment' => '200000',
  'firstName' => 'Scott',
  'lastName' => 'Barrie',
  'email' => '9o9ame@gmail.com',
  'password' => '$2y$10$36qR74ayA3cUDtLX.RFJ6eFNiuuSLy3le/hl8LrgigWH0NqgX7myW',
  'phone' => '4039782772',
  'profile_img' => '',
  'address1' => NULL,
  'address2' => NULL,
  'city' => NULL,
  'country' => NULL,
  'zip' => NULL,
  'userTypeId' => '2',
  'uniqueCode' => '1bda4f3ab4c377091fbfb5dbcef40b0c',
  'payoutDate' => '0000-00-00',
  'payout_per' => '50',
  'transactionType' => 'ROI',
  'notificationStatus' => 'unread',
  'otp' => '804815',
  'flagfor_accountant' => 'N',
  'returntype_id' => '2',
  'sessionid' => '0jfouppljtf6pe3n0dd83v71sd',
  'token' => 'a:2:{i:0;s:163:"csi3yqnoQaS7tbOHXcAEbs:APA91bElNXgY-RCOmcCX-PJfYJVNTN68xablAstaiQXDjaUwHfuTk4nZSY_x_xCy0PLpOK803PKF2BE6h_2c30uvDRILZe0QTdfeongFBI86fByaJAoyugFfl7b-moyJnKhpP32cm-eu";i:1;s:163:"fNa_IY1AELKkjGSxH9qxnY:APA91bF368VGM2gBbO3xSjNwpd5lRTgxThyh0spMKfvlJkkY_w-DN_V-ZVTEs2ic0NBZO1rI8CAA2Y21p5N7-i2M1V2kO4uEOzU52TARB1n0HY7RP-TrOF_Qdu4BUjE7plnLZWqwVQWA";}',
  'bearer_token' => NULL,
  'nextpayoutDate' => '0000-00-00',
  'tax_form_flag' => 'Yes',
  'bio' => NULL,
  'createdAt' => '2022-08-18 19:22:55',
  'updatedAt' => '2022-08-18 19:23:31',
  'isDeleted' => 'N',
)
DEBUG - 2024-08-21 03:52:01 --> ***************** send otp *****************
DEBUG - 2024-08-21 03:52:01 --> ***************** Login verification *****************357369 9o9ame@gmail.com
DEBUG - 2024-08-21 03:52:01 --> ***************** Login12321321 verification *****************9o9ame@gmail.com   357369  Scott Barrie
CRITICAL - 2024-08-21 03:52:03 --> mail(): Failed to connect to mailserver at &quot;localhost&quot; port 25, verify your &quot;SMTP&quot; and &quot;smtp_port&quot; setting in php.ini or use ini_set()
#0 [internal function]: CodeIgniter\Debug\Exceptions->errorHandler(2, 'mail(): Failed ...', 'C:\\xampp\\htdocs...', 173)
#1 C:\xampp\htdocs\golong\app\Libraries\Emails.php(173): mail('9o9ame@gmail.co...', 'Go Long Clients...', 'Go Long Clients...', 'From:contact@go...')
#2 C:\xampp\htdocs\golong\app\Controllers\Home.php(176): App\Libraries\emails->sendOtp('9o9ame@gmail.co...', '357369', 'Scott Barrie')
#3 C:\xampp\htdocs\golong\system\CodeIgniter.php(939): App\Controllers\Home->sendOtp()
#4 C:\xampp\htdocs\golong\system\CodeIgniter.php(435): CodeIgniter\CodeIgniter->runController(Object(App\Controllers\Home))
#5 C:\xampp\htdocs\golong\system\CodeIgniter.php(336): CodeIgniter\CodeIgniter->handleRequest(NULL, Object(Config\Cache), false)
#6 C:\xampp\htdocs\golong\index.php(44): CodeIgniter\CodeIgniter->run()
#7 {main}
DEBUG - 2024-08-21 03:52:21 --> Notifications CHeck array (
  0 => 
  array (
    'id' => '155',
    'title' => 'allNotifications',
    'description' => 'allNotifications',
    'publishDate' => '2024-08-21 01:21:44',
    'user_id' => '49',
    'is_read' => 'N',
  ),
  1 => 
  array (
    'id' => '140',
    'title' => 'Withdrawal Request Accepted',
    'description' => 'Your withdrawal request has been Accepted.',
    'publishDate' => '2024-08-21 12:52:54',
    'user_id' => '49',
    'is_read' => 'N',
  ),
  2 => 
  array (
    'id' => '129',
    'title' => 'Withdrawal Request Accepted',
    'description' => 'Your withdrawal request has been Accepted.',
    'publishDate' => '2024-08-21 12:52:54',
    'user_id' => '49',
    'is_read' => 'N',
  ),
  3 => 
  array (
    'id' => '133',
    'title' => 'Withdrawal Request has been Completed',
    'description' => 'Your Withdrawal request has been Completed.',
    'publishDate' => '2023-02-24 08:15:40',
    'user_id' => '49',
    'is_read' => 'N',
  ),
  4 => 
  array (
    'id' => '132',
    'title' => 'Withdrawal Request has been Accepted',
    'description' => 'Your withdrawal request has been Accepted.',
    'publishDate' => '2023-02-24 08:15:31',
    'user_id' => '49',
    'is_read' => 'N',
  ),
  5 => 
  array (
    'id' => '131',
    'title' => 'Withdrawal Request has been Completed',
    'description' => 'Your Withdrawal request has been Completed.',
    'publishDate' => '2023-02-24 08:14:42',
    'user_id' => '49',
    'is_read' => 'N',
  ),
  6 => 
  array (
    'id' => '130',
    'title' => 'Withdrawal Request has been Accepted',
    'description' => 'Your withdrawal request has been Accepted.',
    'publishDate' => '2023-02-24 08:14:31',
    'user_id' => '49',
    'is_read' => 'N',
  ),
  7 => 
  array (
    'id' => '88',
    'title' => 'Deposit Request has been Accepted',
    'description' => 'Your deposit request has been Accepted.',
    'publishDate' => '2023-01-31 07:47:51',
    'user_id' => '49',
    'is_read' => 'N',
  ),
  8 => 
  array (
    'id' => '87',
    'title' => 'Deposit Request has been Completed',
    'description' => 'Your deposit request has been Completed.',
    'publishDate' => '2023-01-31 07:47:27',
    'user_id' => '49',
    'is_read' => 'N',
  ),
  9 => 
  array (
    'id' => '86',
    'title' => 'Deposit Request has been Rejected',
    'description' => 'Your deposit request has been Rejected.',
    'publishDate' => '2023-01-31 07:30:54',
    'user_id' => '49',
    'is_read' => 'N',
  ),
  10 => 
  array (
    'id' => '85',
    'title' => 'Deposit Request has been Completed',
    'description' => 'Your deposit request has been Completed.',
    'publishDate' => '2023-01-31 07:30:08',
    'user_id' => '49',
    'is_read' => 'N',
  ),
  11 => 
  array (
    'id' => '84',
    'title' => 'Deposit Request has been Accepted',
    'description' => 'Your deposit request has been Accepted.',
    'publishDate' => '2023-01-31 07:29:28',
    'user_id' => '49',
    'is_read' => 'N',
  ),
  12 => 
  array (
    'id' => '82',
    'title' => 'Withdrawal Request has been Completed',
    'description' => 'Your Withdrawal request has been Completed.',
    'publishDate' => '2023-01-31 07:27:58',
    'user_id' => '49',
    'is_read' => 'N',
  ),
  13 => 
  array (
    'id' => '81',
    'title' => 'Withdrawal Request has been Completed',
    'description' => 'Your Withdrawal request has been Completed.',
    'publishDate' => '2023-01-31 07:27:48',
    'user_id' => '49',
    'is_read' => 'N',
  ),
  14 => 
  array (
    'id' => '80',
    'title' => 'Withdrawal Request has been Accepted',
    'description' => 'Your withdrawal request has been Accepted.',
    'publishDate' => '2023-01-31 07:27:19',
    'user_id' => '49',
    'is_read' => 'N',
  ),
  15 => 
  array (
    'id' => '79',
    'title' => 'Withdrawal Request has been Completed',
    'description' => 'Your Withdrawal request has been Completed.',
    'publishDate' => '2023-01-31 07:26:58',
    'user_id' => '49',
    'is_read' => 'Y',
  ),
  16 => 
  array (
    'id' => '78',
    'title' => 'Withdrawal Request has been Accepted',
    'description' => 'Your withdrawal request has been Accepted.',
    'publishDate' => '2023-01-31 07:26:42',
    'user_id' => '49',
    'is_read' => 'N',
  ),
  17 => 
  array (
    'id' => '77',
    'title' => 'Withdrawal Request has been Accepted',
    'description' => 'Your withdrawal request has been Accepted.',
    'publishDate' => '2023-01-31 07:26:19',
    'user_id' => '49',
    'is_read' => 'N',
  ),
  18 => 
  array (
    'id' => '76',
    'title' => 'Withdrawal Request has been Completed',
    'description' => 'Your Withdrawal request has been Completed.',
    'publishDate' => '2023-01-31 07:26:01',
    'user_id' => '49',
    'is_read' => 'N',
  ),
  19 => 
  array (
    'id' => '75',
    'title' => 'Withdrawal Request has been Accepted',
    'description' => 'Your withdrawal request has been Accepted.',
    'publishDate' => '2023-01-31 07:24:06',
    'user_id' => '49',
    'is_read' => 'N',
  ),
)
DEBUG - 2024-08-21 03:52:21 --> PLID: 49
DEBUG - 2024-08-21 03:52:21 --> PL1: 2190
DEBUG - 2024-08-21 03:52:22 --> PLID: 49
DEBUG - 2024-08-21 03:52:22 --> PL1: 2190
ERROR - 2024-08-21 03:52:22 --> 49
DEBUG - 2024-08-21 03:53:05 --> ***************** Login verification *****************
DEBUG - 2024-08-21 03:53:05 --> ***************** Login verification *****************
DEBUG - 2024-08-21 03:53:05 --> User IP: ::1
DEBUG - 2024-08-21 03:53:05 --> Email: 9o9ame@gmail.com Password: array (
  'id' => '49',
  'initialInvestment' => '200000',
  'firstName' => 'Scott',
  'lastName' => 'Barrie',
  'email' => '9o9ame@gmail.com',
  'password' => '$2y$10$36qR74ayA3cUDtLX.RFJ6eFNiuuSLy3le/hl8LrgigWH0NqgX7myW',
  'phone' => '4039782772',
  'profile_img' => '',
  'address1' => NULL,
  'address2' => NULL,
  'city' => NULL,
  'country' => NULL,
  'zip' => NULL,
  'userTypeId' => '2',
  'uniqueCode' => '1bda4f3ab4c377091fbfb5dbcef40b0c',
  'payoutDate' => '0000-00-00',
  'payout_per' => '50',
  'transactionType' => 'ROI',
  'notificationStatus' => 'unread',
  'otp' => '357369',
  'flagfor_accountant' => 'N',
  'returntype_id' => '2',
  'sessionid' => '0jfouppljtf6pe3n0dd83v71sd',
  'token' => 'a:2:{i:0;s:163:"csi3yqnoQaS7tbOHXcAEbs:APA91bElNXgY-RCOmcCX-PJfYJVNTN68xablAstaiQXDjaUwHfuTk4nZSY_x_xCy0PLpOK803PKF2BE6h_2c30uvDRILZe0QTdfeongFBI86fByaJAoyugFfl7b-moyJnKhpP32cm-eu";i:1;s:163:"fNa_IY1AELKkjGSxH9qxnY:APA91bF368VGM2gBbO3xSjNwpd5lRTgxThyh0spMKfvlJkkY_w-DN_V-ZVTEs2ic0NBZO1rI8CAA2Y21p5N7-i2M1V2kO4uEOzU52TARB1n0HY7RP-TrOF_Qdu4BUjE7plnLZWqwVQWA";}',
  'bearer_token' => NULL,
  'nextpayoutDate' => '0000-00-00',
  'tax_form_flag' => 'Yes',
  'bio' => NULL,
  'createdAt' => '2022-08-18 19:22:55',
  'updatedAt' => '2022-08-18 19:23:31',
  'isDeleted' => 'N',
)
DEBUG - 2024-08-21 03:53:05 --> User IP: ::1
DEBUG - 2024-08-21 03:53:05 --> Email: 9o9ame@gmail.com Password: array (
  'id' => '49',
  'initialInvestment' => '200000',
  'firstName' => 'Scott',
  'lastName' => 'Barrie',
  'email' => '9o9ame@gmail.com',
  'password' => '$2y$10$36qR74ayA3cUDtLX.RFJ6eFNiuuSLy3le/hl8LrgigWH0NqgX7myW',
  'phone' => '4039782772',
  'profile_img' => '',
  'address1' => NULL,
  'address2' => NULL,
  'city' => NULL,
  'country' => NULL,
  'zip' => NULL,
  'userTypeId' => '2',
  'uniqueCode' => '1bda4f3ab4c377091fbfb5dbcef40b0c',
  'payoutDate' => '0000-00-00',
  'payout_per' => '50',
  'transactionType' => 'ROI',
  'notificationStatus' => 'unread',
  'otp' => '357369',
  'flagfor_accountant' => 'N',
  'returntype_id' => '2',
  'sessionid' => '0jfouppljtf6pe3n0dd83v71sd',
  'token' => 'a:2:{i:0;s:163:"csi3yqnoQaS7tbOHXcAEbs:APA91bElNXgY-RCOmcCX-PJfYJVNTN68xablAstaiQXDjaUwHfuTk4nZSY_x_xCy0PLpOK803PKF2BE6h_2c30uvDRILZe0QTdfeongFBI86fByaJAoyugFfl7b-moyJnKhpP32cm-eu";i:1;s:163:"fNa_IY1AELKkjGSxH9qxnY:APA91bF368VGM2gBbO3xSjNwpd5lRTgxThyh0spMKfvlJkkY_w-DN_V-ZVTEs2ic0NBZO1rI8CAA2Y21p5N7-i2M1V2kO4uEOzU52TARB1n0HY7RP-TrOF_Qdu4BUjE7plnLZWqwVQWA";}',
  'bearer_token' => NULL,
  'nextpayoutDate' => '0000-00-00',
  'tax_form_flag' => 'Yes',
  'bio' => NULL,
  'createdAt' => '2022-08-18 19:22:55',
  'updatedAt' => '2022-08-18 19:23:31',
  'isDeleted' => 'N',
)
DEBUG - 2024-08-21 03:53:06 --> ***************** send otp *****************
DEBUG - 2024-08-21 03:53:06 --> ***************** Login verification *****************690219 9o9ame@gmail.com
DEBUG - 2024-08-21 03:53:06 --> ***************** Login12321321 verification *****************9o9ame@gmail.com   690219  Scott Barrie
CRITICAL - 2024-08-21 03:53:08 --> mail(): Failed to connect to mailserver at &quot;localhost&quot; port 25, verify your &quot;SMTP&quot; and &quot;smtp_port&quot; setting in php.ini or use ini_set()
#0 [internal function]: CodeIgniter\Debug\Exceptions->errorHandler(2, 'mail(): Failed ...', 'C:\\xampp\\htdocs...', 173)
#1 C:\xampp\htdocs\golong\app\Libraries\Emails.php(173): mail('9o9ame@gmail.co...', 'Go Long Clients...', 'Go Long Clients...', 'From:contact@go...')
#2 C:\xampp\htdocs\golong\app\Controllers\Home.php(176): App\Libraries\emails->sendOtp('9o9ame@gmail.co...', '690219', 'Scott Barrie')
#3 C:\xampp\htdocs\golong\system\CodeIgniter.php(939): App\Controllers\Home->sendOtp()
#4 C:\xampp\htdocs\golong\system\CodeIgniter.php(435): CodeIgniter\CodeIgniter->runController(Object(App\Controllers\Home))
#5 C:\xampp\htdocs\golong\system\CodeIgniter.php(336): CodeIgniter\CodeIgniter->handleRequest(NULL, Object(Config\Cache), false)
#6 C:\xampp\htdocs\golong\index.php(44): CodeIgniter\CodeIgniter->run()
#7 {main}
DEBUG - 2024-08-21 03:54:11 --> ***************** send otp *****************
DEBUG - 2024-08-21 03:54:11 --> ***************** Login verification *****************066864 9o9ame@gmail.com
DEBUG - 2024-08-21 03:54:11 --> ***************** Login12321321 verification *****************9o9ame@gmail.com   066864  Scott Barrie
DEBUG - 2024-08-21 03:54:13 --> ***************** send otp *****************
DEBUG - 2024-08-21 03:54:13 --> ***************** Login verification *****************988852 9o9ame@gmail.com
DEBUG - 2024-08-21 03:54:13 --> ***************** Login12321321 verification *****************9o9ame@gmail.com   988852  Scott Barrie
CRITICAL - 2024-08-21 03:54:13 --> mail(): Failed to connect to mailserver at &quot;localhost&quot; port 25, verify your &quot;SMTP&quot; and &quot;smtp_port&quot; setting in php.ini or use ini_set()
#0 [internal function]: CodeIgniter\Debug\Exceptions->errorHandler(2, 'mail(): Failed ...', 'C:\\xampp\\htdocs...', 173)
#1 C:\xampp\htdocs\golong\app\Libraries\Emails.php(173): mail('9o9ame@gmail.co...', 'Go Long Clients...', 'Go Long Clients...', 'From:contact@go...')
#2 C:\xampp\htdocs\golong\app\Controllers\Home.php(176): App\Libraries\emails->sendOtp('9o9ame@gmail.co...', '066864', 'Scott Barrie')
#3 C:\xampp\htdocs\golong\system\CodeIgniter.php(939): App\Controllers\Home->sendOtp()
#4 C:\xampp\htdocs\golong\system\CodeIgniter.php(435): CodeIgniter\CodeIgniter->runController(Object(App\Controllers\Home))
#5 C:\xampp\htdocs\golong\system\CodeIgniter.php(336): CodeIgniter\CodeIgniter->handleRequest(NULL, Object(Config\Cache), false)
#6 C:\xampp\htdocs\golong\index.php(44): CodeIgniter\CodeIgniter->run()
#7 {main}
CRITICAL - 2024-08-21 03:54:15 --> mail(): Failed to connect to mailserver at &quot;localhost&quot; port 25, verify your &quot;SMTP&quot; and &quot;smtp_port&quot; setting in php.ini or use ini_set()
#0 [internal function]: CodeIgniter\Debug\Exceptions->errorHandler(2, 'mail(): Failed ...', 'C:\\xampp\\htdocs...', 173)
#1 C:\xampp\htdocs\golong\app\Libraries\Emails.php(173): mail('9o9ame@gmail.co...', 'Go Long Clients...', 'Go Long Clients...', 'From:contact@go...')
#2 C:\xampp\htdocs\golong\app\Controllers\Home.php(176): App\Libraries\emails->sendOtp('9o9ame@gmail.co...', '988852', 'Scott Barrie')
#3 C:\xampp\htdocs\golong\system\CodeIgniter.php(939): App\Controllers\Home->sendOtp()
#4 C:\xampp\htdocs\golong\system\CodeIgniter.php(435): CodeIgniter\CodeIgniter->runController(Object(App\Controllers\Home))
#5 C:\xampp\htdocs\golong\system\CodeIgniter.php(336): CodeIgniter\CodeIgniter->handleRequest(NULL, Object(Config\Cache), false)
#6 C:\xampp\htdocs\golong\index.php(44): CodeIgniter\CodeIgniter->run()
#7 {main}
DEBUG - 2024-08-21 03:58:48 --> ***************** send otp *****************
DEBUG - 2024-08-21 03:58:48 --> ***************** Login verification *****************248497 9o9ame@gmail.com
DEBUG - 2024-08-21 03:58:48 --> ***************** Login12321321 verification *****************9o9ame@gmail.com   248497  Scott Barrie
CRITICAL - 2024-08-21 03:58:50 --> mail(): Failed to connect to mailserver at &quot;localhost&quot; port 25, verify your &quot;SMTP&quot; and &quot;smtp_port&quot; setting in php.ini or use ini_set()
#0 [internal function]: CodeIgniter\Debug\Exceptions->errorHandler(2, 'mail(): Failed ...', 'C:\\xampp\\htdocs...', 173)
#1 C:\xampp\htdocs\golong\app\Libraries\Emails.php(173): mail('9o9ame@gmail.co...', 'Go Long Clients...', 'Go Long Clients...', 'From:contact@go...')
#2 C:\xampp\htdocs\golong\app\Controllers\Home.php(176): App\Libraries\emails->sendOtp('9o9ame@gmail.co...', '248497', 'Scott Barrie')
#3 C:\xampp\htdocs\golong\system\CodeIgniter.php(939): App\Controllers\Home->sendOtp()
#4 C:\xampp\htdocs\golong\system\CodeIgniter.php(435): CodeIgniter\CodeIgniter->runController(Object(App\Controllers\Home))
#5 C:\xampp\htdocs\golong\system\CodeIgniter.php(336): CodeIgniter\CodeIgniter->handleRequest(NULL, Object(Config\Cache), false)
#6 C:\xampp\htdocs\golong\index.php(44): CodeIgniter\CodeIgniter->run()
#7 {main}
DEBUG - 2024-08-21 03:59:48 --> ***************** send otp *****************
DEBUG - 2024-08-21 03:59:48 --> ***************** Login verification *****************476443 9o9ame@gmail.com
DEBUG - 2024-08-21 03:59:48 --> ***************** Login12321321 verification *****************9o9ame@gmail.com   476443  Scott Barrie
DEBUG - 2024-08-21 03:59:49 --> ***************** send otp *****************
DEBUG - 2024-08-21 03:59:49 --> ***************** Login verification *****************954064 9o9ame@gmail.com
DEBUG - 2024-08-21 03:59:49 --> ***************** Login12321321 verification *****************9o9ame@gmail.com   954064  Scott Barrie
CRITICAL - 2024-08-21 03:59:50 --> mail(): Failed to connect to mailserver at &quot;localhost&quot; port 25, verify your &quot;SMTP&quot; and &quot;smtp_port&quot; setting in php.ini or use ini_set()
#0 [internal function]: CodeIgniter\Debug\Exceptions->errorHandler(2, 'mail(): Failed ...', 'C:\\xampp\\htdocs...', 173)
#1 C:\xampp\htdocs\golong\app\Libraries\Emails.php(173): mail('9o9ame@gmail.co...', 'Go Long Clients...', 'Go Long Clients...', 'From:contact@go...')
#2 C:\xampp\htdocs\golong\app\Controllers\Home.php(176): App\Libraries\emails->sendOtp('9o9ame@gmail.co...', '476443', 'Scott Barrie')
#3 C:\xampp\htdocs\golong\system\CodeIgniter.php(939): App\Controllers\Home->sendOtp()
#4 C:\xampp\htdocs\golong\system\CodeIgniter.php(435): CodeIgniter\CodeIgniter->runController(Object(App\Controllers\Home))
#5 C:\xampp\htdocs\golong\system\CodeIgniter.php(336): CodeIgniter\CodeIgniter->handleRequest(NULL, Object(Config\Cache), false)
#6 C:\xampp\htdocs\golong\index.php(44): CodeIgniter\CodeIgniter->run()
#7 {main}
CRITICAL - 2024-08-21 03:59:52 --> mail(): Failed to connect to mailserver at &quot;localhost&quot; port 25, verify your &quot;SMTP&quot; and &quot;smtp_port&quot; setting in php.ini or use ini_set()
#0 [internal function]: CodeIgniter\Debug\Exceptions->errorHandler(2, 'mail(): Failed ...', 'C:\\xampp\\htdocs...', 173)
#1 C:\xampp\htdocs\golong\app\Libraries\Emails.php(173): mail('9o9ame@gmail.co...', 'Go Long Clients...', 'Go Long Clients...', 'From:contact@go...')
#2 C:\xampp\htdocs\golong\app\Controllers\Home.php(176): App\Libraries\emails->sendOtp('9o9ame@gmail.co...', '954064', 'Scott Barrie')
#3 C:\xampp\htdocs\golong\system\CodeIgniter.php(939): App\Controllers\Home->sendOtp()
#4 C:\xampp\htdocs\golong\system\CodeIgniter.php(435): CodeIgniter\CodeIgniter->runController(Object(App\Controllers\Home))
#5 C:\xampp\htdocs\golong\system\CodeIgniter.php(336): CodeIgniter\CodeIgniter->handleRequest(NULL, Object(Config\Cache), false)
#6 C:\xampp\htdocs\golong\index.php(44): CodeIgniter\CodeIgniter->run()
#7 {main}
DEBUG - 2024-08-21 03:59:56 --> User enters wrong OTP: 248497
DEBUG - 2024-08-21 03:59:58 --> User enters wrong OTP: 248497
DEBUG - 2024-08-21 04:00:06 --> User enters wrong OTP: 248497
DEBUG - 2024-08-21 04:00:50 --> Notifications CHeck array (
  0 => 
  array (
    'id' => '155',
    'title' => 'allNotifications',
    'description' => 'allNotifications',
    'publishDate' => '2024-08-21 01:21:44',
    'user_id' => '49',
    'is_read' => 'N',
  ),
  1 => 
  array (
    'id' => '140',
    'title' => 'Withdrawal Request Accepted',
    'description' => 'Your withdrawal request has been Accepted.',
    'publishDate' => '2024-08-21 12:52:54',
    'user_id' => '49',
    'is_read' => 'N',
  ),
  2 => 
  array (
    'id' => '129',
    'title' => 'Withdrawal Request Accepted',
    'description' => 'Your withdrawal request has been Accepted.',
    'publishDate' => '2024-08-21 12:52:54',
    'user_id' => '49',
    'is_read' => 'N',
  ),
  3 => 
  array (
    'id' => '133',
    'title' => 'Withdrawal Request has been Completed',
    'description' => 'Your Withdrawal request has been Completed.',
    'publishDate' => '2023-02-24 08:15:40',
    'user_id' => '49',
    'is_read' => 'N',
  ),
  4 => 
  array (
    'id' => '132',
    'title' => 'Withdrawal Request has been Accepted',
    'description' => 'Your withdrawal request has been Accepted.',
    'publishDate' => '2023-02-24 08:15:31',
    'user_id' => '49',
    'is_read' => 'N',
  ),
  5 => 
  array (
    'id' => '131',
    'title' => 'Withdrawal Request has been Completed',
    'description' => 'Your Withdrawal request has been Completed.',
    'publishDate' => '2023-02-24 08:14:42',
    'user_id' => '49',
    'is_read' => 'N',
  ),
  6 => 
  array (
    'id' => '130',
    'title' => 'Withdrawal Request has been Accepted',
    'description' => 'Your withdrawal request has been Accepted.',
    'publishDate' => '2023-02-24 08:14:31',
    'user_id' => '49',
    'is_read' => 'N',
  ),
  7 => 
  array (
    'id' => '88',
    'title' => 'Deposit Request has been Accepted',
    'description' => 'Your deposit request has been Accepted.',
    'publishDate' => '2023-01-31 07:47:51',
    'user_id' => '49',
    'is_read' => 'N',
  ),
  8 => 
  array (
    'id' => '87',
    'title' => 'Deposit Request has been Completed',
    'description' => 'Your deposit request has been Completed.',
    'publishDate' => '2023-01-31 07:47:27',
    'user_id' => '49',
    'is_read' => 'N',
  ),
  9 => 
  array (
    'id' => '86',
    'title' => 'Deposit Request has been Rejected',
    'description' => 'Your deposit request has been Rejected.',
    'publishDate' => '2023-01-31 07:30:54',
    'user_id' => '49',
    'is_read' => 'N',
  ),
  10 => 
  array (
    'id' => '85',
    'title' => 'Deposit Request has been Completed',
    'description' => 'Your deposit request has been Completed.',
    'publishDate' => '2023-01-31 07:30:08',
    'user_id' => '49',
    'is_read' => 'N',
  ),
  11 => 
  array (
    'id' => '84',
    'title' => 'Deposit Request has been Accepted',
    'description' => 'Your deposit request has been Accepted.',
    'publishDate' => '2023-01-31 07:29:28',
    'user_id' => '49',
    'is_read' => 'N',
  ),
  12 => 
  array (
    'id' => '82',
    'title' => 'Withdrawal Request has been Completed',
    'description' => 'Your Withdrawal request has been Completed.',
    'publishDate' => '2023-01-31 07:27:58',
    'user_id' => '49',
    'is_read' => 'N',
  ),
  13 => 
  array (
    'id' => '81',
    'title' => 'Withdrawal Request has been Completed',
    'description' => 'Your Withdrawal request has been Completed.',
    'publishDate' => '2023-01-31 07:27:48',
    'user_id' => '49',
    'is_read' => 'N',
  ),
  14 => 
  array (
    'id' => '80',
    'title' => 'Withdrawal Request has been Accepted',
    'description' => 'Your withdrawal request has been Accepted.',
    'publishDate' => '2023-01-31 07:27:19',
    'user_id' => '49',
    'is_read' => 'N',
  ),
  15 => 
  array (
    'id' => '79',
    'title' => 'Withdrawal Request has been Completed',
    'description' => 'Your Withdrawal request has been Completed.',
    'publishDate' => '2023-01-31 07:26:58',
    'user_id' => '49',
    'is_read' => 'Y',
  ),
  16 => 
  array (
    'id' => '78',
    'title' => 'Withdrawal Request has been Accepted',
    'description' => 'Your withdrawal request has been Accepted.',
    'publishDate' => '2023-01-31 07:26:42',
    'user_id' => '49',
    'is_read' => 'N',
  ),
  17 => 
  array (
    'id' => '77',
    'title' => 'Withdrawal Request has been Accepted',
    'description' => 'Your withdrawal request has been Accepted.',
    'publishDate' => '2023-01-31 07:26:19',
    'user_id' => '49',
    'is_read' => 'N',
  ),
  18 => 
  array (
    'id' => '76',
    'title' => 'Withdrawal Request has been Completed',
    'description' => 'Your Withdrawal request has been Completed.',
    'publishDate' => '2023-01-31 07:26:01',
    'user_id' => '49',
    'is_read' => 'N',
  ),
  19 => 
  array (
    'id' => '75',
    'title' => 'Withdrawal Request has been Accepted',
    'description' => 'Your withdrawal request has been Accepted.',
    'publishDate' => '2023-01-31 07:24:06',
    'user_id' => '49',
    'is_read' => 'N',
  ),
)
DEBUG - 2024-08-21 04:00:50 --> PLID: 49
DEBUG - 2024-08-21 04:00:50 --> PL1: 2190
DEBUG - 2024-08-21 04:00:52 --> PLID: 49
DEBUG - 2024-08-21 04:00:52 --> PL1: 2190
ERROR - 2024-08-21 04:00:52 --> 49
DEBUG - 2024-08-21 04:18:26 --> ***************** Login verification *****************
DEBUG - 2024-08-21 04:18:26 --> ***************** Login verification *****************
DEBUG - 2024-08-21 04:18:26 --> User IP: ::1
DEBUG - 2024-08-21 04:18:26 --> User IP: ::1
DEBUG - 2024-08-21 04:18:26 --> Email: 9o9ame@gmail.com Password: array (
  'id' => '49',
  'initialInvestment' => '200000',
  'firstName' => 'Scott',
  'lastName' => 'Barrie',
  'email' => '9o9ame@gmail.com',
  'password' => '$2y$10$36qR74ayA3cUDtLX.RFJ6eFNiuuSLy3le/hl8LrgigWH0NqgX7myW',
  'phone' => '4039782772',
  'profile_img' => '',
  'address1' => NULL,
  'address2' => NULL,
  'city' => NULL,
  'country' => NULL,
  'zip' => NULL,
  'userTypeId' => '2',
  'uniqueCode' => '1bda4f3ab4c377091fbfb5dbcef40b0c',
  'payoutDate' => '0000-00-00',
  'payout_per' => '50',
  'transactionType' => 'ROI',
  'notificationStatus' => 'unread',
  'otp' => '954064',
  'flagfor_accountant' => 'N',
  'returntype_id' => '2',
  'sessionid' => '0jfouppljtf6pe3n0dd83v71sd',
  'token' => 'a:2:{i:0;s:163:"csi3yqnoQaS7tbOHXcAEbs:APA91bElNXgY-RCOmcCX-PJfYJVNTN68xablAstaiQXDjaUwHfuTk4nZSY_x_xCy0PLpOK803PKF2BE6h_2c30uvDRILZe0QTdfeongFBI86fByaJAoyugFfl7b-moyJnKhpP32cm-eu";i:1;s:163:"fNa_IY1AELKkjGSxH9qxnY:APA91bF368VGM2gBbO3xSjNwpd5lRTgxThyh0spMKfvlJkkY_w-DN_V-ZVTEs2ic0NBZO1rI8CAA2Y21p5N7-i2M1V2kO4uEOzU52TARB1n0HY7RP-TrOF_Qdu4BUjE7plnLZWqwVQWA";}',
  'bearer_token' => NULL,
  'nextpayoutDate' => '0000-00-00',
  'tax_form_flag' => 'Yes',
  'bio' => NULL,
  'createdAt' => '2022-08-18 19:22:55',
  'updatedAt' => '2022-08-18 19:23:31',
  'isDeleted' => 'N',
)
DEBUG - 2024-08-21 04:18:26 --> Email: 9o9ame@gmail.com Password: array (
  'id' => '49',
  'initialInvestment' => '200000',
  'firstName' => 'Scott',
  'lastName' => 'Barrie',
  'email' => '9o9ame@gmail.com',
  'password' => '$2y$10$36qR74ayA3cUDtLX.RFJ6eFNiuuSLy3le/hl8LrgigWH0NqgX7myW',
  'phone' => '4039782772',
  'profile_img' => '',
  'address1' => NULL,
  'address2' => NULL,
  'city' => NULL,
  'country' => NULL,
  'zip' => NULL,
  'userTypeId' => '2',
  'uniqueCode' => '1bda4f3ab4c377091fbfb5dbcef40b0c',
  'payoutDate' => '0000-00-00',
  'payout_per' => '50',
  'transactionType' => 'ROI',
  'notificationStatus' => 'unread',
  'otp' => '954064',
  'flagfor_accountant' => 'N',
  'returntype_id' => '2',
  'sessionid' => '0jfouppljtf6pe3n0dd83v71sd',
  'token' => 'a:2:{i:0;s:163:"csi3yqnoQaS7tbOHXcAEbs:APA91bElNXgY-RCOmcCX-PJfYJVNTN68xablAstaiQXDjaUwHfuTk4nZSY_x_xCy0PLpOK803PKF2BE6h_2c30uvDRILZe0QTdfeongFBI86fByaJAoyugFfl7b-moyJnKhpP32cm-eu";i:1;s:163:"fNa_IY1AELKkjGSxH9qxnY:APA91bF368VGM2gBbO3xSjNwpd5lRTgxThyh0spMKfvlJkkY_w-DN_V-ZVTEs2ic0NBZO1rI8CAA2Y21p5N7-i2M1V2kO4uEOzU52TARB1n0HY7RP-TrOF_Qdu4BUjE7plnLZWqwVQWA";}',
  'bearer_token' => NULL,
  'nextpayoutDate' => '0000-00-00',
  'tax_form_flag' => 'Yes',
  'bio' => NULL,
  'createdAt' => '2022-08-18 19:22:55',
  'updatedAt' => '2022-08-18 19:23:31',
  'isDeleted' => 'N',
)
DEBUG - 2024-08-21 04:18:27 --> ***************** send otp *****************
DEBUG - 2024-08-21 04:18:27 --> ***************** Login verification *****************126720 9o9ame@gmail.com
DEBUG - 2024-08-21 04:18:27 --> ***************** Login12321321 verification *****************9o9ame@gmail.com   126720  Scott Barrie
CRITICAL - 2024-08-21 04:18:29 --> mail(): Failed to connect to mailserver at &quot;localhost&quot; port 25, verify your &quot;SMTP&quot; and &quot;smtp_port&quot; setting in php.ini or use ini_set()
#0 [internal function]: CodeIgniter\Debug\Exceptions->errorHandler(2, 'mail(): Failed ...', 'C:\\xampp\\htdocs...', 173)
#1 C:\xampp\htdocs\golong\app\Libraries\Emails.php(173): mail('9o9ame@gmail.co...', 'Go Long Clients...', 'Go Long Clients...', 'From:contact@go...')
#2 C:\xampp\htdocs\golong\app\Controllers\Home.php(176): App\Libraries\emails->sendOtp('9o9ame@gmail.co...', '126720', 'Scott Barrie')
#3 C:\xampp\htdocs\golong\system\CodeIgniter.php(939): App\Controllers\Home->sendOtp()
#4 C:\xampp\htdocs\golong\system\CodeIgniter.php(435): CodeIgniter\CodeIgniter->runController(Object(App\Controllers\Home))
#5 C:\xampp\htdocs\golong\system\CodeIgniter.php(336): CodeIgniter\CodeIgniter->handleRequest(NULL, Object(Config\Cache), false)
#6 C:\xampp\htdocs\golong\index.php(44): CodeIgniter\CodeIgniter->run()
#7 {main}
DEBUG - 2024-08-21 04:18:50 --> Notifications CHeck array (
  0 => 
  array (
    'id' => '155',
    'title' => 'allNotifications',
    'description' => 'allNotifications',
    'publishDate' => '2024-08-21 01:21:44',
    'user_id' => '49',
    'is_read' => 'N',
  ),
  1 => 
  array (
    'id' => '140',
    'title' => 'Withdrawal Request Accepted',
    'description' => 'Your withdrawal request has been Accepted.',
    'publishDate' => '2024-08-21 12:52:54',
    'user_id' => '49',
    'is_read' => 'N',
  ),
  2 => 
  array (
    'id' => '129',
    'title' => 'Withdrawal Request Accepted',
    'description' => 'Your withdrawal request has been Accepted.',
    'publishDate' => '2024-08-21 12:52:54',
    'user_id' => '49',
    'is_read' => 'N',
  ),
  3 => 
  array (
    'id' => '133',
    'title' => 'Withdrawal Request has been Completed',
    'description' => 'Your Withdrawal request has been Completed.',
    'publishDate' => '2023-02-24 08:15:40',
    'user_id' => '49',
    'is_read' => 'N',
  ),
  4 => 
  array (
    'id' => '132',
    'title' => 'Withdrawal Request has been Accepted',
    'description' => 'Your withdrawal request has been Accepted.',
    'publishDate' => '2023-02-24 08:15:31',
    'user_id' => '49',
    'is_read' => 'N',
  ),
  5 => 
  array (
    'id' => '131',
    'title' => 'Withdrawal Request has been Completed',
    'description' => 'Your Withdrawal request has been Completed.',
    'publishDate' => '2023-02-24 08:14:42',
    'user_id' => '49',
    'is_read' => 'N',
  ),
  6 => 
  array (
    'id' => '130',
    'title' => 'Withdrawal Request has been Accepted',
    'description' => 'Your withdrawal request has been Accepted.',
    'publishDate' => '2023-02-24 08:14:31',
    'user_id' => '49',
    'is_read' => 'N',
  ),
  7 => 
  array (
    'id' => '88',
    'title' => 'Deposit Request has been Accepted',
    'description' => 'Your deposit request has been Accepted.',
    'publishDate' => '2023-01-31 07:47:51',
    'user_id' => '49',
    'is_read' => 'N',
  ),
  8 => 
  array (
    'id' => '87',
    'title' => 'Deposit Request has been Completed',
    'description' => 'Your deposit request has been Completed.',
    'publishDate' => '2023-01-31 07:47:27',
    'user_id' => '49',
    'is_read' => 'N',
  ),
  9 => 
  array (
    'id' => '86',
    'title' => 'Deposit Request has been Rejected',
    'description' => 'Your deposit request has been Rejected.',
    'publishDate' => '2023-01-31 07:30:54',
    'user_id' => '49',
    'is_read' => 'N',
  ),
  10 => 
  array (
    'id' => '85',
    'title' => 'Deposit Request has been Completed',
    'description' => 'Your deposit request has been Completed.',
    'publishDate' => '2023-01-31 07:30:08',
    'user_id' => '49',
    'is_read' => 'N',
  ),
  11 => 
  array (
    'id' => '84',
    'title' => 'Deposit Request has been Accepted',
    'description' => 'Your deposit request has been Accepted.',
    'publishDate' => '2023-01-31 07:29:28',
    'user_id' => '49',
    'is_read' => 'N',
  ),
  12 => 
  array (
    'id' => '82',
    'title' => 'Withdrawal Request has been Completed',
    'description' => 'Your Withdrawal request has been Completed.',
    'publishDate' => '2023-01-31 07:27:58',
    'user_id' => '49',
    'is_read' => 'N',
  ),
  13 => 
  array (
    'id' => '81',
    'title' => 'Withdrawal Request has been Completed',
    'description' => 'Your Withdrawal request has been Completed.',
    'publishDate' => '2023-01-31 07:27:48',
    'user_id' => '49',
    'is_read' => 'N',
  ),
  14 => 
  array (
    'id' => '80',
    'title' => 'Withdrawal Request has been Accepted',
    'description' => 'Your withdrawal request has been Accepted.',
    'publishDate' => '2023-01-31 07:27:19',
    'user_id' => '49',
    'is_read' => 'N',
  ),
  15 => 
  array (
    'id' => '79',
    'title' => 'Withdrawal Request has been Completed',
    'description' => 'Your Withdrawal request has been Completed.',
    'publishDate' => '2023-01-31 07:26:58',
    'user_id' => '49',
    'is_read' => 'Y',
  ),
  16 => 
  array (
    'id' => '78',
    'title' => 'Withdrawal Request has been Accepted',
    'description' => 'Your withdrawal request has been Accepted.',
    'publishDate' => '2023-01-31 07:26:42',
    'user_id' => '49',
    'is_read' => 'N',
  ),
  17 => 
  array (
    'id' => '77',
    'title' => 'Withdrawal Request has been Accepted',
    'description' => 'Your withdrawal request has been Accepted.',
    'publishDate' => '2023-01-31 07:26:19',
    'user_id' => '49',
    'is_read' => 'N',
  ),
  18 => 
  array (
    'id' => '76',
    'title' => 'Withdrawal Request has been Completed',
    'description' => 'Your Withdrawal request has been Completed.',
    'publishDate' => '2023-01-31 07:26:01',
    'user_id' => '49',
    'is_read' => 'N',
  ),
  19 => 
  array (
    'id' => '75',
    'title' => 'Withdrawal Request has been Accepted',
    'description' => 'Your withdrawal request has been Accepted.',
    'publishDate' => '2023-01-31 07:24:06',
    'user_id' => '49',
    'is_read' => 'N',
  ),
)
DEBUG - 2024-08-21 04:18:50 --> PLID: 49
DEBUG - 2024-08-21 04:18:50 --> PL1: 2190
ERROR - 2024-08-21 04:18:50 --> 49
DEBUG - 2024-08-21 04:18:51 --> PLID: 49
DEBUG - 2024-08-21 04:18:51 --> PL1: 2190
DEBUG - 2024-08-21 04:19:10 --> ***************** Chart BY Admin *****************array (
)
DEBUG - 2024-08-21 04:19:23 --> ***************** Chart BY Admin *****************array (
  'select_duration' => 'TM',
  'start_date' => '',
  'end_date' => '',
)
DEBUG - 2024-08-21 04:22:42 --> ***************** Chart BY Admin *****************array (
  'select_duration' => 'TM',
  'start_date' => '',
  'end_date' => '',
)
DEBUG - 2024-08-21 04:22:44 --> Notifications CHeck array (
  0 => 
  array (
    'id' => '155',
    'title' => 'allNotifications',
    'description' => 'allNotifications',
    'publishDate' => '2024-08-21 01:21:44',
    'user_id' => '49',
    'is_read' => 'N',
  ),
  1 => 
  array (
    'id' => '140',
    'title' => 'Withdrawal Request Accepted',
    'description' => 'Your withdrawal request has been Accepted.',
    'publishDate' => '2024-08-21 12:52:54',
    'user_id' => '49',
    'is_read' => 'N',
  ),
  2 => 
  array (
    'id' => '129',
    'title' => 'Withdrawal Request Accepted',
    'description' => 'Your withdrawal request has been Accepted.',
    'publishDate' => '2024-08-21 12:52:54',
    'user_id' => '49',
    'is_read' => 'N',
  ),
  3 => 
  array (
    'id' => '133',
    'title' => 'Withdrawal Request has been Completed',
    'description' => 'Your Withdrawal request has been Completed.',
    'publishDate' => '2023-02-24 08:15:40',
    'user_id' => '49',
    'is_read' => 'N',
  ),
  4 => 
  array (
    'id' => '132',
    'title' => 'Withdrawal Request has been Accepted',
    'description' => 'Your withdrawal request has been Accepted.',
    'publishDate' => '2023-02-24 08:15:31',
    'user_id' => '49',
    'is_read' => 'N',
  ),
  5 => 
  array (
    'id' => '131',
    'title' => 'Withdrawal Request has been Completed',
    'description' => 'Your Withdrawal request has been Completed.',
    'publishDate' => '2023-02-24 08:14:42',
    'user_id' => '49',
    'is_read' => 'N',
  ),
  6 => 
  array (
    'id' => '130',
    'title' => 'Withdrawal Request has been Accepted',
    'description' => 'Your withdrawal request has been Accepted.',
    'publishDate' => '2023-02-24 08:14:31',
    'user_id' => '49',
    'is_read' => 'N',
  ),
  7 => 
  array (
    'id' => '88',
    'title' => 'Deposit Request has been Accepted',
    'description' => 'Your deposit request has been Accepted.',
    'publishDate' => '2023-01-31 07:47:51',
    'user_id' => '49',
    'is_read' => 'N',
  ),
  8 => 
  array (
    'id' => '87',
    'title' => 'Deposit Request has been Completed',
    'description' => 'Your deposit request has been Completed.',
    'publishDate' => '2023-01-31 07:47:27',
    'user_id' => '49',
    'is_read' => 'N',
  ),
  9 => 
  array (
    'id' => '86',
    'title' => 'Deposit Request has been Rejected',
    'description' => 'Your deposit request has been Rejected.',
    'publishDate' => '2023-01-31 07:30:54',
    'user_id' => '49',
    'is_read' => 'N',
  ),
  10 => 
  array (
    'id' => '85',
    'title' => 'Deposit Request has been Completed',
    'description' => 'Your deposit request has been Completed.',
    'publishDate' => '2023-01-31 07:30:08',
    'user_id' => '49',
    'is_read' => 'N',
  ),
  11 => 
  array (
    'id' => '84',
    'title' => 'Deposit Request has been Accepted',
    'description' => 'Your deposit request has been Accepted.',
    'publishDate' => '2023-01-31 07:29:28',
    'user_id' => '49',
    'is_read' => 'N',
  ),
  12 => 
  array (
    'id' => '82',
    'title' => 'Withdrawal Request has been Completed',
    'description' => 'Your Withdrawal request has been Completed.',
    'publishDate' => '2023-01-31 07:27:58',
    'user_id' => '49',
    'is_read' => 'N',
  ),
  13 => 
  array (
    'id' => '81',
    'title' => 'Withdrawal Request has been Completed',
    'description' => 'Your Withdrawal request has been Completed.',
    'publishDate' => '2023-01-31 07:27:48',
    'user_id' => '49',
    'is_read' => 'N',
  ),
  14 => 
  array (
    'id' => '80',
    'title' => 'Withdrawal Request has been Accepted',
    'description' => 'Your withdrawal request has been Accepted.',
    'publishDate' => '2023-01-31 07:27:19',
    'user_id' => '49',
    'is_read' => 'N',
  ),
  15 => 
  array (
    'id' => '79',
    'title' => 'Withdrawal Request has been Completed',
    'description' => 'Your Withdrawal request has been Completed.',
    'publishDate' => '2023-01-31 07:26:58',
    'user_id' => '49',
    'is_read' => 'Y',
  ),
  16 => 
  array (
    'id' => '78',
    'title' => 'Withdrawal Request has been Accepted',
    'description' => 'Your withdrawal request has been Accepted.',
    'publishDate' => '2023-01-31 07:26:42',
    'user_id' => '49',
    'is_read' => 'N',
  ),
  17 => 
  array (
    'id' => '77',
    'title' => 'Withdrawal Request has been Accepted',
    'description' => 'Your withdrawal request has been Accepted.',
    'publishDate' => '2023-01-31 07:26:19',
    'user_id' => '49',
    'is_read' => 'N',
  ),
  18 => 
  array (
    'id' => '76',
    'title' => 'Withdrawal Request has been Completed',
    'description' => 'Your Withdrawal request has been Completed.',
    'publishDate' => '2023-01-31 07:26:01',
    'user_id' => '49',
    'is_read' => 'N',
  ),
  19 => 
  array (
    'id' => '75',
    'title' => 'Withdrawal Request has been Accepted',
    'description' => 'Your withdrawal request has been Accepted.',
    'publishDate' => '2023-01-31 07:24:06',
    'user_id' => '49',
    'is_read' => 'N',
  ),
)
DEBUG - 2024-08-21 04:22:44 --> PLID: 49
DEBUG - 2024-08-21 04:22:44 --> PL1: 2190
DEBUG - 2024-08-21 04:22:45 --> PLID: 49
DEBUG - 2024-08-21 04:22:45 --> PL1: 2190
ERROR - 2024-08-21 04:22:45 --> 49
DEBUG - 2024-08-21 04:22:58 --> Notifications CHeck array (
  0 => 
  array (
    'id' => '155',
    'title' => 'allNotifications',
    'description' => 'allNotifications',
    'publishDate' => '2024-08-21 01:21:44',
    'user_id' => '49',
    'is_read' => 'N',
  ),
  1 => 
  array (
    'id' => '140',
    'title' => 'Withdrawal Request Accepted',
    'description' => 'Your withdrawal request has been Accepted.',
    'publishDate' => '2024-08-21 12:52:54',
    'user_id' => '49',
    'is_read' => 'N',
  ),
  2 => 
  array (
    'id' => '129',
    'title' => 'Withdrawal Request Accepted',
    'description' => 'Your withdrawal request has been Accepted.',
    'publishDate' => '2024-08-21 12:52:54',
    'user_id' => '49',
    'is_read' => 'N',
  ),
  3 => 
  array (
    'id' => '133',
    'title' => 'Withdrawal Request has been Completed',
    'description' => 'Your Withdrawal request has been Completed.',
    'publishDate' => '2023-02-24 08:15:40',
    'user_id' => '49',
    'is_read' => 'N',
  ),
  4 => 
  array (
    'id' => '132',
    'title' => 'Withdrawal Request has been Accepted',
    'description' => 'Your withdrawal request has been Accepted.',
    'publishDate' => '2023-02-24 08:15:31',
    'user_id' => '49',
    'is_read' => 'N',
  ),
  5 => 
  array (
    'id' => '131',
    'title' => 'Withdrawal Request has been Completed',
    'description' => 'Your Withdrawal request has been Completed.',
    'publishDate' => '2023-02-24 08:14:42',
    'user_id' => '49',
    'is_read' => 'N',
  ),
  6 => 
  array (
    'id' => '130',
    'title' => 'Withdrawal Request has been Accepted',
    'description' => 'Your withdrawal request has been Accepted.',
    'publishDate' => '2023-02-24 08:14:31',
    'user_id' => '49',
    'is_read' => 'N',
  ),
  7 => 
  array (
    'id' => '88',
    'title' => 'Deposit Request has been Accepted',
    'description' => 'Your deposit request has been Accepted.',
    'publishDate' => '2023-01-31 07:47:51',
    'user_id' => '49',
    'is_read' => 'N',
  ),
  8 => 
  array (
    'id' => '87',
    'title' => 'Deposit Request has been Completed',
    'description' => 'Your deposit request has been Completed.',
    'publishDate' => '2023-01-31 07:47:27',
    'user_id' => '49',
    'is_read' => 'N',
  ),
  9 => 
  array (
    'id' => '86',
    'title' => 'Deposit Request has been Rejected',
    'description' => 'Your deposit request has been Rejected.',
    'publishDate' => '2023-01-31 07:30:54',
    'user_id' => '49',
    'is_read' => 'N',
  ),
  10 => 
  array (
    'id' => '85',
    'title' => 'Deposit Request has been Completed',
    'description' => 'Your deposit request has been Completed.',
    'publishDate' => '2023-01-31 07:30:08',
    'user_id' => '49',
    'is_read' => 'N',
  ),
  11 => 
  array (
    'id' => '84',
    'title' => 'Deposit Request has been Accepted',
    'description' => 'Your deposit request has been Accepted.',
    'publishDate' => '2023-01-31 07:29:28',
    'user_id' => '49',
    'is_read' => 'N',
  ),
  12 => 
  array (
    'id' => '82',
    'title' => 'Withdrawal Request has been Completed',
    'description' => 'Your Withdrawal request has been Completed.',
    'publishDate' => '2023-01-31 07:27:58',
    'user_id' => '49',
    'is_read' => 'N',
  ),
  13 => 
  array (
    'id' => '81',
    'title' => 'Withdrawal Request has been Completed',
    'description' => 'Your Withdrawal request has been Completed.',
    'publishDate' => '2023-01-31 07:27:48',
    'user_id' => '49',
    'is_read' => 'N',
  ),
  14 => 
  array (
    'id' => '80',
    'title' => 'Withdrawal Request has been Accepted',
    'description' => 'Your withdrawal request has been Accepted.',
    'publishDate' => '2023-01-31 07:27:19',
    'user_id' => '49',
    'is_read' => 'N',
  ),
  15 => 
  array (
    'id' => '79',
    'title' => 'Withdrawal Request has been Completed',
    'description' => 'Your Withdrawal request has been Completed.',
    'publishDate' => '2023-01-31 07:26:58',
    'user_id' => '49',
    'is_read' => 'Y',
  ),
  16 => 
  array (
    'id' => '78',
    'title' => 'Withdrawal Request has been Accepted',
    'description' => 'Your withdrawal request has been Accepted.',
    'publishDate' => '2023-01-31 07:26:42',
    'user_id' => '49',
    'is_read' => 'N',
  ),
  17 => 
  array (
    'id' => '77',
    'title' => 'Withdrawal Request has been Accepted',
    'description' => 'Your withdrawal request has been Accepted.',
    'publishDate' => '2023-01-31 07:26:19',
    'user_id' => '49',
    'is_read' => 'N',
  ),
  18 => 
  array (
    'id' => '76',
    'title' => 'Withdrawal Request has been Completed',
    'description' => 'Your Withdrawal request has been Completed.',
    'publishDate' => '2023-01-31 07:26:01',
    'user_id' => '49',
    'is_read' => 'N',
  ),
  19 => 
  array (
    'id' => '75',
    'title' => 'Withdrawal Request has been Accepted',
    'description' => 'Your withdrawal request has been Accepted.',
    'publishDate' => '2023-01-31 07:24:06',
    'user_id' => '49',
    'is_read' => 'N',
  ),
)
DEBUG - 2024-08-21 04:22:58 --> PLID: 49
DEBUG - 2024-08-21 04:22:58 --> PL1: 2190
ERROR - 2024-08-21 04:22:58 --> 49
DEBUG - 2024-08-21 04:22:58 --> PLID: 49
DEBUG - 2024-08-21 04:22:58 --> PL1: 2190
DEBUG - 2024-08-21 04:23:22 --> ***************** Login verification *****************
DEBUG - 2024-08-21 04:23:22 --> ***************** Login verification *****************
DEBUG - 2024-08-21 04:23:22 --> User IP: ::1
DEBUG - 2024-08-21 04:23:22 --> User IP: ::1
DEBUG - 2024-08-21 04:23:22 --> Email: rana.faizan@66loop.com Password: array (
  'id' => '3',
  'initialInvestment' => '1000',
  'firstName' => 'Test update',
  'lastName' => 'Admin',
  'email' => 'rana.faizan@66loop.com',
  'password' => '$2y$10$sbGynYRnwmbbA0CzXlHZROQEfLziaVPVGVBOlVAYNPcJnLZqL6MDi',
  'phone' => '+923174204952',
  'profile_img' => '/assets/images/users/user_id-3.jpg',
  'address1' => NULL,
  'address2' => NULL,
  'city' => NULL,
  'country' => NULL,
  'zip' => NULL,
  'userTypeId' => '1',
  'uniqueCode' => 'a74ec6fcae24ee06051f78b5c29ce71e',
  'payoutDate' => NULL,
  'payout_per' => '50',
  'transactionType' => NULL,
  'notificationStatus' => 'unread',
  'otp' => '613523',
  'flagfor_accountant' => 'N',
  'returntype_id' => '2',
  'sessionid' => '0jfouppljtf6pe3n0dd83v71sd',
  'token' => 'a:7:{i:0;s:163:"cCO3kgJJ9L94YuTiIHZ_0k:APA91bFtGlKUZelO2BgGtn-JFxqLEkt2XmZx3g4zMRH9V_bw34E1Ut1F5RP7X8gr8vAiOCchwFLQG-OuR3OtvkJNFCehkH6a6Wwn_0FSz8BpfY-bVKlgjEQ21OgKAasU4ilPNUd1ou-L";i:1;s:163:"doP0yZJw7afzf86exORbKO:APA91bEXGwfJN6D21naOwgQ_vVpe2JKnTyhBgPblEyf1FSTzR8491ktSb0AH3rnkWWx0lPoZsLI8icniQhzw5LUKTo3w6h0JeAzc-iznVoVmpywCvPi9mns8R22-j5HnhftlA_V4l2I9";i:2;s:163:"fNa_IY1AELKkjGSxH9qxnY:APA91bF368VGM2gBbO3xSjNwpd5lRTgxThyh0spMKfvlJkkY_w-DN_V-ZVTEs2ic0NBZO1rI8CAA2Y21p5N7-i2M1V2kO4uEOzU52TARB1n0HY7RP-TrOF_Qdu4BUjE7plnLZWqwVQWA";i:3;s:163:"csi3yqnoQaS7tbOHXcAEbs:APA91bElNXgY-RCOmcCX-PJfYJVNTN68xablAstaiQXDjaUwHfuTk4nZSY_x_xCy0PLpOK803PKF2BE6h_2c30uvDRILZe0QTdfeongFBI86fByaJAoyugFfl7b-moyJnKhpP32cm-eu";i:4;s:163:"fxOyCF-aQr8EBnWq0IX3_U:APA91bHWu5h5gf9nib93hUjnM4uw9O3EhARWaBWTu3Ln-JC2yh__K2XylOqICLqkIu9_T4_WpmUjyMzx7920SbRWKgvglkkjx_u8NkLmEX_R6f0ZKmFaL9ja-9fPUmzastKls9--ErXM";i:5;s:163:"cO1_AhM5l4hE-1pLKecaXj:APA91bFtFmsB__54irudmdslzl6dcPdL6TnP1yJmaCnGYnl1W-XPhu27Y0sER7b_VK4ctS0xThFv6UsZ1NGJFWOiFECf_QzclVR1E8liHUjsuvsjOHCss1nNLqxy342eCt7vDEC4Wm-v";i:6;s:163:"cOVZaX31tlWLrTdCv3Sk5r:APA91bFDc3cK5rKiKSdM6hIuqnX6ergLAkM2YW8_wzqIIEfd7APE6h2vixG3Qi4udPg3kCp2pxaMAHUQ4OtfuSIEWepgged9KQe003Cq6kp1UVVC_BiuBln7Ho9boMuTAwfu1iZRhYOx";}',
  'bearer_token' => NULL,
  'nextpayoutDate' => '0000-00-00',
  'tax_form_flag' => 'Yes',
  'bio' => 'Web developer in 66loop',
  'createdAt' => '2021-10-22 15:04:16',
  'updatedAt' => '2021-10-22 15:04:16',
  'isDeleted' => 'N',
)
DEBUG - 2024-08-21 04:23:22 --> Email: rana.faizan@66loop.com Password: array (
  'id' => '3',
  'initialInvestment' => '1000',
  'firstName' => 'Test update',
  'lastName' => 'Admin',
  'email' => 'rana.faizan@66loop.com',
  'password' => '$2y$10$sbGynYRnwmbbA0CzXlHZROQEfLziaVPVGVBOlVAYNPcJnLZqL6MDi',
  'phone' => '+923174204952',
  'profile_img' => '/assets/images/users/user_id-3.jpg',
  'address1' => NULL,
  'address2' => NULL,
  'city' => NULL,
  'country' => NULL,
  'zip' => NULL,
  'userTypeId' => '1',
  'uniqueCode' => 'a74ec6fcae24ee06051f78b5c29ce71e',
  'payoutDate' => NULL,
  'payout_per' => '50',
  'transactionType' => NULL,
  'notificationStatus' => 'unread',
  'otp' => '613523',
  'flagfor_accountant' => 'N',
  'returntype_id' => '2',
  'sessionid' => '0jfouppljtf6pe3n0dd83v71sd',
  'token' => 'a:7:{i:0;s:163:"cCO3kgJJ9L94YuTiIHZ_0k:APA91bFtGlKUZelO2BgGtn-JFxqLEkt2XmZx3g4zMRH9V_bw34E1Ut1F5RP7X8gr8vAiOCchwFLQG-OuR3OtvkJNFCehkH6a6Wwn_0FSz8BpfY-bVKlgjEQ21OgKAasU4ilPNUd1ou-L";i:1;s:163:"doP0yZJw7afzf86exORbKO:APA91bEXGwfJN6D21naOwgQ_vVpe2JKnTyhBgPblEyf1FSTzR8491ktSb0AH3rnkWWx0lPoZsLI8icniQhzw5LUKTo3w6h0JeAzc-iznVoVmpywCvPi9mns8R22-j5HnhftlA_V4l2I9";i:2;s:163:"fNa_IY1AELKkjGSxH9qxnY:APA91bF368VGM2gBbO3xSjNwpd5lRTgxThyh0spMKfvlJkkY_w-DN_V-ZVTEs2ic0NBZO1rI8CAA2Y21p5N7-i2M1V2kO4uEOzU52TARB1n0HY7RP-TrOF_Qdu4BUjE7plnLZWqwVQWA";i:3;s:163:"csi3yqnoQaS7tbOHXcAEbs:APA91bElNXgY-RCOmcCX-PJfYJVNTN68xablAstaiQXDjaUwHfuTk4nZSY_x_xCy0PLpOK803PKF2BE6h_2c30uvDRILZe0QTdfeongFBI86fByaJAoyugFfl7b-moyJnKhpP32cm-eu";i:4;s:163:"fxOyCF-aQr8EBnWq0IX3_U:APA91bHWu5h5gf9nib93hUjnM4uw9O3EhARWaBWTu3Ln-JC2yh__K2XylOqICLqkIu9_T4_WpmUjyMzx7920SbRWKgvglkkjx_u8NkLmEX_R6f0ZKmFaL9ja-9fPUmzastKls9--ErXM";i:5;s:163:"cO1_AhM5l4hE-1pLKecaXj:APA91bFtFmsB__54irudmdslzl6dcPdL6TnP1yJmaCnGYnl1W-XPhu27Y0sER7b_VK4ctS0xThFv6UsZ1NGJFWOiFECf_QzclVR1E8liHUjsuvsjOHCss1nNLqxy342eCt7vDEC4Wm-v";i:6;s:163:"cOVZaX31tlWLrTdCv3Sk5r:APA91bFDc3cK5rKiKSdM6hIuqnX6ergLAkM2YW8_wzqIIEfd7APE6h2vixG3Qi4udPg3kCp2pxaMAHUQ4OtfuSIEWepgged9KQe003Cq6kp1UVVC_BiuBln7Ho9boMuTAwfu1iZRhYOx";}',
  'bearer_token' => NULL,
  'nextpayoutDate' => '0000-00-00',
  'tax_form_flag' => 'Yes',
  'bio' => 'Web developer in 66loop',
  'createdAt' => '2021-10-22 15:04:16',
  'updatedAt' => '2021-10-22 15:04:16',
  'isDeleted' => 'N',
)
DEBUG - 2024-08-21 04:23:23 --> ***************** send otp *****************
DEBUG - 2024-08-21 04:23:23 --> ***************** Login verification *****************254219 rana.faizan@66loop.com
DEBUG - 2024-08-21 04:23:23 --> ***************** Login12321321 verification *****************rana.faizan@66loop.com   254219  Test update Admin
CRITICAL - 2024-08-21 04:23:25 --> mail(): Failed to connect to mailserver at &quot;localhost&quot; port 25, verify your &quot;SMTP&quot; and &quot;smtp_port&quot; setting in php.ini or use ini_set()
#0 [internal function]: CodeIgniter\Debug\Exceptions->errorHandler(2, 'mail(): Failed ...', 'C:\\xampp\\htdocs...', 173)
#1 C:\xampp\htdocs\golong\app\Libraries\Emails.php(173): mail('rana.faizan@66l...', 'Go Long Clients...', 'Go Long Clients...', 'From:contact@go...')
#2 C:\xampp\htdocs\golong\app\Controllers\Home.php(176): App\Libraries\emails->sendOtp('rana.faizan@66l...', '254219', 'Test update Adm...')
#3 C:\xampp\htdocs\golong\system\CodeIgniter.php(939): App\Controllers\Home->sendOtp()
#4 C:\xampp\htdocs\golong\system\CodeIgniter.php(435): CodeIgniter\CodeIgniter->runController(Object(App\Controllers\Home))
#5 C:\xampp\htdocs\golong\system\CodeIgniter.php(336): CodeIgniter\CodeIgniter->handleRequest(NULL, Object(Config\Cache), false)
#6 C:\xampp\htdocs\golong\index.php(44): CodeIgniter\CodeIgniter->run()
#7 {main}
DEBUG - 2024-08-21 04:23:45 --> **************** Admin Session_ID ****************array (
)
DEBUG - 2024-08-21 04:24:00 --> **************** Admin Session_ID ****************array (
)
DEBUG - 2024-08-21 04:24:04 --> **************** Admin Session_ID ****************array (
)
DEBUG - 2024-08-21 04:24:11 --> ***************** Chart BY Admin *****************array (
)
DEBUG - 2024-08-21 04:26:51 --> ***************** Chart BY Admin *****************array (
)
DEBUG - 2024-08-21 04:27:00 --> ***************** Chart BY Admin *****************array (
  'select_duration' => 'TM',
  'start_date' => '',
  'end_date' => '',
)
DEBUG - 2024-08-21 06:37:30 --> ***************** Alert push Notification *****************
DEBUG - 2024-08-21 06:37:30 --> ***************** push Notification *****************array (
  0 => 'cCO3kgJJ9L94YuTiIHZ_0k:APA91bFtGlKUZelO2BgGtn-JFxqLEkt2XmZx3g4zMRH9V_bw34E1Ut1F5RP7X8gr8vAiOCchwFLQG-OuR3OtvkJNFCehkH6a6Wwn_0FSz8BpfY-bVKlgjEQ21OgKAasU4ilPNUd1ou-L',
  1 => 'doP0yZJw7afzf86exORbKO:APA91bEXGwfJN6D21naOwgQ_vVpe2JKnTyhBgPblEyf1FSTzR8491ktSb0AH3rnkWWx0lPoZsLI8icniQhzw5LUKTo3w6h0JeAzc-iznVoVmpywCvPi9mns8R22-j5HnhftlA_V4l2I9',
  2 => 'fNa_IY1AELKkjGSxH9qxnY:APA91bF368VGM2gBbO3xSjNwpd5lRTgxThyh0spMKfvlJkkY_w-DN_V-ZVTEs2ic0NBZO1rI8CAA2Y21p5N7-i2M1V2kO4uEOzU52TARB1n0HY7RP-TrOF_Qdu4BUjE7plnLZWqwVQWA',
  3 => 'csi3yqnoQaS7tbOHXcAEbs:APA91bElNXgY-RCOmcCX-PJfYJVNTN68xablAstaiQXDjaUwHfuTk4nZSY_x_xCy0PLpOK803PKF2BE6h_2c30uvDRILZe0QTdfeongFBI86fByaJAoyugFfl7b-moyJnKhpP32cm-eu',
  4 => 'fxOyCF-aQr8EBnWq0IX3_U:APA91bHWu5h5gf9nib93hUjnM4uw9O3EhARWaBWTu3Ln-JC2yh__K2XylOqICLqkIu9_T4_WpmUjyMzx7920SbRWKgvglkkjx_u8NkLmEX_R6f0ZKmFaL9ja-9fPUmzastKls9--ErXM',
  5 => 'cO1_AhM5l4hE-1pLKecaXj:APA91bFtFmsB__54irudmdslzl6dcPdL6TnP1yJmaCnGYnl1W-XPhu27Y0sER7b_VK4ctS0xThFv6UsZ1NGJFWOiFECf_QzclVR1E8liHUjsuvsjOHCss1nNLqxy342eCt7vDEC4Wm-v',
  6 => 'cOVZaX31tlWLrTdCv3Sk5r:APA91bFDc3cK5rKiKSdM6hIuqnX6ergLAkM2YW8_wzqIIEfd7APE6h2vixG3Qi4udPg3kCp2pxaMAHUQ4OtfuSIEWepgged9KQe003Cq6kp1UVVC_BiuBln7Ho9boMuTAwfu1iZRhYOx',
)
DEBUG - 2024-08-21 06:37:31 --> ***************** push Notification *****************{"multicast_id":1446354038928085412,"success":3,"failure":4,"canonical_ids":0,"results":[{"message_id":"8a68ee43-0442-4546-8e94-e4d799cf8e52"},{"error":"NotRegistered"},{"error":"NotRegistered"},{"error":"NotRegistered"},{"error":"NotRegistered"},{"message_id":"f1f29ac5-decc-4117-8ab0-8d35a1353738"},{"message_id":"fc5509c2-ef7d-4401-91f4-fe179d279263"}]}
CRITICAL - 2024-08-21 06:37:33 --> mail(): Failed to connect to mailserver at &quot;localhost&quot; port 25, verify your &quot;SMTP&quot; and &quot;smtp_port&quot; setting in php.ini or use ini_set()
#0 [internal function]: CodeIgniter\Debug\Exceptions->errorHandler(2, 'mail(): Failed ...', 'C:\\xampp\\htdocs...', 998)
#1 C:\xampp\htdocs\golong\app\Libraries\Emails.php(998): mail('arch@glfxacadem...', 'New Withdrawal ...', '<!doctype html>...', 'From:Go Long co...')
#2 C:\xampp\htdocs\golong\app\Controllers\User.php(808): App\Libraries\emails->sendWithdrawa('Scott Barrie', 'USD', '0', 'ACH Request', Array, '')
#3 C:\xampp\htdocs\golong\system\CodeIgniter.php(939): App\Controllers\User->submit_withdrawal()
#4 C:\xampp\htdocs\golong\system\CodeIgniter.php(435): CodeIgniter\CodeIgniter->runController(Object(App\Controllers\User))
#5 C:\xampp\htdocs\golong\system\CodeIgniter.php(336): CodeIgniter\CodeIgniter->handleRequest(NULL, Object(Config\Cache), false)
#6 C:\xampp\htdocs\golong\index.php(44): CodeIgniter\CodeIgniter->run()
#7 {main}
DEBUG - 2024-08-21 22:40:47 --> Notifications CHeck array (
  0 => 
  array (
    'id' => '155',
    'title' => 'allNotifications',
    'description' => 'allNotifications',
    'publishDate' => '2024-08-21 01:21:44',
    'user_id' => '49',
    'is_read' => 'N',
  ),
  1 => 
  array (
    'id' => '140',
    'title' => 'Withdrawal Request Accepted',
    'description' => 'Your withdrawal request has been Accepted.',
    'publishDate' => '2024-08-21 12:52:54',
    'user_id' => '49',
    'is_read' => 'N',
  ),
  2 => 
  array (
    'id' => '129',
    'title' => 'Withdrawal Request Accepted',
    'description' => 'Your withdrawal request has been Accepted.',
    'publishDate' => '2024-08-21 12:52:54',
    'user_id' => '49',
    'is_read' => 'N',
  ),
  3 => 
  array (
    'id' => '133',
    'title' => 'Withdrawal Request has been Completed',
    'description' => 'Your Withdrawal request has been Completed.',
    'publishDate' => '2023-02-24 08:15:40',
    'user_id' => '49',
    'is_read' => 'N',
  ),
  4 => 
  array (
    'id' => '132',
    'title' => 'Withdrawal Request has been Accepted',
    'description' => 'Your withdrawal request has been Accepted.',
    'publishDate' => '2023-02-24 08:15:31',
    'user_id' => '49',
    'is_read' => 'N',
  ),
  5 => 
  array (
    'id' => '131',
    'title' => 'Withdrawal Request has been Completed',
    'description' => 'Your Withdrawal request has been Completed.',
    'publishDate' => '2023-02-24 08:14:42',
    'user_id' => '49',
    'is_read' => 'N',
  ),
  6 => 
  array (
    'id' => '130',
    'title' => 'Withdrawal Request has been Accepted',
    'description' => 'Your withdrawal request has been Accepted.',
    'publishDate' => '2023-02-24 08:14:31',
    'user_id' => '49',
    'is_read' => 'N',
  ),
  7 => 
  array (
    'id' => '88',
    'title' => 'Deposit Request has been Accepted',
    'description' => 'Your deposit request has been Accepted.',
    'publishDate' => '2023-01-31 07:47:51',
    'user_id' => '49',
    'is_read' => 'N',
  ),
  8 => 
  array (
    'id' => '87',
    'title' => 'Deposit Request has been Completed',
    'description' => 'Your deposit request has been Completed.',
    'publishDate' => '2023-01-31 07:47:27',
    'user_id' => '49',
    'is_read' => 'N',
  ),
  9 => 
  array (
    'id' => '86',
    'title' => 'Deposit Request has been Rejected',
    'description' => 'Your deposit request has been Rejected.',
    'publishDate' => '2023-01-31 07:30:54',
    'user_id' => '49',
    'is_read' => 'N',
  ),
  10 => 
  array (
    'id' => '85',
    'title' => 'Deposit Request has been Completed',
    'description' => 'Your deposit request has been Completed.',
    'publishDate' => '2023-01-31 07:30:08',
    'user_id' => '49',
    'is_read' => 'N',
  ),
  11 => 
  array (
    'id' => '84',
    'title' => 'Deposit Request has been Accepted',
    'description' => 'Your deposit request has been Accepted.',
    'publishDate' => '2023-01-31 07:29:28',
    'user_id' => '49',
    'is_read' => 'N',
  ),
  12 => 
  array (
    'id' => '82',
    'title' => 'Withdrawal Request has been Completed',
    'description' => 'Your Withdrawal request has been Completed.',
    'publishDate' => '2023-01-31 07:27:58',
    'user_id' => '49',
    'is_read' => 'N',
  ),
  13 => 
  array (
    'id' => '81',
    'title' => 'Withdrawal Request has been Completed',
    'description' => 'Your Withdrawal request has been Completed.',
    'publishDate' => '2023-01-31 07:27:48',
    'user_id' => '49',
    'is_read' => 'N',
  ),
  14 => 
  array (
    'id' => '80',
    'title' => 'Withdrawal Request has been Accepted',
    'description' => 'Your withdrawal request has been Accepted.',
    'publishDate' => '2023-01-31 07:27:19',
    'user_id' => '49',
    'is_read' => 'N',
  ),
  15 => 
  array (
    'id' => '79',
    'title' => 'Withdrawal Request has been Completed',
    'description' => 'Your Withdrawal request has been Completed.',
    'publishDate' => '2023-01-31 07:26:58',
    'user_id' => '49',
    'is_read' => 'Y',
  ),
  16 => 
  array (
    'id' => '78',
    'title' => 'Withdrawal Request has been Accepted',
    'description' => 'Your withdrawal request has been Accepted.',
    'publishDate' => '2023-01-31 07:26:42',
    'user_id' => '49',
    'is_read' => 'N',
  ),
  17 => 
  array (
    'id' => '77',
    'title' => 'Withdrawal Request has been Accepted',
    'description' => 'Your withdrawal request has been Accepted.',
    'publishDate' => '2023-01-31 07:26:19',
    'user_id' => '49',
    'is_read' => 'N',
  ),
  18 => 
  array (
    'id' => '76',
    'title' => 'Withdrawal Request has been Completed',
    'description' => 'Your Withdrawal request has been Completed.',
    'publishDate' => '2023-01-31 07:26:01',
    'user_id' => '49',
    'is_read' => 'N',
  ),
  19 => 
  array (
    'id' => '75',
    'title' => 'Withdrawal Request has been Accepted',
    'description' => 'Your withdrawal request has been Accepted.',
    'publishDate' => '2023-01-31 07:24:06',
    'user_id' => '49',
    'is_read' => 'N',
  ),
)
DEBUG - 2024-08-21 22:40:47 --> PLID: 49
DEBUG - 2024-08-21 22:40:47 --> PL1: 2190
DEBUG - 2024-08-21 22:40:47 --> PLID: 49
DEBUG - 2024-08-21 22:40:47 --> PL1: 2190
ERROR - 2024-08-21 22:40:47 --> 49
DEBUG - 2024-08-21 22:44:34 --> ***************** Login verification *****************
DEBUG - 2024-08-21 22:44:34 --> ***************** Login verification *****************
DEBUG - 2024-08-21 22:44:34 --> User IP: ::1
DEBUG - 2024-08-21 22:44:34 --> User IP: ::1
DEBUG - 2024-08-21 22:44:34 --> Email: rana.faizan@66loop.com Password: array (
  'id' => '3',
  'initialInvestment' => '1000',
  'firstName' => 'Test update',
  'lastName' => 'Admin',
  'email' => 'rana.faizan@66loop.com',
  'password' => '$2y$10$sbGynYRnwmbbA0CzXlHZROQEfLziaVPVGVBOlVAYNPcJnLZqL6MDi',
  'phone' => '+923174204952',
  'profile_img' => '/assets/images/users/user_id-3.jpg',
  'address1' => NULL,
  'address2' => NULL,
  'city' => NULL,
  'country' => NULL,
  'zip' => NULL,
  'userTypeId' => '1',
  'uniqueCode' => 'a74ec6fcae24ee06051f78b5c29ce71e',
  'payoutDate' => NULL,
  'payout_per' => '50',
  'transactionType' => NULL,
  'notificationStatus' => 'unread',
  'otp' => '254219',
  'flagfor_accountant' => 'N',
  'returntype_id' => '2',
  'sessionid' => '913pmsld6j4mj5lnblo2f9q51c',
  'token' => 'a:7:{i:0;s:163:"cCO3kgJJ9L94YuTiIHZ_0k:APA91bFtGlKUZelO2BgGtn-JFxqLEkt2XmZx3g4zMRH9V_bw34E1Ut1F5RP7X8gr8vAiOCchwFLQG-OuR3OtvkJNFCehkH6a6Wwn_0FSz8BpfY-bVKlgjEQ21OgKAasU4ilPNUd1ou-L";i:1;s:163:"doP0yZJw7afzf86exORbKO:APA91bEXGwfJN6D21naOwgQ_vVpe2JKnTyhBgPblEyf1FSTzR8491ktSb0AH3rnkWWx0lPoZsLI8icniQhzw5LUKTo3w6h0JeAzc-iznVoVmpywCvPi9mns8R22-j5HnhftlA_V4l2I9";i:2;s:163:"fNa_IY1AELKkjGSxH9qxnY:APA91bF368VGM2gBbO3xSjNwpd5lRTgxThyh0spMKfvlJkkY_w-DN_V-ZVTEs2ic0NBZO1rI8CAA2Y21p5N7-i2M1V2kO4uEOzU52TARB1n0HY7RP-TrOF_Qdu4BUjE7plnLZWqwVQWA";i:3;s:163:"csi3yqnoQaS7tbOHXcAEbs:APA91bElNXgY-RCOmcCX-PJfYJVNTN68xablAstaiQXDjaUwHfuTk4nZSY_x_xCy0PLpOK803PKF2BE6h_2c30uvDRILZe0QTdfeongFBI86fByaJAoyugFfl7b-moyJnKhpP32cm-eu";i:4;s:163:"fxOyCF-aQr8EBnWq0IX3_U:APA91bHWu5h5gf9nib93hUjnM4uw9O3EhARWaBWTu3Ln-JC2yh__K2XylOqICLqkIu9_T4_WpmUjyMzx7920SbRWKgvglkkjx_u8NkLmEX_R6f0ZKmFaL9ja-9fPUmzastKls9--ErXM";i:5;s:163:"cO1_AhM5l4hE-1pLKecaXj:APA91bFtFmsB__54irudmdslzl6dcPdL6TnP1yJmaCnGYnl1W-XPhu27Y0sER7b_VK4ctS0xThFv6UsZ1NGJFWOiFECf_QzclVR1E8liHUjsuvsjOHCss1nNLqxy342eCt7vDEC4Wm-v";i:6;s:163:"cOVZaX31tlWLrTdCv3Sk5r:APA91bFDc3cK5rKiKSdM6hIuqnX6ergLAkM2YW8_wzqIIEfd7APE6h2vixG3Qi4udPg3kCp2pxaMAHUQ4OtfuSIEWepgged9KQe003Cq6kp1UVVC_BiuBln7Ho9boMuTAwfu1iZRhYOx";}',
  'bearer_token' => NULL,
  'nextpayoutDate' => '0000-00-00',
  'tax_form_flag' => 'Yes',
  'bio' => 'Web developer in 66loop',
  'createdAt' => '2021-10-22 15:04:16',
  'updatedAt' => '2021-10-22 15:04:16',
  'isDeleted' => 'N',
)
DEBUG - 2024-08-21 22:44:34 --> Email: rana.faizan@66loop.com Password: array (
  'id' => '3',
  'initialInvestment' => '1000',
  'firstName' => 'Test update',
  'lastName' => 'Admin',
  'email' => 'rana.faizan@66loop.com',
  'password' => '$2y$10$sbGynYRnwmbbA0CzXlHZROQEfLziaVPVGVBOlVAYNPcJnLZqL6MDi',
  'phone' => '+923174204952',
  'profile_img' => '/assets/images/users/user_id-3.jpg',
  'address1' => NULL,
  'address2' => NULL,
  'city' => NULL,
  'country' => NULL,
  'zip' => NULL,
  'userTypeId' => '1',
  'uniqueCode' => 'a74ec6fcae24ee06051f78b5c29ce71e',
  'payoutDate' => NULL,
  'payout_per' => '50',
  'transactionType' => NULL,
  'notificationStatus' => 'unread',
  'otp' => '254219',
  'flagfor_accountant' => 'N',
  'returntype_id' => '2',
  'sessionid' => '913pmsld6j4mj5lnblo2f9q51c',
  'token' => 'a:7:{i:0;s:163:"cCO3kgJJ9L94YuTiIHZ_0k:APA91bFtGlKUZelO2BgGtn-JFxqLEkt2XmZx3g4zMRH9V_bw34E1Ut1F5RP7X8gr8vAiOCchwFLQG-OuR3OtvkJNFCehkH6a6Wwn_0FSz8BpfY-bVKlgjEQ21OgKAasU4ilPNUd1ou-L";i:1;s:163:"doP0yZJw7afzf86exORbKO:APA91bEXGwfJN6D21naOwgQ_vVpe2JKnTyhBgPblEyf1FSTzR8491ktSb0AH3rnkWWx0lPoZsLI8icniQhzw5LUKTo3w6h0JeAzc-iznVoVmpywCvPi9mns8R22-j5HnhftlA_V4l2I9";i:2;s:163:"fNa_IY1AELKkjGSxH9qxnY:APA91bF368VGM2gBbO3xSjNwpd5lRTgxThyh0spMKfvlJkkY_w-DN_V-ZVTEs2ic0NBZO1rI8CAA2Y21p5N7-i2M1V2kO4uEOzU52TARB1n0HY7RP-TrOF_Qdu4BUjE7plnLZWqwVQWA";i:3;s:163:"csi3yqnoQaS7tbOHXcAEbs:APA91bElNXgY-RCOmcCX-PJfYJVNTN68xablAstaiQXDjaUwHfuTk4nZSY_x_xCy0PLpOK803PKF2BE6h_2c30uvDRILZe0QTdfeongFBI86fByaJAoyugFfl7b-moyJnKhpP32cm-eu";i:4;s:163:"fxOyCF-aQr8EBnWq0IX3_U:APA91bHWu5h5gf9nib93hUjnM4uw9O3EhARWaBWTu3Ln-JC2yh__K2XylOqICLqkIu9_T4_WpmUjyMzx7920SbRWKgvglkkjx_u8NkLmEX_R6f0ZKmFaL9ja-9fPUmzastKls9--ErXM";i:5;s:163:"cO1_AhM5l4hE-1pLKecaXj:APA91bFtFmsB__54irudmdslzl6dcPdL6TnP1yJmaCnGYnl1W-XPhu27Y0sER7b_VK4ctS0xThFv6UsZ1NGJFWOiFECf_QzclVR1E8liHUjsuvsjOHCss1nNLqxy342eCt7vDEC4Wm-v";i:6;s:163:"cOVZaX31tlWLrTdCv3Sk5r:APA91bFDc3cK5rKiKSdM6hIuqnX6ergLAkM2YW8_wzqIIEfd7APE6h2vixG3Qi4udPg3kCp2pxaMAHUQ4OtfuSIEWepgged9KQe003Cq6kp1UVVC_BiuBln7Ho9boMuTAwfu1iZRhYOx";}',
  'bearer_token' => NULL,
  'nextpayoutDate' => '0000-00-00',
  'tax_form_flag' => 'Yes',
  'bio' => 'Web developer in 66loop',
  'createdAt' => '2021-10-22 15:04:16',
  'updatedAt' => '2021-10-22 15:04:16',
  'isDeleted' => 'N',
)
DEBUG - 2024-08-21 22:44:34 --> ***************** send otp *****************
DEBUG - 2024-08-21 22:44:34 --> ***************** Login verification *****************626675 rana.faizan@66loop.com
DEBUG - 2024-08-21 22:44:34 --> ***************** Login12321321 verification *****************rana.faizan@66loop.com   626675  Test update Admin
CRITICAL - 2024-08-21 22:44:36 --> mail(): Failed to connect to mailserver at &quot;localhost&quot; port 25, verify your &quot;SMTP&quot; and &quot;smtp_port&quot; setting in php.ini or use ini_set()
#0 [internal function]: CodeIgniter\Debug\Exceptions->errorHandler(2, 'mail(): Failed ...', 'C:\\xampp\\htdocs...', 173)
#1 C:\xampp\htdocs\golong\app\Libraries\Emails.php(173): mail('rana.faizan@66l...', 'Go Long Clients...', 'Go Long Clients...', 'From:contact@go...')
#2 C:\xampp\htdocs\golong\app\Controllers\Home.php(176): App\Libraries\emails->sendOtp('rana.faizan@66l...', '626675', 'Test update Adm...')
#3 C:\xampp\htdocs\golong\system\CodeIgniter.php(939): App\Controllers\Home->sendOtp()
#4 C:\xampp\htdocs\golong\system\CodeIgniter.php(435): CodeIgniter\CodeIgniter->runController(Object(App\Controllers\Home))
#5 C:\xampp\htdocs\golong\system\CodeIgniter.php(336): CodeIgniter\CodeIgniter->handleRequest(NULL, Object(Config\Cache), false)
#6 C:\xampp\htdocs\golong\index.php(44): CodeIgniter\CodeIgniter->run()
#7 {main}
DEBUG - 2024-08-21 22:45:10 --> **************** Admin Session_ID ****************array (
  0 => 
  array (
    'id' => '156',
  ),
)
DEBUG - 2024-08-21 22:45:26 --> **************** Admin Session_ID ****************array (
  0 => 
  array (
    'id' => '156',
  ),
)
DEBUG - 2024-08-21 22:45:30 --> **************** Admin Session_ID ****************array (
  0 => 
  array (
    'id' => '156',
  ),
)
DEBUG - 2024-08-21 22:45:59 --> **************** Admin Session_ID ****************array (
)
DEBUG - 2024-08-21 22:46:07 --> **************** Admin Session_ID ****************array (
)
DEBUG - 2024-08-21 22:46:41 --> **************** Admin Session_ID ****************array (
)
DEBUG - 2024-08-21 22:48:29 --> **************** Admin Session_ID ****************array (
)
DEBUG - 2024-08-21 22:48:47 --> **************** Admin Session_ID ****************array (
)
DEBUG - 2024-08-21 22:49:34 --> **************** Admin Session_ID ****************array (
)
DEBUG - 2024-08-21 22:49:42 --> **************** Admin Session_ID ****************array (
)
DEBUG - 2024-08-21 22:49:48 --> **************** Admin Session_ID ****************array (
)
DEBUG - 2024-08-21 22:50:11 --> **************** Admin Session_ID ****************array (
)
DEBUG - 2024-08-21 22:50:15 --> **************** Admin Session_ID ****************array (
)
DEBUG - 2024-08-21 22:50:18 --> **************** Admin Session_ID ****************array (
)
DEBUG - 2024-08-21 22:50:23 --> **************** Admin Session_ID ****************array (
)
DEBUG - 2024-08-21 22:50:25 --> **************** Admin Session_ID ****************array (
)
DEBUG - 2024-08-21 22:50:47 --> **************** Admin Session_ID ****************array (
)
