DEBUG - 2024-08-27 00:13:54 --> **********************Tax Form Data****************************array (
  0 => 
  array (
    'id' => '16',
    'user_id' => '52',
    'address' => 'Test By 66loop',
    'payers_tin' => 'Mollit occaecat maxi',
    'recipients_tin' => 'Officia obcaecati nu',
    'recipients_name' => '123',
    'street_address' => 'At numquam ut recusa',
    'city_or_town_state_or_province_country' => 'Alias et quod labore',
    'account_number' => '718',
    'rents' => 'Enim pariatur Tempo',
    'royalties' => 'Voluptatem Quae eu ',
    'other_income' => '631',
    'federal_income_tax_withheld' => '373',
    'fishing_boat_proceeds' => 'Architecto maiores a',
    'medical_and_health_care_payments' => 'Ipsam at qui dolor N',
    'payer_made_direct' => 'No',
    'substitute_payments' => 'Aliquid suscipit qui',
    'crop_insurance_proceeds' => 'Rerum aliquam possim',
    'gross_proceeds' => 'Dolore rem molestiae',
    'fish_purchased_for_resale' => 'Dolore facilis digni',
    'section_409A_deferrals' => 'Tempore dolore sequ',
    'fatca_filing_requirement' => 'No',
    'excess_golden' => 'Aperiam dolorum vero',
    'nonqualified_deferred_compensation' => '66loop',
    'state_tax_withheld' => 'Sed esse ut est beat',
    'State_or_Payers_state_no' => 'Qui recusandae Nemo',
    'state_income' => '250',
    '2nd_tin_not' => 'Yes',
    'created_at' => '2024-05-20 06:39:50',
    'updated_at' => '2024-05-20 06:39:50',
  ),
)
DEBUG - 2024-08-27 00:13:54 --> **************************************************array (
  0 => 
  array (
    'amount' => NULL,
    'positions' => '1',
    'year' => '2022',
    'month' => '9',
  ),
  1 => 
  array (
    'amount' => NULL,
    'positions' => '1',
    'year' => '2022',
    'month' => '10',
  ),
  2 => 
  array (
    'amount' => NULL,
    'positions' => '1',
    'year' => '2022',
    'month' => '11',
  ),
  3 => 
  array (
    'amount' => NULL,
    'positions' => '7',
    'year' => '2022',
    'month' => '12',
  ),
  4 => 
  array (
    'amount' => '11.741258562394977',
    'positions' => '9',
    'year' => '2023',
    'month' => '1',
  ),
  5 => 
  array (
    'amount' => '8.110386103362952',
    'positions' => '8',
    'year' => '2023',
    'month' => '2',
  ),
  6 => 
  array (
    'amount' => '7.138001125413441',
    'positions' => '7',
    'year' => '2023',
    'month' => '3',
  ),
  7 => 
  array (
    'amount' => '0.18996006845407873',
    'positions' => '1',
    'year' => '2023',
    'month' => '4',
  ),
  8 => 
  array (
    'amount' => '5.694760820045558',
    'positions' => '1',
    'year' => '2024',
    'month' => '2',
  ),
  9 => 
  array (
    'amount' => '67.9989265983751',
    'positions' => '2',
    'year' => '2024',
    'month' => '8',
  ),
)
DEBUG - 2024-08-27 00:13:54 --> **************************************************array (
  0 => 
  array (
    'amount' => NULL,
    'positions' => '1',
    'year' => '2022',
    'month' => '11',
  ),
  1 => 
  array (
    'amount' => NULL,
    'positions' => '1',
    'year' => '2022',
    'month' => '12',
  ),
  2 => 
  array (
    'amount' => '0.7099995369134013',
    'positions' => '2',
    'year' => '2023',
    'month' => '1',
  ),
  3 => 
  array (
    'amount' => '1.3398807762692178',
    'positions' => '2',
    'year' => '2023',
    'month' => '2',
  ),
  4 => 
  array (
    'amount' => '1.6900961997453299',
    'positions' => '4',
    'year' => '2023',
    'month' => '3',
  ),
)
DEBUG - 2024-08-27 00:13:54 --> ***************** Chart BY Admin *****************
DEBUG - 2024-08-27 00:13:54 --> PLID: 52
DEBUG - 2024-08-27 00:13:54 --> PL1: 22
DEBUG - 2024-08-27 00:13:55 --> ***************** Chart BY Admin *****************
DEBUG - 2024-08-27 00:13:55 --> ***************** Transaction Chart BY Admin *****************
DEBUG - 2024-08-27 00:13:55 --> PLID: 52
DEBUG - 2024-08-27 00:13:55 --> PL1: 22
DEBUG - 2024-08-27 00:13:56 --> ***************** Chart BY Adminaaaaaaaaaaa *****************array (
)
DEBUG - 2024-08-27 00:13:59 --> ***************** Chart BY Adminaaaaaaaaaaa *****************array (
  'userid' => '52',
  'select_duration' => 'CY',
  'start_date' => '',
  'end_date' => '',
)
CRITICAL - 2024-08-27 00:57:07 --> Undefined array key "profile_photo"
#0 C:\xampp\htdocs\golong\app\Controllers\Home.php(118): CodeIgniter\Debug\Exceptions->errorHandler(2, 'Undefined array...', 'C:\\xampp\\htdocs...', 118)
#1 C:\xampp\htdocs\golong\system\CodeIgniter.php(939): App\Controllers\Home->updateProfile()
#2 C:\xampp\htdocs\golong\system\CodeIgniter.php(435): CodeIgniter\CodeIgniter->runController(Object(App\Controllers\Home))
#3 C:\xampp\htdocs\golong\system\CodeIgniter.php(336): CodeIgniter\CodeIgniter->handleRequest(NULL, Object(Config\Cache), false)
#4 C:\xampp\htdocs\golong\index.php(44): CodeIgniter\CodeIgniter->run()
#5 {main}
CRITICAL - 2024-08-27 00:58:20 --> Undefined array key "profile_photo"
#0 C:\xampp\htdocs\golong\app\Controllers\Home.php(106): CodeIgniter\Debug\Exceptions->errorHandler(2, 'Undefined array...', 'C:\\xampp\\htdocs...', 106)
#1 C:\xampp\htdocs\golong\system\CodeIgniter.php(939): App\Controllers\Home->updateProfile()
#2 C:\xampp\htdocs\golong\system\CodeIgniter.php(435): CodeIgniter\CodeIgniter->runController(Object(App\Controllers\Home))
#3 C:\xampp\htdocs\golong\system\CodeIgniter.php(336): CodeIgniter\CodeIgniter->handleRequest(NULL, Object(Config\Cache), false)
#4 C:\xampp\htdocs\golong\index.php(44): CodeIgniter\CodeIgniter->run()
#5 {main}
CRITICAL - 2024-08-27 00:59:06 --> Undefined array key "profile_photo"
#0 C:\xampp\htdocs\golong\app\Controllers\Home.php(106): CodeIgniter\Debug\Exceptions->errorHandler(2, 'Undefined array...', 'C:\\xampp\\htdocs...', 106)
#1 C:\xampp\htdocs\golong\system\CodeIgniter.php(939): App\Controllers\Home->updateProfile()
#2 C:\xampp\htdocs\golong\system\CodeIgniter.php(435): CodeIgniter\CodeIgniter->runController(Object(App\Controllers\Home))
#3 C:\xampp\htdocs\golong\system\CodeIgniter.php(336): CodeIgniter\CodeIgniter->handleRequest(NULL, Object(Config\Cache), false)
#4 C:\xampp\htdocs\golong\index.php(44): CodeIgniter\CodeIgniter->run()
#5 {main}
CRITICAL - 2024-08-27 01:02:08 --> Array to string conversion
#0 C:\xampp\htdocs\golong\app\Controllers\Home.php(106): CodeIgniter\Debug\Exceptions->errorHandler(2, 'Array to string...', 'C:\\xampp\\htdocs...', 106)
#1 C:\xampp\htdocs\golong\system\CodeIgniter.php(939): App\Controllers\Home->updateProfile()
#2 C:\xampp\htdocs\golong\system\CodeIgniter.php(435): CodeIgniter\CodeIgniter->runController(Object(App\Controllers\Home))
#3 C:\xampp\htdocs\golong\system\CodeIgniter.php(336): CodeIgniter\CodeIgniter->handleRequest(NULL, Object(Config\Cache), false)
#4 C:\xampp\htdocs\golong\index.php(44): CodeIgniter\CodeIgniter->run()
#5 {main}
DEBUG - 2024-08-27 04:31:53 --> ***************** Login verification *****************
DEBUG - 2024-08-27 04:31:53 --> ***************** Login verification *****************
DEBUG - 2024-08-27 04:31:53 --> User IP: ::1
DEBUG - 2024-08-27 04:31:53 --> User IP: ::1
DEBUG - 2024-08-27 04:31:53 --> Email: rana.faizan@66loop.com Password: array (
  'id' => '3',
  'initialInvestment' => '1000',
  'firstName' => 'Test update',
  'lastName' => 'Admin',
  'email' => 'rana.faizan@66loop.com',
  'password' => '$2y$10$U8qpX5Ic5Yl1o4cMWg1bBenlUgeHRELPi086212L6KF.yWvMmN58e',
  'phone' => '+923174204952',
  'profile_img' => '/assets/images/users/user_id-3.png',
  'address1' => NULL,
  'address2' => NULL,
  'city' => NULL,
  'country' => NULL,
  'zip' => NULL,
  'userTypeId' => '1',
  'uniqueCode' => 'a74ec6fcae24ee06051f78b5c29ce71e',
  'payoutDate' => NULL,
  'payout_per' => '50',
  'transactionType' => NULL,
  'notificationStatus' => 'unread',
  'otp' => '120963',
  'flagfor_accountant' => 'N',
  'returntype_id' => '2',
  'sessionid' => 'hbm9f2iramv1l9rl2afhcb0kp3',
  'token' => 'a:7:{i:0;s:163:"cCO3kgJJ9L94YuTiIHZ_0k:APA91bFtGlKUZelO2BgGtn-JFxqLEkt2XmZx3g4zMRH9V_bw34E1Ut1F5RP7X8gr8vAiOCchwFLQG-OuR3OtvkJNFCehkH6a6Wwn_0FSz8BpfY-bVKlgjEQ21OgKAasU4ilPNUd1ou-L";i:1;s:163:"doP0yZJw7afzf86exORbKO:APA91bEXGwfJN6D21naOwgQ_vVpe2JKnTyhBgPblEyf1FSTzR8491ktSb0AH3rnkWWx0lPoZsLI8icniQhzw5LUKTo3w6h0JeAzc-iznVoVmpywCvPi9mns8R22-j5HnhftlA_V4l2I9";i:2;s:163:"fNa_IY1AELKkjGSxH9qxnY:APA91bF368VGM2gBbO3xSjNwpd5lRTgxThyh0spMKfvlJkkY_w-DN_V-ZVTEs2ic0NBZO1rI8CAA2Y21p5N7-i2M1V2kO4uEOzU52TARB1n0HY7RP-TrOF_Qdu4BUjE7plnLZWqwVQWA";i:3;s:163:"csi3yqnoQaS7tbOHXcAEbs:APA91bElNXgY-RCOmcCX-PJfYJVNTN68xablAstaiQXDjaUwHfuTk4nZSY_x_xCy0PLpOK803PKF2BE6h_2c30uvDRILZe0QTdfeongFBI86fByaJAoyugFfl7b-moyJnKhpP32cm-eu";i:4;s:163:"fxOyCF-aQr8EBnWq0IX3_U:APA91bHWu5h5gf9nib93hUjnM4uw9O3EhARWaBWTu3Ln-JC2yh__K2XylOqICLqkIu9_T4_WpmUjyMzx7920SbRWKgvglkkjx_u8NkLmEX_R6f0ZKmFaL9ja-9fPUmzastKls9--ErXM";i:5;s:163:"cO1_AhM5l4hE-1pLKecaXj:APA91bFtFmsB__54irudmdslzl6dcPdL6TnP1yJmaCnGYnl1W-XPhu27Y0sER7b_VK4ctS0xThFv6UsZ1NGJFWOiFECf_QzclVR1E8liHUjsuvsjOHCss1nNLqxy342eCt7vDEC4Wm-v";i:6;s:163:"cOVZaX31tlWLrTdCv3Sk5r:APA91bFDc3cK5rKiKSdM6hIuqnX6ergLAkM2YW8_wzqIIEfd7APE6h2vixG3Qi4udPg3kCp2pxaMAHUQ4OtfuSIEWepgged9KQe003Cq6kp1UVVC_BiuBln7Ho9boMuTAwfu1iZRhYOx";}',
  'bearer_token' => NULL,
  'nextpayoutDate' => '0000-00-00',
  'tax_form_flag' => 'Yes',
  'bio' => 'Web developer in 66loop',
  'createdAt' => '2021-10-22 15:04:16',
  'updatedAt' => '2021-10-22 15:04:16',
  'isDeleted' => 'N',
)
DEBUG - 2024-08-27 04:31:53 --> Email: rana.faizan@66loop.com Password: array (
  'id' => '3',
  'initialInvestment' => '1000',
  'firstName' => 'Test update',
  'lastName' => 'Admin',
  'email' => 'rana.faizan@66loop.com',
  'password' => '$2y$10$U8qpX5Ic5Yl1o4cMWg1bBenlUgeHRELPi086212L6KF.yWvMmN58e',
  'phone' => '+923174204952',
  'profile_img' => '/assets/images/users/user_id-3.png',
  'address1' => NULL,
  'address2' => NULL,
  'city' => NULL,
  'country' => NULL,
  'zip' => NULL,
  'userTypeId' => '1',
  'uniqueCode' => 'a74ec6fcae24ee06051f78b5c29ce71e',
  'payoutDate' => NULL,
  'payout_per' => '50',
  'transactionType' => NULL,
  'notificationStatus' => 'unread',
  'otp' => '120963',
  'flagfor_accountant' => 'N',
  'returntype_id' => '2',
  'sessionid' => 'hbm9f2iramv1l9rl2afhcb0kp3',
  'token' => 'a:7:{i:0;s:163:"cCO3kgJJ9L94YuTiIHZ_0k:APA91bFtGlKUZelO2BgGtn-JFxqLEkt2XmZx3g4zMRH9V_bw34E1Ut1F5RP7X8gr8vAiOCchwFLQG-OuR3OtvkJNFCehkH6a6Wwn_0FSz8BpfY-bVKlgjEQ21OgKAasU4ilPNUd1ou-L";i:1;s:163:"doP0yZJw7afzf86exORbKO:APA91bEXGwfJN6D21naOwgQ_vVpe2JKnTyhBgPblEyf1FSTzR8491ktSb0AH3rnkWWx0lPoZsLI8icniQhzw5LUKTo3w6h0JeAzc-iznVoVmpywCvPi9mns8R22-j5HnhftlA_V4l2I9";i:2;s:163:"fNa_IY1AELKkjGSxH9qxnY:APA91bF368VGM2gBbO3xSjNwpd5lRTgxThyh0spMKfvlJkkY_w-DN_V-ZVTEs2ic0NBZO1rI8CAA2Y21p5N7-i2M1V2kO4uEOzU52TARB1n0HY7RP-TrOF_Qdu4BUjE7plnLZWqwVQWA";i:3;s:163:"csi3yqnoQaS7tbOHXcAEbs:APA91bElNXgY-RCOmcCX-PJfYJVNTN68xablAstaiQXDjaUwHfuTk4nZSY_x_xCy0PLpOK803PKF2BE6h_2c30uvDRILZe0QTdfeongFBI86fByaJAoyugFfl7b-moyJnKhpP32cm-eu";i:4;s:163:"fxOyCF-aQr8EBnWq0IX3_U:APA91bHWu5h5gf9nib93hUjnM4uw9O3EhARWaBWTu3Ln-JC2yh__K2XylOqICLqkIu9_T4_WpmUjyMzx7920SbRWKgvglkkjx_u8NkLmEX_R6f0ZKmFaL9ja-9fPUmzastKls9--ErXM";i:5;s:163:"cO1_AhM5l4hE-1pLKecaXj:APA91bFtFmsB__54irudmdslzl6dcPdL6TnP1yJmaCnGYnl1W-XPhu27Y0sER7b_VK4ctS0xThFv6UsZ1NGJFWOiFECf_QzclVR1E8liHUjsuvsjOHCss1nNLqxy342eCt7vDEC4Wm-v";i:6;s:163:"cOVZaX31tlWLrTdCv3Sk5r:APA91bFDc3cK5rKiKSdM6hIuqnX6ergLAkM2YW8_wzqIIEfd7APE6h2vixG3Qi4udPg3kCp2pxaMAHUQ4OtfuSIEWepgged9KQe003Cq6kp1UVVC_BiuBln7Ho9boMuTAwfu1iZRhYOx";}',
  'bearer_token' => NULL,
  'nextpayoutDate' => '0000-00-00',
  'tax_form_flag' => 'Yes',
  'bio' => 'Web developer in 66loop',
  'createdAt' => '2021-10-22 15:04:16',
  'updatedAt' => '2021-10-22 15:04:16',
  'isDeleted' => 'N',
)
DEBUG - 2024-08-27 04:31:53 --> ***************** send otp *****************
DEBUG - 2024-08-27 04:31:53 --> ***************** Login verification *****************054428 rana.faizan@66loop.com
DEBUG - 2024-08-27 04:31:53 --> ***************** Login12321321 verification *****************rana.faizan@66loop.com   054428  Test update Admin
CRITICAL - 2024-08-27 04:31:55 --> mail(): Failed to connect to mailserver at &quot;localhost&quot; port 25, verify your &quot;SMTP&quot; and &quot;smtp_port&quot; setting in php.ini or use ini_set()
#0 [internal function]: CodeIgniter\Debug\Exceptions->errorHandler(2, 'mail(): Failed ...', 'C:\\xampp\\htdocs...', 173)
#1 C:\xampp\htdocs\golong\app\Libraries\Emails.php(173): mail('rana.faizan@66l...', 'Go Long Clients...', 'Go Long Clients...', 'From:contact@go...')
#2 C:\xampp\htdocs\golong\app\Controllers\Home.php(194): App\Libraries\emails->sendOtp('rana.faizan@66l...', '054428', 'Test update Adm...')
#3 C:\xampp\htdocs\golong\system\CodeIgniter.php(939): App\Controllers\Home->sendOtp()
#4 C:\xampp\htdocs\golong\system\CodeIgniter.php(435): CodeIgniter\CodeIgniter->runController(Object(App\Controllers\Home))
#5 C:\xampp\htdocs\golong\system\CodeIgniter.php(336): CodeIgniter\CodeIgniter->handleRequest(NULL, Object(Config\Cache), false)
#6 C:\xampp\htdocs\golong\index.php(44): CodeIgniter\CodeIgniter->run()
#7 {main}
DEBUG - 2024-08-27 04:32:09 --> **********************Tax Form Data****************************array (
  0 => 
  array (
    'id' => '16',
    'user_id' => '52',
    'address' => 'Test By 66loop',
    'payers_tin' => 'Mollit occaecat maxi',
    'recipients_tin' => 'Officia obcaecati nu',
    'recipients_name' => '123',
    'street_address' => 'At numquam ut recusa',
    'city_or_town_state_or_province_country' => 'Alias et quod labore',
    'account_number' => '718',
    'rents' => 'Enim pariatur Tempo',
    'royalties' => 'Voluptatem Quae eu ',
    'other_income' => '631',
    'federal_income_tax_withheld' => '373',
    'fishing_boat_proceeds' => 'Architecto maiores a',
    'medical_and_health_care_payments' => 'Ipsam at qui dolor N',
    'payer_made_direct' => 'No',
    'substitute_payments' => 'Aliquid suscipit qui',
    'crop_insurance_proceeds' => 'Rerum aliquam possim',
    'gross_proceeds' => 'Dolore rem molestiae',
    'fish_purchased_for_resale' => 'Dolore facilis digni',
    'section_409A_deferrals' => 'Tempore dolore sequ',
    'fatca_filing_requirement' => 'No',
    'excess_golden' => 'Aperiam dolorum vero',
    'nonqualified_deferred_compensation' => '66loop',
    'state_tax_withheld' => 'Sed esse ut est beat',
    'State_or_Payers_state_no' => 'Qui recusandae Nemo',
    'state_income' => '250',
    '2nd_tin_not' => 'Yes',
    'created_at' => '2024-05-20 06:39:50',
    'updated_at' => '2024-05-20 06:39:50',
  ),
)
DEBUG - 2024-08-27 04:32:09 --> **************************************************array (
  0 => 
  array (
    'amount' => NULL,
    'positions' => '1',
    'year' => '2022',
    'month' => '9',
  ),
  1 => 
  array (
    'amount' => NULL,
    'positions' => '1',
    'year' => '2022',
    'month' => '10',
  ),
  2 => 
  array (
    'amount' => NULL,
    'positions' => '1',
    'year' => '2022',
    'month' => '11',
  ),
  3 => 
  array (
    'amount' => NULL,
    'positions' => '7',
    'year' => '2022',
    'month' => '12',
  ),
  4 => 
  array (
    'amount' => '11.741258562394977',
    'positions' => '9',
    'year' => '2023',
    'month' => '1',
  ),
  5 => 
  array (
    'amount' => '8.110386103362952',
    'positions' => '8',
    'year' => '2023',
    'month' => '2',
  ),
  6 => 
  array (
    'amount' => '7.138001125413441',
    'positions' => '7',
    'year' => '2023',
    'month' => '3',
  ),
  7 => 
  array (
    'amount' => '0.18996006845407873',
    'positions' => '1',
    'year' => '2023',
    'month' => '4',
  ),
  8 => 
  array (
    'amount' => '5.694760820045558',
    'positions' => '1',
    'year' => '2024',
    'month' => '2',
  ),
  9 => 
  array (
    'amount' => '67.9989265983751',
    'positions' => '2',
    'year' => '2024',
    'month' => '8',
  ),
)
DEBUG - 2024-08-27 04:32:09 --> **************************************************array (
  0 => 
  array (
    'amount' => NULL,
    'positions' => '1',
    'year' => '2022',
    'month' => '11',
  ),
  1 => 
  array (
    'amount' => NULL,
    'positions' => '1',
    'year' => '2022',
    'month' => '12',
  ),
  2 => 
  array (
    'amount' => '0.7099995369134013',
    'positions' => '2',
    'year' => '2023',
    'month' => '1',
  ),
  3 => 
  array (
    'amount' => '1.3398807762692178',
    'positions' => '2',
    'year' => '2023',
    'month' => '2',
  ),
  4 => 
  array (
    'amount' => '1.6900961997453299',
    'positions' => '4',
    'year' => '2023',
    'month' => '3',
  ),
)
DEBUG - 2024-08-27 04:32:09 --> ***************** Chart BY Admin *****************
DEBUG - 2024-08-27 04:32:09 --> PLID: 52
DEBUG - 2024-08-27 04:32:09 --> PL1: 22
DEBUG - 2024-08-27 04:32:09 --> ***************** Transaction Chart BY Admin *****************
DEBUG - 2024-08-27 04:32:09 --> ***************** Chart BY Admin *****************
DEBUG - 2024-08-27 04:32:09 --> PLID: 52
DEBUG - 2024-08-27 04:32:09 --> PL1: 22
DEBUG - 2024-08-27 07:38:33 --> ***************** Login verification *****************
DEBUG - 2024-08-27 07:38:33 --> ***************** Login verification *****************
DEBUG - 2024-08-27 07:38:33 --> User IP: ::1
DEBUG - 2024-08-27 07:38:33 --> Email: rana.faizan@66loop.com Password: array (
  'id' => '3',
  'initialInvestment' => '1000',
  'firstName' => 'Test update',
  'lastName' => 'Admin',
  'email' => 'rana.faizan@66loop.com',
  'password' => '$2y$10$U8qpX5Ic5Yl1o4cMWg1bBenlUgeHRELPi086212L6KF.yWvMmN58e',
  'phone' => '+923174204952',
  'profile_img' => '/assets/images/users/user_id-3.png',
  'address1' => NULL,
  'address2' => NULL,
  'city' => NULL,
  'country' => NULL,
  'zip' => NULL,
  'userTypeId' => '1',
  'uniqueCode' => 'a74ec6fcae24ee06051f78b5c29ce71e',
  'payoutDate' => NULL,
  'payout_per' => '50',
  'transactionType' => NULL,
  'notificationStatus' => 'unread',
  'otp' => '54428',
  'flagfor_accountant' => 'N',
  'returntype_id' => '2',
  'sessionid' => 'hbm9f2iramv1l9rl2afhcb0kp3',
  'token' => 'a:7:{i:0;s:163:"cCO3kgJJ9L94YuTiIHZ_0k:APA91bFtGlKUZelO2BgGtn-JFxqLEkt2XmZx3g4zMRH9V_bw34E1Ut1F5RP7X8gr8vAiOCchwFLQG-OuR3OtvkJNFCehkH6a6Wwn_0FSz8BpfY-bVKlgjEQ21OgKAasU4ilPNUd1ou-L";i:1;s:163:"doP0yZJw7afzf86exORbKO:APA91bEXGwfJN6D21naOwgQ_vVpe2JKnTyhBgPblEyf1FSTzR8491ktSb0AH3rnkWWx0lPoZsLI8icniQhzw5LUKTo3w6h0JeAzc-iznVoVmpywCvPi9mns8R22-j5HnhftlA_V4l2I9";i:2;s:163:"fNa_IY1AELKkjGSxH9qxnY:APA91bF368VGM2gBbO3xSjNwpd5lRTgxThyh0spMKfvlJkkY_w-DN_V-ZVTEs2ic0NBZO1rI8CAA2Y21p5N7-i2M1V2kO4uEOzU52TARB1n0HY7RP-TrOF_Qdu4BUjE7plnLZWqwVQWA";i:3;s:163:"csi3yqnoQaS7tbOHXcAEbs:APA91bElNXgY-RCOmcCX-PJfYJVNTN68xablAstaiQXDjaUwHfuTk4nZSY_x_xCy0PLpOK803PKF2BE6h_2c30uvDRILZe0QTdfeongFBI86fByaJAoyugFfl7b-moyJnKhpP32cm-eu";i:4;s:163:"fxOyCF-aQr8EBnWq0IX3_U:APA91bHWu5h5gf9nib93hUjnM4uw9O3EhARWaBWTu3Ln-JC2yh__K2XylOqICLqkIu9_T4_WpmUjyMzx7920SbRWKgvglkkjx_u8NkLmEX_R6f0ZKmFaL9ja-9fPUmzastKls9--ErXM";i:5;s:163:"cO1_AhM5l4hE-1pLKecaXj:APA91bFtFmsB__54irudmdslzl6dcPdL6TnP1yJmaCnGYnl1W-XPhu27Y0sER7b_VK4ctS0xThFv6UsZ1NGJFWOiFECf_QzclVR1E8liHUjsuvsjOHCss1nNLqxy342eCt7vDEC4Wm-v";i:6;s:163:"cOVZaX31tlWLrTdCv3Sk5r:APA91bFDc3cK5rKiKSdM6hIuqnX6ergLAkM2YW8_wzqIIEfd7APE6h2vixG3Qi4udPg3kCp2pxaMAHUQ4OtfuSIEWepgged9KQe003Cq6kp1UVVC_BiuBln7Ho9boMuTAwfu1iZRhYOx";}',
  'bearer_token' => NULL,
  'nextpayoutDate' => '0000-00-00',
  'tax_form_flag' => 'Yes',
  'bio' => 'Web developer in 66loop',
  'createdAt' => '2021-10-22 15:04:16',
  'updatedAt' => '2021-10-22 15:04:16',
  'isDeleted' => 'N',
)
DEBUG - 2024-08-27 07:38:33 --> User IP: ::1
DEBUG - 2024-08-27 07:38:33 --> Email: rana.faizan@66loop.com Password: array (
  'id' => '3',
  'initialInvestment' => '1000',
  'firstName' => 'Test update',
  'lastName' => 'Admin',
  'email' => 'rana.faizan@66loop.com',
  'password' => '$2y$10$U8qpX5Ic5Yl1o4cMWg1bBenlUgeHRELPi086212L6KF.yWvMmN58e',
  'phone' => '+923174204952',
  'profile_img' => '/assets/images/users/user_id-3.png',
  'address1' => NULL,
  'address2' => NULL,
  'city' => NULL,
  'country' => NULL,
  'zip' => NULL,
  'userTypeId' => '1',
  'uniqueCode' => 'a74ec6fcae24ee06051f78b5c29ce71e',
  'payoutDate' => NULL,
  'payout_per' => '50',
  'transactionType' => NULL,
  'notificationStatus' => 'unread',
  'otp' => '54428',
  'flagfor_accountant' => 'N',
  'returntype_id' => '2',
  'sessionid' => 'hbm9f2iramv1l9rl2afhcb0kp3',
  'token' => 'a:7:{i:0;s:163:"cCO3kgJJ9L94YuTiIHZ_0k:APA91bFtGlKUZelO2BgGtn-JFxqLEkt2XmZx3g4zMRH9V_bw34E1Ut1F5RP7X8gr8vAiOCchwFLQG-OuR3OtvkJNFCehkH6a6Wwn_0FSz8BpfY-bVKlgjEQ21OgKAasU4ilPNUd1ou-L";i:1;s:163:"doP0yZJw7afzf86exORbKO:APA91bEXGwfJN6D21naOwgQ_vVpe2JKnTyhBgPblEyf1FSTzR8491ktSb0AH3rnkWWx0lPoZsLI8icniQhzw5LUKTo3w6h0JeAzc-iznVoVmpywCvPi9mns8R22-j5HnhftlA_V4l2I9";i:2;s:163:"fNa_IY1AELKkjGSxH9qxnY:APA91bF368VGM2gBbO3xSjNwpd5lRTgxThyh0spMKfvlJkkY_w-DN_V-ZVTEs2ic0NBZO1rI8CAA2Y21p5N7-i2M1V2kO4uEOzU52TARB1n0HY7RP-TrOF_Qdu4BUjE7plnLZWqwVQWA";i:3;s:163:"csi3yqnoQaS7tbOHXcAEbs:APA91bElNXgY-RCOmcCX-PJfYJVNTN68xablAstaiQXDjaUwHfuTk4nZSY_x_xCy0PLpOK803PKF2BE6h_2c30uvDRILZe0QTdfeongFBI86fByaJAoyugFfl7b-moyJnKhpP32cm-eu";i:4;s:163:"fxOyCF-aQr8EBnWq0IX3_U:APA91bHWu5h5gf9nib93hUjnM4uw9O3EhARWaBWTu3Ln-JC2yh__K2XylOqICLqkIu9_T4_WpmUjyMzx7920SbRWKgvglkkjx_u8NkLmEX_R6f0ZKmFaL9ja-9fPUmzastKls9--ErXM";i:5;s:163:"cO1_AhM5l4hE-1pLKecaXj:APA91bFtFmsB__54irudmdslzl6dcPdL6TnP1yJmaCnGYnl1W-XPhu27Y0sER7b_VK4ctS0xThFv6UsZ1NGJFWOiFECf_QzclVR1E8liHUjsuvsjOHCss1nNLqxy342eCt7vDEC4Wm-v";i:6;s:163:"cOVZaX31tlWLrTdCv3Sk5r:APA91bFDc3cK5rKiKSdM6hIuqnX6ergLAkM2YW8_wzqIIEfd7APE6h2vixG3Qi4udPg3kCp2pxaMAHUQ4OtfuSIEWepgged9KQe003Cq6kp1UVVC_BiuBln7Ho9boMuTAwfu1iZRhYOx";}',
  'bearer_token' => NULL,
  'nextpayoutDate' => '0000-00-00',
  'tax_form_flag' => 'Yes',
  'bio' => 'Web developer in 66loop',
  'createdAt' => '2021-10-22 15:04:16',
  'updatedAt' => '2021-10-22 15:04:16',
  'isDeleted' => 'N',
)
DEBUG - 2024-08-27 07:38:34 --> ***************** send otp *****************
DEBUG - 2024-08-27 07:38:34 --> ***************** Login verification *****************636792 rana.faizan@66loop.com
DEBUG - 2024-08-27 07:38:34 --> ***************** Login12321321 verification *****************rana.faizan@66loop.com   636792  Test update Admin
CRITICAL - 2024-08-27 07:38:36 --> mail(): Failed to connect to mailserver at &quot;localhost&quot; port 25, verify your &quot;SMTP&quot; and &quot;smtp_port&quot; setting in php.ini or use ini_set()
#0 [internal function]: CodeIgniter\Debug\Exceptions->errorHandler(2, 'mail(): Failed ...', 'C:\\xampp\\htdocs...', 173)
#1 C:\xampp\htdocs\golong\app\Libraries\Emails.php(173): mail('rana.faizan@66l...', 'Go Long Clients...', 'Go Long Clients...', 'From:contact@go...')
#2 C:\xampp\htdocs\golong\app\Controllers\Home.php(194): App\Libraries\emails->sendOtp('rana.faizan@66l...', '636792', 'Test update Adm...')
#3 C:\xampp\htdocs\golong\system\CodeIgniter.php(939): App\Controllers\Home->sendOtp()
#4 C:\xampp\htdocs\golong\system\CodeIgniter.php(435): CodeIgniter\CodeIgniter->runController(Object(App\Controllers\Home))
#5 C:\xampp\htdocs\golong\system\CodeIgniter.php(336): CodeIgniter\CodeIgniter->handleRequest(NULL, Object(Config\Cache), false)
#6 C:\xampp\htdocs\golong\index.php(44): CodeIgniter\CodeIgniter->run()
#7 {main}
DEBUG - 2024-08-27 07:39:28 --> ***************** send otp *****************
DEBUG - 2024-08-27 07:39:28 --> ***************** Login verification *****************310486 rana.faizan@66loop.com
DEBUG - 2024-08-27 07:39:28 --> ***************** Login12321321 verification *****************rana.faizan@66loop.com   310486  Test update Admin
CRITICAL - 2024-08-27 07:39:30 --> mail(): Failed to connect to mailserver at &quot;localhost&quot; port 25, verify your &quot;SMTP&quot; and &quot;smtp_port&quot; setting in php.ini or use ini_set()
#0 [internal function]: CodeIgniter\Debug\Exceptions->errorHandler(2, 'mail(): Failed ...', 'C:\\xampp\\htdocs...', 173)
#1 C:\xampp\htdocs\golong\app\Libraries\Emails.php(173): mail('rana.faizan@66l...', 'Go Long Clients...', 'Go Long Clients...', 'From:contact@go...')
#2 C:\xampp\htdocs\golong\app\Controllers\Home.php(194): App\Libraries\emails->sendOtp('rana.faizan@66l...', '310486', 'Test update Adm...')
#3 C:\xampp\htdocs\golong\system\CodeIgniter.php(939): App\Controllers\Home->sendOtp()
#4 C:\xampp\htdocs\golong\system\CodeIgniter.php(435): CodeIgniter\CodeIgniter->runController(Object(App\Controllers\Home))
#5 C:\xampp\htdocs\golong\system\CodeIgniter.php(336): CodeIgniter\CodeIgniter->handleRequest(NULL, Object(Config\Cache), false)
#6 C:\xampp\htdocs\golong\index.php(44): CodeIgniter\CodeIgniter->run()
#7 {main}
