DEBUG - 2024-08-25 22:40:05 --> ***************** Login verification *****************
DEBUG - 2024-08-25 22:40:05 --> ***************** Login verification *****************
DEBUG - 2024-08-25 22:40:05 --> User IP: ::1
DEBUG - 2024-08-25 22:40:05 --> Email: 9o9ame@gmail.com Password: array (
  'id' => '49',
  'initialInvestment' => '200000',
  'firstName' => 'Scott update',
  'lastName' => 'Barrie',
  'email' => '9o9ame@gmail.com',
  'password' => '$2y$10$36qR74ayA3cUDtLX.RFJ6eFNiuuSLy3le/hl8LrgigWH0NqgX7myW',
  'phone' => '4039782772',
  'profile_img' => '/assets/images/users/user_id-49.jpg',
  'address1' => NULL,
  'address2' => NULL,
  'city' => NULL,
  'country' => NULL,
  'zip' => NULL,
  'userTypeId' => '2',
  'uniqueCode' => '1bda4f3ab4c377091fbfb5dbcef40b0c',
  'payoutDate' => '0000-00-00',
  'payout_per' => '50',
  'transactionType' => 'ROI',
  'notificationStatus' => 'unread',
  'otp' => '444640',
  'flagfor_accountant' => 'N',
  'returntype_id' => '2',
  'sessionid' => '9itb3d3v7fpv83hsud1rqvuugl',
  'token' => 'a:2:{i:0;s:163:"csi3yqnoQaS7tbOHXcAEbs:APA91bElNXgY-RCOmcCX-PJfYJVNTN68xablAstaiQXDjaUwHfuTk4nZSY_x_xCy0PLpOK803PKF2BE6h_2c30uvDRILZe0QTdfeongFBI86fByaJAoyugFfl7b-moyJnKhpP32cm-eu";i:1;s:163:"fNa_IY1AELKkjGSxH9qxnY:APA91bF368VGM2gBbO3xSjNwpd5lRTgxThyh0spMKfvlJkkY_w-DN_V-ZVTEs2ic0NBZO1rI8CAA2Y21p5N7-i2M1V2kO4uEOzU52TARB1n0HY7RP-TrOF_Qdu4BUjE7plnLZWqwVQWA";}',
  'bearer_token' => NULL,
  'nextpayoutDate' => '0000-00-00',
  'tax_form_flag' => 'Yes',
  'bio' => 'about',
  'createdAt' => '2022-08-18 19:22:55',
  'updatedAt' => '2022-08-18 19:23:31',
  'isDeleted' => 'N',
)
DEBUG - 2024-08-25 22:40:05 --> User IP: ::1
DEBUG - 2024-08-25 22:40:05 --> Email: 9o9ame@gmail.com Password: array (
  'id' => '49',
  'initialInvestment' => '200000',
  'firstName' => 'Scott update',
  'lastName' => 'Barrie',
  'email' => '9o9ame@gmail.com',
  'password' => '$2y$10$36qR74ayA3cUDtLX.RFJ6eFNiuuSLy3le/hl8LrgigWH0NqgX7myW',
  'phone' => '4039782772',
  'profile_img' => '/assets/images/users/user_id-49.jpg',
  'address1' => NULL,
  'address2' => NULL,
  'city' => NULL,
  'country' => NULL,
  'zip' => NULL,
  'userTypeId' => '2',
  'uniqueCode' => '1bda4f3ab4c377091fbfb5dbcef40b0c',
  'payoutDate' => '0000-00-00',
  'payout_per' => '50',
  'transactionType' => 'ROI',
  'notificationStatus' => 'unread',
  'otp' => '444640',
  'flagfor_accountant' => 'N',
  'returntype_id' => '2',
  'sessionid' => '9itb3d3v7fpv83hsud1rqvuugl',
  'token' => 'a:2:{i:0;s:163:"csi3yqnoQaS7tbOHXcAEbs:APA91bElNXgY-RCOmcCX-PJfYJVNTN68xablAstaiQXDjaUwHfuTk4nZSY_x_xCy0PLpOK803PKF2BE6h_2c30uvDRILZe0QTdfeongFBI86fByaJAoyugFfl7b-moyJnKhpP32cm-eu";i:1;s:163:"fNa_IY1AELKkjGSxH9qxnY:APA91bF368VGM2gBbO3xSjNwpd5lRTgxThyh0spMKfvlJkkY_w-DN_V-ZVTEs2ic0NBZO1rI8CAA2Y21p5N7-i2M1V2kO4uEOzU52TARB1n0HY7RP-TrOF_Qdu4BUjE7plnLZWqwVQWA";}',
  'bearer_token' => NULL,
  'nextpayoutDate' => '0000-00-00',
  'tax_form_flag' => 'Yes',
  'bio' => 'about',
  'createdAt' => '2022-08-18 19:22:55',
  'updatedAt' => '2022-08-18 19:23:31',
  'isDeleted' => 'N',
)
DEBUG - 2024-08-25 22:40:05 --> ***************** send otp *****************
DEBUG - 2024-08-25 22:40:05 --> ***************** Login verification *****************451860 9o9ame@gmail.com
DEBUG - 2024-08-25 22:40:05 --> ***************** Login12321321 verification *****************9o9ame@gmail.com   451860  Scott update Barrie
CRITICAL - 2024-08-25 22:40:07 --> mail(): Failed to connect to mailserver at &quot;localhost&quot; port 25, verify your &quot;SMTP&quot; and &quot;smtp_port&quot; setting in php.ini or use ini_set()
#0 [internal function]: CodeIgniter\Debug\Exceptions->errorHandler(2, 'mail(): Failed ...', 'C:\\xampp\\htdocs...', 173)
#1 C:\xampp\htdocs\golong\app\Libraries\Emails.php(173): mail('9o9ame@gmail.co...', 'Go Long Clients...', 'Go Long Clients...', 'From:contact@go...')
#2 C:\xampp\htdocs\golong\app\Controllers\Home.php(164): App\Libraries\emails->sendOtp('9o9ame@gmail.co...', '451860', 'Scott update Ba...')
#3 C:\xampp\htdocs\golong\system\CodeIgniter.php(939): App\Controllers\Home->sendOtp()
#4 C:\xampp\htdocs\golong\system\CodeIgniter.php(435): CodeIgniter\CodeIgniter->runController(Object(App\Controllers\Home))
#5 C:\xampp\htdocs\golong\system\CodeIgniter.php(336): CodeIgniter\CodeIgniter->handleRequest(NULL, Object(Config\Cache), false)
#6 C:\xampp\htdocs\golong\index.php(44): CodeIgniter\CodeIgniter->run()
#7 {main}
DEBUG - 2024-08-25 22:40:51 --> Notifications CHeck array (
  0 => 
  array (
    'id' => '171',
    'title' => 'Withdrawal Request has been Completed',
    'description' => 'Your Withdrawal request has been Completed.',
    'publishDate' => '2024-08-23 19:16:00',
    'user_id' => '49',
    'is_read' => 'N',
  ),
  1 => 
  array (
    'id' => '170',
    'title' => 'Deposit Request has been Completed',
    'description' => 'Your deposit request has been Completed.',
    'publishDate' => '2024-08-23 18:38:49',
    'user_id' => '49',
    'is_read' => 'N',
  ),
  2 => 
  array (
    'id' => '167',
    'title' => 'Deposit Request has been Rejected',
    'description' => 'Your deposit request has been Rejected.',
    'publishDate' => '2024-08-22 13:01:42',
    'user_id' => '49',
    'is_read' => 'N',
  ),
  3 => 
  array (
    'id' => '166',
    'title' => 'Deposit Request has been Accepted',
    'description' => 'Your deposit request has been Accepted.',
    'publishDate' => '2024-08-22 13:01:23',
    'user_id' => '49',
    'is_read' => 'N',
  ),
  4 => 
  array (
    'id' => '165',
    'title' => 'Withdrawal Request has been Accepted',
    'description' => 'Your withdrawal request has been Accepted.',
    'publishDate' => '2024-08-22 11:41:23',
    'user_id' => '49',
    'is_read' => 'N',
  ),
  5 => 
  array (
    'id' => '164',
    'title' => 'Withdrawal Request has been Rejected',
    'description' => 'Your withdrawal request has been rejected.',
    'publishDate' => '2024-08-22 11:41:05',
    'user_id' => '49',
    'is_read' => 'N',
  ),
  6 => 
  array (
    'id' => '155',
    'title' => 'allNotifications',
    'description' => 'allNotifications',
    'publishDate' => '2024-08-21 01:21:44',
    'user_id' => '49',
    'is_read' => 'N',
  ),
  7 => 
  array (
    'id' => '140',
    'title' => 'Withdrawal Request Accepted',
    'description' => 'Your withdrawal request has been Accepted.',
    'publishDate' => '2024-08-21 12:52:54',
    'user_id' => '49',
    'is_read' => 'N',
  ),
  8 => 
  array (
    'id' => '129',
    'title' => 'Withdrawal Request Accepted',
    'description' => 'Your withdrawal request has been Accepted.',
    'publishDate' => '2024-08-21 12:52:54',
    'user_id' => '49',
    'is_read' => 'N',
  ),
  9 => 
  array (
    'id' => '133',
    'title' => 'Withdrawal Request has been Completed',
    'description' => 'Your Withdrawal request has been Completed.',
    'publishDate' => '2023-02-24 08:15:40',
    'user_id' => '49',
    'is_read' => 'N',
  ),
  10 => 
  array (
    'id' => '132',
    'title' => 'Withdrawal Request has been Accepted',
    'description' => 'Your withdrawal request has been Accepted.',
    'publishDate' => '2023-02-24 08:15:31',
    'user_id' => '49',
    'is_read' => 'N',
  ),
  11 => 
  array (
    'id' => '131',
    'title' => 'Withdrawal Request has been Completed',
    'description' => 'Your Withdrawal request has been Completed.',
    'publishDate' => '2023-02-24 08:14:42',
    'user_id' => '49',
    'is_read' => 'N',
  ),
  12 => 
  array (
    'id' => '130',
    'title' => 'Withdrawal Request has been Accepted',
    'description' => 'Your withdrawal request has been Accepted.',
    'publishDate' => '2023-02-24 08:14:31',
    'user_id' => '49',
    'is_read' => 'N',
  ),
  13 => 
  array (
    'id' => '88',
    'title' => 'Deposit Request has been Accepted',
    'description' => 'Your deposit request has been Accepted.',
    'publishDate' => '2023-01-31 07:47:51',
    'user_id' => '49',
    'is_read' => 'N',
  ),
  14 => 
  array (
    'id' => '87',
    'title' => 'Deposit Request has been Completed',
    'description' => 'Your deposit request has been Completed.',
    'publishDate' => '2023-01-31 07:47:27',
    'user_id' => '49',
    'is_read' => 'N',
  ),
  15 => 
  array (
    'id' => '86',
    'title' => 'Deposit Request has been Rejected',
    'description' => 'Your deposit request has been Rejected.',
    'publishDate' => '2023-01-31 07:30:54',
    'user_id' => '49',
    'is_read' => 'N',
  ),
  16 => 
  array (
    'id' => '85',
    'title' => 'Deposit Request has been Completed',
    'description' => 'Your deposit request has been Completed.',
    'publishDate' => '2023-01-31 07:30:08',
    'user_id' => '49',
    'is_read' => 'N',
  ),
  17 => 
  array (
    'id' => '84',
    'title' => 'Deposit Request has been Accepted',
    'description' => 'Your deposit request has been Accepted.',
    'publishDate' => '2023-01-31 07:29:28',
    'user_id' => '49',
    'is_read' => 'N',
  ),
  18 => 
  array (
    'id' => '82',
    'title' => 'Withdrawal Request has been Completed',
    'description' => 'Your Withdrawal request has been Completed.',
    'publishDate' => '2023-01-31 07:27:58',
    'user_id' => '49',
    'is_read' => 'N',
  ),
  19 => 
  array (
    'id' => '81',
    'title' => 'Withdrawal Request has been Completed',
    'description' => 'Your Withdrawal request has been Completed.',
    'publishDate' => '2023-01-31 07:27:48',
    'user_id' => '49',
    'is_read' => 'N',
  ),
  20 => 
  array (
    'id' => '80',
    'title' => 'Withdrawal Request has been Accepted',
    'description' => 'Your withdrawal request has been Accepted.',
    'publishDate' => '2023-01-31 07:27:19',
    'user_id' => '49',
    'is_read' => 'N',
  ),
  21 => 
  array (
    'id' => '79',
    'title' => 'Withdrawal Request has been Completed',
    'description' => 'Your Withdrawal request has been Completed.',
    'publishDate' => '2023-01-31 07:26:58',
    'user_id' => '49',
    'is_read' => 'Y',
  ),
  22 => 
  array (
    'id' => '78',
    'title' => 'Withdrawal Request has been Accepted',
    'description' => 'Your withdrawal request has been Accepted.',
    'publishDate' => '2023-01-31 07:26:42',
    'user_id' => '49',
    'is_read' => 'N',
  ),
  23 => 
  array (
    'id' => '77',
    'title' => 'Withdrawal Request has been Accepted',
    'description' => 'Your withdrawal request has been Accepted.',
    'publishDate' => '2023-01-31 07:26:19',
    'user_id' => '49',
    'is_read' => 'N',
  ),
  24 => 
  array (
    'id' => '76',
    'title' => 'Withdrawal Request has been Completed',
    'description' => 'Your Withdrawal request has been Completed.',
    'publishDate' => '2023-01-31 07:26:01',
    'user_id' => '49',
    'is_read' => 'N',
  ),
  25 => 
  array (
    'id' => '75',
    'title' => 'Withdrawal Request has been Accepted',
    'description' => 'Your withdrawal request has been Accepted.',
    'publishDate' => '2023-01-31 07:24:06',
    'user_id' => '49',
    'is_read' => 'N',
  ),
)
DEBUG - 2024-08-25 22:40:51 --> PLID: 49
DEBUG - 2024-08-25 22:40:51 --> PL1: 2190
DEBUG - 2024-08-25 22:40:51 --> PLID: 49
DEBUG - 2024-08-25 22:40:51 --> PL1: 2190
ERROR - 2024-08-25 22:40:51 --> 49
DEBUG - 2024-08-25 22:48:14 --> Notifications CHeck array (
  0 => 
  array (
    'id' => '171',
    'title' => 'Withdrawal Request has been Completed',
    'description' => 'Your Withdrawal request has been Completed.',
    'publishDate' => '2024-08-23 19:16:00',
    'user_id' => '49',
    'is_read' => 'N',
  ),
  1 => 
  array (
    'id' => '170',
    'title' => 'Deposit Request has been Completed',
    'description' => 'Your deposit request has been Completed.',
    'publishDate' => '2024-08-23 18:38:49',
    'user_id' => '49',
    'is_read' => 'N',
  ),
  2 => 
  array (
    'id' => '167',
    'title' => 'Deposit Request has been Rejected',
    'description' => 'Your deposit request has been Rejected.',
    'publishDate' => '2024-08-22 13:01:42',
    'user_id' => '49',
    'is_read' => 'N',
  ),
  3 => 
  array (
    'id' => '166',
    'title' => 'Deposit Request has been Accepted',
    'description' => 'Your deposit request has been Accepted.',
    'publishDate' => '2024-08-22 13:01:23',
    'user_id' => '49',
    'is_read' => 'N',
  ),
  4 => 
  array (
    'id' => '165',
    'title' => 'Withdrawal Request has been Accepted',
    'description' => 'Your withdrawal request has been Accepted.',
    'publishDate' => '2024-08-22 11:41:23',
    'user_id' => '49',
    'is_read' => 'N',
  ),
  5 => 
  array (
    'id' => '164',
    'title' => 'Withdrawal Request has been Rejected',
    'description' => 'Your withdrawal request has been rejected.',
    'publishDate' => '2024-08-22 11:41:05',
    'user_id' => '49',
    'is_read' => 'N',
  ),
  6 => 
  array (
    'id' => '155',
    'title' => 'allNotifications',
    'description' => 'allNotifications',
    'publishDate' => '2024-08-21 01:21:44',
    'user_id' => '49',
    'is_read' => 'N',
  ),
  7 => 
  array (
    'id' => '140',
    'title' => 'Withdrawal Request Accepted',
    'description' => 'Your withdrawal request has been Accepted.',
    'publishDate' => '2024-08-21 12:52:54',
    'user_id' => '49',
    'is_read' => 'N',
  ),
  8 => 
  array (
    'id' => '129',
    'title' => 'Withdrawal Request Accepted',
    'description' => 'Your withdrawal request has been Accepted.',
    'publishDate' => '2024-08-21 12:52:54',
    'user_id' => '49',
    'is_read' => 'N',
  ),
  9 => 
  array (
    'id' => '133',
    'title' => 'Withdrawal Request has been Completed',
    'description' => 'Your Withdrawal request has been Completed.',
    'publishDate' => '2023-02-24 08:15:40',
    'user_id' => '49',
    'is_read' => 'N',
  ),
  10 => 
  array (
    'id' => '132',
    'title' => 'Withdrawal Request has been Accepted',
    'description' => 'Your withdrawal request has been Accepted.',
    'publishDate' => '2023-02-24 08:15:31',
    'user_id' => '49',
    'is_read' => 'N',
  ),
  11 => 
  array (
    'id' => '131',
    'title' => 'Withdrawal Request has been Completed',
    'description' => 'Your Withdrawal request has been Completed.',
    'publishDate' => '2023-02-24 08:14:42',
    'user_id' => '49',
    'is_read' => 'N',
  ),
  12 => 
  array (
    'id' => '130',
    'title' => 'Withdrawal Request has been Accepted',
    'description' => 'Your withdrawal request has been Accepted.',
    'publishDate' => '2023-02-24 08:14:31',
    'user_id' => '49',
    'is_read' => 'N',
  ),
  13 => 
  array (
    'id' => '88',
    'title' => 'Deposit Request has been Accepted',
    'description' => 'Your deposit request has been Accepted.',
    'publishDate' => '2023-01-31 07:47:51',
    'user_id' => '49',
    'is_read' => 'N',
  ),
  14 => 
  array (
    'id' => '87',
    'title' => 'Deposit Request has been Completed',
    'description' => 'Your deposit request has been Completed.',
    'publishDate' => '2023-01-31 07:47:27',
    'user_id' => '49',
    'is_read' => 'N',
  ),
  15 => 
  array (
    'id' => '86',
    'title' => 'Deposit Request has been Rejected',
    'description' => 'Your deposit request has been Rejected.',
    'publishDate' => '2023-01-31 07:30:54',
    'user_id' => '49',
    'is_read' => 'N',
  ),
  16 => 
  array (
    'id' => '85',
    'title' => 'Deposit Request has been Completed',
    'description' => 'Your deposit request has been Completed.',
    'publishDate' => '2023-01-31 07:30:08',
    'user_id' => '49',
    'is_read' => 'N',
  ),
  17 => 
  array (
    'id' => '84',
    'title' => 'Deposit Request has been Accepted',
    'description' => 'Your deposit request has been Accepted.',
    'publishDate' => '2023-01-31 07:29:28',
    'user_id' => '49',
    'is_read' => 'N',
  ),
  18 => 
  array (
    'id' => '82',
    'title' => 'Withdrawal Request has been Completed',
    'description' => 'Your Withdrawal request has been Completed.',
    'publishDate' => '2023-01-31 07:27:58',
    'user_id' => '49',
    'is_read' => 'N',
  ),
  19 => 
  array (
    'id' => '81',
    'title' => 'Withdrawal Request has been Completed',
    'description' => 'Your Withdrawal request has been Completed.',
    'publishDate' => '2023-01-31 07:27:48',
    'user_id' => '49',
    'is_read' => 'N',
  ),
  20 => 
  array (
    'id' => '80',
    'title' => 'Withdrawal Request has been Accepted',
    'description' => 'Your withdrawal request has been Accepted.',
    'publishDate' => '2023-01-31 07:27:19',
    'user_id' => '49',
    'is_read' => 'N',
  ),
  21 => 
  array (
    'id' => '79',
    'title' => 'Withdrawal Request has been Completed',
    'description' => 'Your Withdrawal request has been Completed.',
    'publishDate' => '2023-01-31 07:26:58',
    'user_id' => '49',
    'is_read' => 'Y',
  ),
  22 => 
  array (
    'id' => '78',
    'title' => 'Withdrawal Request has been Accepted',
    'description' => 'Your withdrawal request has been Accepted.',
    'publishDate' => '2023-01-31 07:26:42',
    'user_id' => '49',
    'is_read' => 'N',
  ),
  23 => 
  array (
    'id' => '77',
    'title' => 'Withdrawal Request has been Accepted',
    'description' => 'Your withdrawal request has been Accepted.',
    'publishDate' => '2023-01-31 07:26:19',
    'user_id' => '49',
    'is_read' => 'N',
  ),
  24 => 
  array (
    'id' => '76',
    'title' => 'Withdrawal Request has been Completed',
    'description' => 'Your Withdrawal request has been Completed.',
    'publishDate' => '2023-01-31 07:26:01',
    'user_id' => '49',
    'is_read' => 'N',
  ),
  25 => 
  array (
    'id' => '75',
    'title' => 'Withdrawal Request has been Accepted',
    'description' => 'Your withdrawal request has been Accepted.',
    'publishDate' => '2023-01-31 07:24:06',
    'user_id' => '49',
    'is_read' => 'N',
  ),
)
DEBUG - 2024-08-25 22:48:14 --> PLID: 49
DEBUG - 2024-08-25 22:48:14 --> PL1: 2190
ERROR - 2024-08-25 22:48:14 --> 49
DEBUG - 2024-08-25 22:48:14 --> PLID: 49
DEBUG - 2024-08-25 22:48:14 --> PL1: 2190
DEBUG - 2024-08-25 22:48:22 --> ***************** Chart BY Admin *****************array (
)
DEBUG - 2024-08-25 22:48:48 --> ***************** Login verification *****************
DEBUG - 2024-08-25 22:48:48 --> ***************** Login verification *****************
DEBUG - 2024-08-25 22:48:48 --> User IP: ::1
DEBUG - 2024-08-25 22:48:48 --> Email: rana.faizan@66loop.com Password: array (
  'id' => '3',
  'initialInvestment' => '1000',
  'firstName' => 'Test update',
  'lastName' => 'Admin',
  'email' => 'rana.faizan@66loop.com',
  'password' => '$2y$10$sbGynYRnwmbbA0CzXlHZROQEfLziaVPVGVBOlVAYNPcJnLZqL6MDi',
  'phone' => '+923174204952',
  'profile_img' => '/assets/images/users/user_id-3.jpg',
  'address1' => NULL,
  'address2' => NULL,
  'city' => NULL,
  'country' => NULL,
  'zip' => NULL,
  'userTypeId' => '1',
  'uniqueCode' => 'a74ec6fcae24ee06051f78b5c29ce71e',
  'payoutDate' => NULL,
  'payout_per' => '50',
  'transactionType' => NULL,
  'notificationStatus' => 'unread',
  'otp' => '558281',
  'flagfor_accountant' => 'N',
  'returntype_id' => '2',
  'sessionid' => '6v1foc6fph6fafq7ggd7dhlan8',
  'token' => 'a:7:{i:0;s:163:"cCO3kgJJ9L94YuTiIHZ_0k:APA91bFtGlKUZelO2BgGtn-JFxqLEkt2XmZx3g4zMRH9V_bw34E1Ut1F5RP7X8gr8vAiOCchwFLQG-OuR3OtvkJNFCehkH6a6Wwn_0FSz8BpfY-bVKlgjEQ21OgKAasU4ilPNUd1ou-L";i:1;s:163:"doP0yZJw7afzf86exORbKO:APA91bEXGwfJN6D21naOwgQ_vVpe2JKnTyhBgPblEyf1FSTzR8491ktSb0AH3rnkWWx0lPoZsLI8icniQhzw5LUKTo3w6h0JeAzc-iznVoVmpywCvPi9mns8R22-j5HnhftlA_V4l2I9";i:2;s:163:"fNa_IY1AELKkjGSxH9qxnY:APA91bF368VGM2gBbO3xSjNwpd5lRTgxThyh0spMKfvlJkkY_w-DN_V-ZVTEs2ic0NBZO1rI8CAA2Y21p5N7-i2M1V2kO4uEOzU52TARB1n0HY7RP-TrOF_Qdu4BUjE7plnLZWqwVQWA";i:3;s:163:"csi3yqnoQaS7tbOHXcAEbs:APA91bElNXgY-RCOmcCX-PJfYJVNTN68xablAstaiQXDjaUwHfuTk4nZSY_x_xCy0PLpOK803PKF2BE6h_2c30uvDRILZe0QTdfeongFBI86fByaJAoyugFfl7b-moyJnKhpP32cm-eu";i:4;s:163:"fxOyCF-aQr8EBnWq0IX3_U:APA91bHWu5h5gf9nib93hUjnM4uw9O3EhARWaBWTu3Ln-JC2yh__K2XylOqICLqkIu9_T4_WpmUjyMzx7920SbRWKgvglkkjx_u8NkLmEX_R6f0ZKmFaL9ja-9fPUmzastKls9--ErXM";i:5;s:163:"cO1_AhM5l4hE-1pLKecaXj:APA91bFtFmsB__54irudmdslzl6dcPdL6TnP1yJmaCnGYnl1W-XPhu27Y0sER7b_VK4ctS0xThFv6UsZ1NGJFWOiFECf_QzclVR1E8liHUjsuvsjOHCss1nNLqxy342eCt7vDEC4Wm-v";i:6;s:163:"cOVZaX31tlWLrTdCv3Sk5r:APA91bFDc3cK5rKiKSdM6hIuqnX6ergLAkM2YW8_wzqIIEfd7APE6h2vixG3Qi4udPg3kCp2pxaMAHUQ4OtfuSIEWepgged9KQe003Cq6kp1UVVC_BiuBln7Ho9boMuTAwfu1iZRhYOx";}',
  'bearer_token' => NULL,
  'nextpayoutDate' => '0000-00-00',
  'tax_form_flag' => 'Yes',
  'bio' => 'Web developer in 66loop',
  'createdAt' => '2021-10-22 15:04:16',
  'updatedAt' => '2021-10-22 15:04:16',
  'isDeleted' => 'N',
)
DEBUG - 2024-08-25 22:48:48 --> User IP: ::1
DEBUG - 2024-08-25 22:48:48 --> Email: rana.faizan@66loop.com Password: array (
  'id' => '3',
  'initialInvestment' => '1000',
  'firstName' => 'Test update',
  'lastName' => 'Admin',
  'email' => 'rana.faizan@66loop.com',
  'password' => '$2y$10$sbGynYRnwmbbA0CzXlHZROQEfLziaVPVGVBOlVAYNPcJnLZqL6MDi',
  'phone' => '+923174204952',
  'profile_img' => '/assets/images/users/user_id-3.jpg',
  'address1' => NULL,
  'address2' => NULL,
  'city' => NULL,
  'country' => NULL,
  'zip' => NULL,
  'userTypeId' => '1',
  'uniqueCode' => 'a74ec6fcae24ee06051f78b5c29ce71e',
  'payoutDate' => NULL,
  'payout_per' => '50',
  'transactionType' => NULL,
  'notificationStatus' => 'unread',
  'otp' => '558281',
  'flagfor_accountant' => 'N',
  'returntype_id' => '2',
  'sessionid' => '6v1foc6fph6fafq7ggd7dhlan8',
  'token' => 'a:7:{i:0;s:163:"cCO3kgJJ9L94YuTiIHZ_0k:APA91bFtGlKUZelO2BgGtn-JFxqLEkt2XmZx3g4zMRH9V_bw34E1Ut1F5RP7X8gr8vAiOCchwFLQG-OuR3OtvkJNFCehkH6a6Wwn_0FSz8BpfY-bVKlgjEQ21OgKAasU4ilPNUd1ou-L";i:1;s:163:"doP0yZJw7afzf86exORbKO:APA91bEXGwfJN6D21naOwgQ_vVpe2JKnTyhBgPblEyf1FSTzR8491ktSb0AH3rnkWWx0lPoZsLI8icniQhzw5LUKTo3w6h0JeAzc-iznVoVmpywCvPi9mns8R22-j5HnhftlA_V4l2I9";i:2;s:163:"fNa_IY1AELKkjGSxH9qxnY:APA91bF368VGM2gBbO3xSjNwpd5lRTgxThyh0spMKfvlJkkY_w-DN_V-ZVTEs2ic0NBZO1rI8CAA2Y21p5N7-i2M1V2kO4uEOzU52TARB1n0HY7RP-TrOF_Qdu4BUjE7plnLZWqwVQWA";i:3;s:163:"csi3yqnoQaS7tbOHXcAEbs:APA91bElNXgY-RCOmcCX-PJfYJVNTN68xablAstaiQXDjaUwHfuTk4nZSY_x_xCy0PLpOK803PKF2BE6h_2c30uvDRILZe0QTdfeongFBI86fByaJAoyugFfl7b-moyJnKhpP32cm-eu";i:4;s:163:"fxOyCF-aQr8EBnWq0IX3_U:APA91bHWu5h5gf9nib93hUjnM4uw9O3EhARWaBWTu3Ln-JC2yh__K2XylOqICLqkIu9_T4_WpmUjyMzx7920SbRWKgvglkkjx_u8NkLmEX_R6f0ZKmFaL9ja-9fPUmzastKls9--ErXM";i:5;s:163:"cO1_AhM5l4hE-1pLKecaXj:APA91bFtFmsB__54irudmdslzl6dcPdL6TnP1yJmaCnGYnl1W-XPhu27Y0sER7b_VK4ctS0xThFv6UsZ1NGJFWOiFECf_QzclVR1E8liHUjsuvsjOHCss1nNLqxy342eCt7vDEC4Wm-v";i:6;s:163:"cOVZaX31tlWLrTdCv3Sk5r:APA91bFDc3cK5rKiKSdM6hIuqnX6ergLAkM2YW8_wzqIIEfd7APE6h2vixG3Qi4udPg3kCp2pxaMAHUQ4OtfuSIEWepgged9KQe003Cq6kp1UVVC_BiuBln7Ho9boMuTAwfu1iZRhYOx";}',
  'bearer_token' => NULL,
  'nextpayoutDate' => '0000-00-00',
  'tax_form_flag' => 'Yes',
  'bio' => 'Web developer in 66loop',
  'createdAt' => '2021-10-22 15:04:16',
  'updatedAt' => '2021-10-22 15:04:16',
  'isDeleted' => 'N',
)
DEBUG - 2024-08-25 22:48:48 --> ***************** send otp *****************
DEBUG - 2024-08-25 22:48:49 --> ***************** Login verification *****************805703 rana.faizan@66loop.com
DEBUG - 2024-08-25 22:48:49 --> ***************** Login12321321 verification *****************rana.faizan@66loop.com   805703  Test update Admin
CRITICAL - 2024-08-25 22:48:51 --> mail(): Failed to connect to mailserver at &quot;localhost&quot; port 25, verify your &quot;SMTP&quot; and &quot;smtp_port&quot; setting in php.ini or use ini_set()
#0 [internal function]: CodeIgniter\Debug\Exceptions->errorHandler(2, 'mail(): Failed ...', 'C:\\xampp\\htdocs...', 173)
#1 C:\xampp\htdocs\golong\app\Libraries\Emails.php(173): mail('rana.faizan@66l...', 'Go Long Clients...', 'Go Long Clients...', 'From:contact@go...')
#2 C:\xampp\htdocs\golong\app\Controllers\Home.php(164): App\Libraries\emails->sendOtp('rana.faizan@66l...', '805703', 'Test update Adm...')
#3 C:\xampp\htdocs\golong\system\CodeIgniter.php(939): App\Controllers\Home->sendOtp()
#4 C:\xampp\htdocs\golong\system\CodeIgniter.php(435): CodeIgniter\CodeIgniter->runController(Object(App\Controllers\Home))
#5 C:\xampp\htdocs\golong\system\CodeIgniter.php(336): CodeIgniter\CodeIgniter->handleRequest(NULL, Object(Config\Cache), false)
#6 C:\xampp\htdocs\golong\index.php(44): CodeIgniter\CodeIgniter->run()
#7 {main}
DEBUG - 2024-08-25 22:49:06 --> **************** Admin Session_ID ****************array (
  0 => 
  array (
    'id' => '168',
  ),
  1 => 
  array (
    'id' => '164',
  ),
  2 => 
  array (
    'id' => '160',
  ),
)
DEBUG - 2024-08-25 22:49:33 --> **************** Admin Session_ID ****************array (
  0 => 
  array (
    'id' => '168',
  ),
  1 => 
  array (
    'id' => '164',
  ),
  2 => 
  array (
    'id' => '160',
  ),
)
DEBUG - 2024-08-25 22:49:41 --> **************** Admin Session_ID ****************array (
  0 => 
  array (
    'id' => '168',
  ),
  1 => 
  array (
    'id' => '164',
  ),
  2 => 
  array (
    'id' => '160',
  ),
)
DEBUG - 2024-08-25 22:49:44 --> **************** Admin Session_ID ****************array (
  0 => 
  array (
    'id' => '168',
  ),
  1 => 
  array (
    'id' => '164',
  ),
  2 => 
  array (
    'id' => '160',
  ),
)
DEBUG - 2024-08-25 22:53:07 --> **************** Admin Session_ID ****************array (
  0 => 
  array (
    'id' => '168',
  ),
  1 => 
  array (
    'id' => '164',
  ),
  2 => 
  array (
    'id' => '160',
  ),
)
DEBUG - 2024-08-25 23:01:43 --> **************** Admin Session_ID ****************array (
  0 => 
  array (
    'id' => '168',
  ),
  1 => 
  array (
    'id' => '164',
  ),
  2 => 
  array (
    'id' => '160',
  ),
)
DEBUG - 2024-08-25 23:01:47 --> **************** Admin Session_ID ****************array (
  0 => 
  array (
    'id' => '168',
  ),
  1 => 
  array (
    'id' => '164',
  ),
  2 => 
  array (
    'id' => '160',
  ),
)
DEBUG - 2024-08-25 23:03:28 --> ***************** Login verification *****************
DEBUG - 2024-08-25 23:03:28 --> ***************** Login verification *****************
DEBUG - 2024-08-25 23:03:28 --> User IP: ::1
DEBUG - 2024-08-25 23:03:28 --> Email: 9o9ame@gmail.com Password: array (
  'id' => '49',
  'initialInvestment' => '200000',
  'firstName' => 'Scott update',
  'lastName' => 'Barrie',
  'email' => '9o9ame@gmail.com',
  'password' => '$2y$10$36qR74ayA3cUDtLX.RFJ6eFNiuuSLy3le/hl8LrgigWH0NqgX7myW',
  'phone' => '4039782772',
  'profile_img' => '/assets/images/users/user_id-49.jpg',
  'address1' => NULL,
  'address2' => NULL,
  'city' => NULL,
  'country' => NULL,
  'zip' => NULL,
  'userTypeId' => '2',
  'uniqueCode' => '1bda4f3ab4c377091fbfb5dbcef40b0c',
  'payoutDate' => '0000-00-00',
  'payout_per' => '50',
  'transactionType' => 'ROI',
  'notificationStatus' => 'unread',
  'otp' => '451860',
  'flagfor_accountant' => 'N',
  'returntype_id' => '2',
  'sessionid' => 'ipaeo54r3jpsu5199kctd6af82',
  'token' => 'a:2:{i:0;s:163:"csi3yqnoQaS7tbOHXcAEbs:APA91bElNXgY-RCOmcCX-PJfYJVNTN68xablAstaiQXDjaUwHfuTk4nZSY_x_xCy0PLpOK803PKF2BE6h_2c30uvDRILZe0QTdfeongFBI86fByaJAoyugFfl7b-moyJnKhpP32cm-eu";i:1;s:163:"fNa_IY1AELKkjGSxH9qxnY:APA91bF368VGM2gBbO3xSjNwpd5lRTgxThyh0spMKfvlJkkY_w-DN_V-ZVTEs2ic0NBZO1rI8CAA2Y21p5N7-i2M1V2kO4uEOzU52TARB1n0HY7RP-TrOF_Qdu4BUjE7plnLZWqwVQWA";}',
  'bearer_token' => NULL,
  'nextpayoutDate' => '0000-00-00',
  'tax_form_flag' => 'Yes',
  'bio' => 'about',
  'createdAt' => '2022-08-18 19:22:55',
  'updatedAt' => '2022-08-18 19:23:31',
  'isDeleted' => 'N',
)
DEBUG - 2024-08-25 23:03:28 --> User IP: ::1
DEBUG - 2024-08-25 23:03:28 --> Email: 9o9ame@gmail.com Password: array (
  'id' => '49',
  'initialInvestment' => '200000',
  'firstName' => 'Scott update',
  'lastName' => 'Barrie',
  'email' => '9o9ame@gmail.com',
  'password' => '$2y$10$36qR74ayA3cUDtLX.RFJ6eFNiuuSLy3le/hl8LrgigWH0NqgX7myW',
  'phone' => '4039782772',
  'profile_img' => '/assets/images/users/user_id-49.jpg',
  'address1' => NULL,
  'address2' => NULL,
  'city' => NULL,
  'country' => NULL,
  'zip' => NULL,
  'userTypeId' => '2',
  'uniqueCode' => '1bda4f3ab4c377091fbfb5dbcef40b0c',
  'payoutDate' => '0000-00-00',
  'payout_per' => '50',
  'transactionType' => 'ROI',
  'notificationStatus' => 'unread',
  'otp' => '451860',
  'flagfor_accountant' => 'N',
  'returntype_id' => '2',
  'sessionid' => 'ipaeo54r3jpsu5199kctd6af82',
  'token' => 'a:2:{i:0;s:163:"csi3yqnoQaS7tbOHXcAEbs:APA91bElNXgY-RCOmcCX-PJfYJVNTN68xablAstaiQXDjaUwHfuTk4nZSY_x_xCy0PLpOK803PKF2BE6h_2c30uvDRILZe0QTdfeongFBI86fByaJAoyugFfl7b-moyJnKhpP32cm-eu";i:1;s:163:"fNa_IY1AELKkjGSxH9qxnY:APA91bF368VGM2gBbO3xSjNwpd5lRTgxThyh0spMKfvlJkkY_w-DN_V-ZVTEs2ic0NBZO1rI8CAA2Y21p5N7-i2M1V2kO4uEOzU52TARB1n0HY7RP-TrOF_Qdu4BUjE7plnLZWqwVQWA";}',
  'bearer_token' => NULL,
  'nextpayoutDate' => '0000-00-00',
  'tax_form_flag' => 'Yes',
  'bio' => 'about',
  'createdAt' => '2022-08-18 19:22:55',
  'updatedAt' => '2022-08-18 19:23:31',
  'isDeleted' => 'N',
)
DEBUG - 2024-08-25 23:03:28 --> ***************** send otp *****************
DEBUG - 2024-08-25 23:03:28 --> ***************** Login verification *****************110143 9o9ame@gmail.com
DEBUG - 2024-08-25 23:03:28 --> ***************** Login12321321 verification *****************9o9ame@gmail.com   110143  Scott update Barrie
CRITICAL - 2024-08-25 23:03:30 --> mail(): Failed to connect to mailserver at &quot;localhost&quot; port 25, verify your &quot;SMTP&quot; and &quot;smtp_port&quot; setting in php.ini or use ini_set()
#0 [internal function]: CodeIgniter\Debug\Exceptions->errorHandler(2, 'mail(): Failed ...', 'C:\\xampp\\htdocs...', 173)
#1 C:\xampp\htdocs\golong\app\Libraries\Emails.php(173): mail('9o9ame@gmail.co...', 'Go Long Clients...', 'Go Long Clients...', 'From:contact@go...')
#2 C:\xampp\htdocs\golong\app\Controllers\Home.php(164): App\Libraries\emails->sendOtp('9o9ame@gmail.co...', '110143', 'Scott update Ba...')
#3 C:\xampp\htdocs\golong\system\CodeIgniter.php(939): App\Controllers\Home->sendOtp()
#4 C:\xampp\htdocs\golong\system\CodeIgniter.php(435): CodeIgniter\CodeIgniter->runController(Object(App\Controllers\Home))
#5 C:\xampp\htdocs\golong\system\CodeIgniter.php(336): CodeIgniter\CodeIgniter->handleRequest(NULL, Object(Config\Cache), false)
#6 C:\xampp\htdocs\golong\index.php(44): CodeIgniter\CodeIgniter->run()
#7 {main}
DEBUG - 2024-08-25 23:03:48 --> Notifications CHeck array (
  0 => 
  array (
    'id' => '171',
    'title' => 'Withdrawal Request has been Completed',
    'description' => 'Your Withdrawal request has been Completed.',
    'publishDate' => '2024-08-23 19:16:00',
    'user_id' => '49',
    'is_read' => 'N',
  ),
  1 => 
  array (
    'id' => '170',
    'title' => 'Deposit Request has been Completed',
    'description' => 'Your deposit request has been Completed.',
    'publishDate' => '2024-08-23 18:38:49',
    'user_id' => '49',
    'is_read' => 'N',
  ),
  2 => 
  array (
    'id' => '167',
    'title' => 'Deposit Request has been Rejected',
    'description' => 'Your deposit request has been Rejected.',
    'publishDate' => '2024-08-22 13:01:42',
    'user_id' => '49',
    'is_read' => 'N',
  ),
  3 => 
  array (
    'id' => '166',
    'title' => 'Deposit Request has been Accepted',
    'description' => 'Your deposit request has been Accepted.',
    'publishDate' => '2024-08-22 13:01:23',
    'user_id' => '49',
    'is_read' => 'N',
  ),
  4 => 
  array (
    'id' => '165',
    'title' => 'Withdrawal Request has been Accepted',
    'description' => 'Your withdrawal request has been Accepted.',
    'publishDate' => '2024-08-22 11:41:23',
    'user_id' => '49',
    'is_read' => 'N',
  ),
  5 => 
  array (
    'id' => '164',
    'title' => 'Withdrawal Request has been Rejected',
    'description' => 'Your withdrawal request has been rejected.',
    'publishDate' => '2024-08-22 11:41:05',
    'user_id' => '49',
    'is_read' => 'N',
  ),
  6 => 
  array (
    'id' => '155',
    'title' => 'allNotifications',
    'description' => 'allNotifications',
    'publishDate' => '2024-08-21 01:21:44',
    'user_id' => '49',
    'is_read' => 'N',
  ),
  7 => 
  array (
    'id' => '140',
    'title' => 'Withdrawal Request Accepted',
    'description' => 'Your withdrawal request has been Accepted.',
    'publishDate' => '2024-08-21 12:52:54',
    'user_id' => '49',
    'is_read' => 'N',
  ),
  8 => 
  array (
    'id' => '129',
    'title' => 'Withdrawal Request Accepted',
    'description' => 'Your withdrawal request has been Accepted.',
    'publishDate' => '2024-08-21 12:52:54',
    'user_id' => '49',
    'is_read' => 'N',
  ),
  9 => 
  array (
    'id' => '133',
    'title' => 'Withdrawal Request has been Completed',
    'description' => 'Your Withdrawal request has been Completed.',
    'publishDate' => '2023-02-24 08:15:40',
    'user_id' => '49',
    'is_read' => 'N',
  ),
  10 => 
  array (
    'id' => '132',
    'title' => 'Withdrawal Request has been Accepted',
    'description' => 'Your withdrawal request has been Accepted.',
    'publishDate' => '2023-02-24 08:15:31',
    'user_id' => '49',
    'is_read' => 'N',
  ),
  11 => 
  array (
    'id' => '131',
    'title' => 'Withdrawal Request has been Completed',
    'description' => 'Your Withdrawal request has been Completed.',
    'publishDate' => '2023-02-24 08:14:42',
    'user_id' => '49',
    'is_read' => 'N',
  ),
  12 => 
  array (
    'id' => '130',
    'title' => 'Withdrawal Request has been Accepted',
    'description' => 'Your withdrawal request has been Accepted.',
    'publishDate' => '2023-02-24 08:14:31',
    'user_id' => '49',
    'is_read' => 'N',
  ),
  13 => 
  array (
    'id' => '88',
    'title' => 'Deposit Request has been Accepted',
    'description' => 'Your deposit request has been Accepted.',
    'publishDate' => '2023-01-31 07:47:51',
    'user_id' => '49',
    'is_read' => 'N',
  ),
  14 => 
  array (
    'id' => '87',
    'title' => 'Deposit Request has been Completed',
    'description' => 'Your deposit request has been Completed.',
    'publishDate' => '2023-01-31 07:47:27',
    'user_id' => '49',
    'is_read' => 'N',
  ),
  15 => 
  array (
    'id' => '86',
    'title' => 'Deposit Request has been Rejected',
    'description' => 'Your deposit request has been Rejected.',
    'publishDate' => '2023-01-31 07:30:54',
    'user_id' => '49',
    'is_read' => 'N',
  ),
  16 => 
  array (
    'id' => '85',
    'title' => 'Deposit Request has been Completed',
    'description' => 'Your deposit request has been Completed.',
    'publishDate' => '2023-01-31 07:30:08',
    'user_id' => '49',
    'is_read' => 'N',
  ),
  17 => 
  array (
    'id' => '84',
    'title' => 'Deposit Request has been Accepted',
    'description' => 'Your deposit request has been Accepted.',
    'publishDate' => '2023-01-31 07:29:28',
    'user_id' => '49',
    'is_read' => 'N',
  ),
  18 => 
  array (
    'id' => '82',
    'title' => 'Withdrawal Request has been Completed',
    'description' => 'Your Withdrawal request has been Completed.',
    'publishDate' => '2023-01-31 07:27:58',
    'user_id' => '49',
    'is_read' => 'N',
  ),
  19 => 
  array (
    'id' => '81',
    'title' => 'Withdrawal Request has been Completed',
    'description' => 'Your Withdrawal request has been Completed.',
    'publishDate' => '2023-01-31 07:27:48',
    'user_id' => '49',
    'is_read' => 'N',
  ),
  20 => 
  array (
    'id' => '80',
    'title' => 'Withdrawal Request has been Accepted',
    'description' => 'Your withdrawal request has been Accepted.',
    'publishDate' => '2023-01-31 07:27:19',
    'user_id' => '49',
    'is_read' => 'N',
  ),
  21 => 
  array (
    'id' => '79',
    'title' => 'Withdrawal Request has been Completed',
    'description' => 'Your Withdrawal request has been Completed.',
    'publishDate' => '2023-01-31 07:26:58',
    'user_id' => '49',
    'is_read' => 'Y',
  ),
  22 => 
  array (
    'id' => '78',
    'title' => 'Withdrawal Request has been Accepted',
    'description' => 'Your withdrawal request has been Accepted.',
    'publishDate' => '2023-01-31 07:26:42',
    'user_id' => '49',
    'is_read' => 'N',
  ),
  23 => 
  array (
    'id' => '77',
    'title' => 'Withdrawal Request has been Accepted',
    'description' => 'Your withdrawal request has been Accepted.',
    'publishDate' => '2023-01-31 07:26:19',
    'user_id' => '49',
    'is_read' => 'N',
  ),
  24 => 
  array (
    'id' => '76',
    'title' => 'Withdrawal Request has been Completed',
    'description' => 'Your Withdrawal request has been Completed.',
    'publishDate' => '2023-01-31 07:26:01',
    'user_id' => '49',
    'is_read' => 'N',
  ),
  25 => 
  array (
    'id' => '75',
    'title' => 'Withdrawal Request has been Accepted',
    'description' => 'Your withdrawal request has been Accepted.',
    'publishDate' => '2023-01-31 07:24:06',
    'user_id' => '49',
    'is_read' => 'N',
  ),
)
DEBUG - 2024-08-25 23:03:48 --> PLID: 49
DEBUG - 2024-08-25 23:03:48 --> PL1: 2190
ERROR - 2024-08-25 23:03:49 --> 49
DEBUG - 2024-08-25 23:03:49 --> PLID: 49
DEBUG - 2024-08-25 23:03:49 --> PL1: 2190
CRITICAL - 2024-08-25 23:03:53 --> Invalid file: /home/withdrawal.php
#0 C:\xampp\htdocs\golong\system\View\View.php(203): CodeIgniter\Exceptions\FrameworkException::forInvalidFile('/home/withdrawa...')
#1 C:\xampp\htdocs\golong\system\Common.php(1217): CodeIgniter\View\View->render('/home/withdrawa...', Array, true)
#2 C:\xampp\htdocs\golong\app\Controllers\User.php(712): view('/home/withdrawa...', Array)
#3 C:\xampp\htdocs\golong\system\CodeIgniter.php(939): App\Controllers\User->withdrawal()
#4 C:\xampp\htdocs\golong\system\CodeIgniter.php(435): CodeIgniter\CodeIgniter->runController(Object(App\Controllers\User))
#5 C:\xampp\htdocs\golong\system\CodeIgniter.php(336): CodeIgniter\CodeIgniter->handleRequest(NULL, Object(Config\Cache), false)
#6 C:\xampp\htdocs\golong\index.php(44): CodeIgniter\CodeIgniter->run()
#7 {main}
DEBUG - 2024-08-25 23:03:56 --> Notifications CHeck array (
  0 => 
  array (
    'id' => '171',
    'title' => 'Withdrawal Request has been Completed',
    'description' => 'Your Withdrawal request has been Completed.',
    'publishDate' => '2024-08-23 19:16:00',
    'user_id' => '49',
    'is_read' => 'N',
  ),
  1 => 
  array (
    'id' => '170',
    'title' => 'Deposit Request has been Completed',
    'description' => 'Your deposit request has been Completed.',
    'publishDate' => '2024-08-23 18:38:49',
    'user_id' => '49',
    'is_read' => 'N',
  ),
  2 => 
  array (
    'id' => '167',
    'title' => 'Deposit Request has been Rejected',
    'description' => 'Your deposit request has been Rejected.',
    'publishDate' => '2024-08-22 13:01:42',
    'user_id' => '49',
    'is_read' => 'N',
  ),
  3 => 
  array (
    'id' => '166',
    'title' => 'Deposit Request has been Accepted',
    'description' => 'Your deposit request has been Accepted.',
    'publishDate' => '2024-08-22 13:01:23',
    'user_id' => '49',
    'is_read' => 'N',
  ),
  4 => 
  array (
    'id' => '165',
    'title' => 'Withdrawal Request has been Accepted',
    'description' => 'Your withdrawal request has been Accepted.',
    'publishDate' => '2024-08-22 11:41:23',
    'user_id' => '49',
    'is_read' => 'N',
  ),
  5 => 
  array (
    'id' => '164',
    'title' => 'Withdrawal Request has been Rejected',
    'description' => 'Your withdrawal request has been rejected.',
    'publishDate' => '2024-08-22 11:41:05',
    'user_id' => '49',
    'is_read' => 'N',
  ),
  6 => 
  array (
    'id' => '155',
    'title' => 'allNotifications',
    'description' => 'allNotifications',
    'publishDate' => '2024-08-21 01:21:44',
    'user_id' => '49',
    'is_read' => 'N',
  ),
  7 => 
  array (
    'id' => '140',
    'title' => 'Withdrawal Request Accepted',
    'description' => 'Your withdrawal request has been Accepted.',
    'publishDate' => '2024-08-21 12:52:54',
    'user_id' => '49',
    'is_read' => 'N',
  ),
  8 => 
  array (
    'id' => '129',
    'title' => 'Withdrawal Request Accepted',
    'description' => 'Your withdrawal request has been Accepted.',
    'publishDate' => '2024-08-21 12:52:54',
    'user_id' => '49',
    'is_read' => 'N',
  ),
  9 => 
  array (
    'id' => '133',
    'title' => 'Withdrawal Request has been Completed',
    'description' => 'Your Withdrawal request has been Completed.',
    'publishDate' => '2023-02-24 08:15:40',
    'user_id' => '49',
    'is_read' => 'N',
  ),
  10 => 
  array (
    'id' => '132',
    'title' => 'Withdrawal Request has been Accepted',
    'description' => 'Your withdrawal request has been Accepted.',
    'publishDate' => '2023-02-24 08:15:31',
    'user_id' => '49',
    'is_read' => 'N',
  ),
  11 => 
  array (
    'id' => '131',
    'title' => 'Withdrawal Request has been Completed',
    'description' => 'Your Withdrawal request has been Completed.',
    'publishDate' => '2023-02-24 08:14:42',
    'user_id' => '49',
    'is_read' => 'N',
  ),
  12 => 
  array (
    'id' => '130',
    'title' => 'Withdrawal Request has been Accepted',
    'description' => 'Your withdrawal request has been Accepted.',
    'publishDate' => '2023-02-24 08:14:31',
    'user_id' => '49',
    'is_read' => 'N',
  ),
  13 => 
  array (
    'id' => '88',
    'title' => 'Deposit Request has been Accepted',
    'description' => 'Your deposit request has been Accepted.',
    'publishDate' => '2023-01-31 07:47:51',
    'user_id' => '49',
    'is_read' => 'N',
  ),
  14 => 
  array (
    'id' => '87',
    'title' => 'Deposit Request has been Completed',
    'description' => 'Your deposit request has been Completed.',
    'publishDate' => '2023-01-31 07:47:27',
    'user_id' => '49',
    'is_read' => 'N',
  ),
  15 => 
  array (
    'id' => '86',
    'title' => 'Deposit Request has been Rejected',
    'description' => 'Your deposit request has been Rejected.',
    'publishDate' => '2023-01-31 07:30:54',
    'user_id' => '49',
    'is_read' => 'N',
  ),
  16 => 
  array (
    'id' => '85',
    'title' => 'Deposit Request has been Completed',
    'description' => 'Your deposit request has been Completed.',
    'publishDate' => '2023-01-31 07:30:08',
    'user_id' => '49',
    'is_read' => 'N',
  ),
  17 => 
  array (
    'id' => '84',
    'title' => 'Deposit Request has been Accepted',
    'description' => 'Your deposit request has been Accepted.',
    'publishDate' => '2023-01-31 07:29:28',
    'user_id' => '49',
    'is_read' => 'N',
  ),
  18 => 
  array (
    'id' => '82',
    'title' => 'Withdrawal Request has been Completed',
    'description' => 'Your Withdrawal request has been Completed.',
    'publishDate' => '2023-01-31 07:27:58',
    'user_id' => '49',
    'is_read' => 'N',
  ),
  19 => 
  array (
    'id' => '81',
    'title' => 'Withdrawal Request has been Completed',
    'description' => 'Your Withdrawal request has been Completed.',
    'publishDate' => '2023-01-31 07:27:48',
    'user_id' => '49',
    'is_read' => 'N',
  ),
  20 => 
  array (
    'id' => '80',
    'title' => 'Withdrawal Request has been Accepted',
    'description' => 'Your withdrawal request has been Accepted.',
    'publishDate' => '2023-01-31 07:27:19',
    'user_id' => '49',
    'is_read' => 'N',
  ),
  21 => 
  array (
    'id' => '79',
    'title' => 'Withdrawal Request has been Completed',
    'description' => 'Your Withdrawal request has been Completed.',
    'publishDate' => '2023-01-31 07:26:58',
    'user_id' => '49',
    'is_read' => 'Y',
  ),
  22 => 
  array (
    'id' => '78',
    'title' => 'Withdrawal Request has been Accepted',
    'description' => 'Your withdrawal request has been Accepted.',
    'publishDate' => '2023-01-31 07:26:42',
    'user_id' => '49',
    'is_read' => 'N',
  ),
  23 => 
  array (
    'id' => '77',
    'title' => 'Withdrawal Request has been Accepted',
    'description' => 'Your withdrawal request has been Accepted.',
    'publishDate' => '2023-01-31 07:26:19',
    'user_id' => '49',
    'is_read' => 'N',
  ),
  24 => 
  array (
    'id' => '76',
    'title' => 'Withdrawal Request has been Completed',
    'description' => 'Your Withdrawal request has been Completed.',
    'publishDate' => '2023-01-31 07:26:01',
    'user_id' => '49',
    'is_read' => 'N',
  ),
  25 => 
  array (
    'id' => '75',
    'title' => 'Withdrawal Request has been Accepted',
    'description' => 'Your withdrawal request has been Accepted.',
    'publishDate' => '2023-01-31 07:24:06',
    'user_id' => '49',
    'is_read' => 'N',
  ),
)
DEBUG - 2024-08-25 23:03:56 --> PLID: 49
DEBUG - 2024-08-25 23:03:56 --> PL1: 2190
DEBUG - 2024-08-25 23:03:56 --> PLID: 49
DEBUG - 2024-08-25 23:03:56 --> PL1: 2190
ERROR - 2024-08-25 23:03:56 --> 49
CRITICAL - 2024-08-25 23:07:26 --> Invalid file: /home/withdrawal.php
#0 C:\xampp\htdocs\golong\system\View\View.php(203): CodeIgniter\Exceptions\FrameworkException::forInvalidFile('/home/withdrawa...')
#1 C:\xampp\htdocs\golong\system\Common.php(1217): CodeIgniter\View\View->render('/home/withdrawa...', Array, true)
#2 C:\xampp\htdocs\golong\app\Controllers\User.php(712): view('/home/withdrawa...', Array)
#3 C:\xampp\htdocs\golong\system\CodeIgniter.php(939): App\Controllers\User->withdrawal()
#4 C:\xampp\htdocs\golong\system\CodeIgniter.php(435): CodeIgniter\CodeIgniter->runController(Object(App\Controllers\User))
#5 C:\xampp\htdocs\golong\system\CodeIgniter.php(336): CodeIgniter\CodeIgniter->handleRequest(NULL, Object(Config\Cache), false)
#6 C:\xampp\htdocs\golong\index.php(44): CodeIgniter\CodeIgniter->run()
#7 {main}
DEBUG - 2024-08-25 23:21:22 --> **************** Admin Session_ID ****************array (
  0 => 
  array (
    'id' => '168',
  ),
  1 => 
  array (
    'id' => '164',
  ),
  2 => 
  array (
    'id' => '160',
  ),
)
CRITICAL - 2024-08-25 23:27:06 --> Undefined variable $userDetails
#0 C:\xampp\htdocs\golong\app\Views\home\notificationpage.php(71): CodeIgniter\Debug\Exceptions->errorHandler(2, 'Undefined varia...', 'C:\\xampp\\htdocs...', 71)
#1 C:\xampp\htdocs\golong\system\View\View.php(220): include('C:\\xampp\\htdocs...')
#2 C:\xampp\htdocs\golong\system\View\View.php(222): CodeIgniter\View\View->CodeIgniter\View\{closure}()
#3 C:\xampp\htdocs\golong\system\Common.php(1217): CodeIgniter\View\View->render('/home/notificat...', Array, true)
#4 C:\xampp\htdocs\golong\app\Controllers\Admin.php(1174): view('/home/notificat...', Array)
#5 C:\xampp\htdocs\golong\system\CodeIgniter.php(939): App\Controllers\Admin->notifications()
#6 C:\xampp\htdocs\golong\system\CodeIgniter.php(435): CodeIgniter\CodeIgniter->runController(Object(App\Controllers\Admin))
#7 C:\xampp\htdocs\golong\system\CodeIgniter.php(336): CodeIgniter\CodeIgniter->handleRequest(NULL, Object(Config\Cache), false)
#8 C:\xampp\htdocs\golong\index.php(44): CodeIgniter\CodeIgniter->run()
#9 {main}
CRITICAL - 2024-08-25 23:27:21 --> Undefined variable $userDetails
#0 C:\xampp\htdocs\golong\app\Views\home\notificationpage.php(71): CodeIgniter\Debug\Exceptions->errorHandler(2, 'Undefined varia...', 'C:\\xampp\\htdocs...', 71)
#1 C:\xampp\htdocs\golong\system\View\View.php(220): include('C:\\xampp\\htdocs...')
#2 C:\xampp\htdocs\golong\system\View\View.php(222): CodeIgniter\View\View->CodeIgniter\View\{closure}()
#3 C:\xampp\htdocs\golong\system\Common.php(1217): CodeIgniter\View\View->render('/home/notificat...', Array, true)
#4 C:\xampp\htdocs\golong\app\Controllers\Admin.php(1174): view('/home/notificat...', Array)
#5 C:\xampp\htdocs\golong\system\CodeIgniter.php(939): App\Controllers\Admin->notifications()
#6 C:\xampp\htdocs\golong\system\CodeIgniter.php(435): CodeIgniter\CodeIgniter->runController(Object(App\Controllers\Admin))
#7 C:\xampp\htdocs\golong\system\CodeIgniter.php(336): CodeIgniter\CodeIgniter->handleRequest(NULL, Object(Config\Cache), false)
#8 C:\xampp\htdocs\golong\index.php(44): CodeIgniter\CodeIgniter->run()
#9 {main}
CRITICAL - 2024-08-25 23:27:59 --> Undefined variable $userDetails
#0 C:\xampp\htdocs\golong\app\Views\home\notificationpage.php(71): CodeIgniter\Debug\Exceptions->errorHandler(2, 'Undefined varia...', 'C:\\xampp\\htdocs...', 71)
#1 C:\xampp\htdocs\golong\system\View\View.php(220): include('C:\\xampp\\htdocs...')
#2 C:\xampp\htdocs\golong\system\View\View.php(222): CodeIgniter\View\View->CodeIgniter\View\{closure}()
#3 C:\xampp\htdocs\golong\system\Common.php(1217): CodeIgniter\View\View->render('/home/notificat...', Array, true)
#4 C:\xampp\htdocs\golong\app\Controllers\Admin.php(1174): view('/home/notificat...', Array)
#5 C:\xampp\htdocs\golong\system\CodeIgniter.php(939): App\Controllers\Admin->notifications()
#6 C:\xampp\htdocs\golong\system\CodeIgniter.php(435): CodeIgniter\CodeIgniter->runController(Object(App\Controllers\Admin))
#7 C:\xampp\htdocs\golong\system\CodeIgniter.php(336): CodeIgniter\CodeIgniter->handleRequest(NULL, Object(Config\Cache), false)
#8 C:\xampp\htdocs\golong\index.php(44): CodeIgniter\CodeIgniter->run()
#9 {main}
CRITICAL - 2024-08-25 23:28:01 --> Undefined variable $userDetails
#0 C:\xampp\htdocs\golong\app\Views\home\notificationpage.php(71): CodeIgniter\Debug\Exceptions->errorHandler(2, 'Undefined varia...', 'C:\\xampp\\htdocs...', 71)
#1 C:\xampp\htdocs\golong\system\View\View.php(220): include('C:\\xampp\\htdocs...')
#2 C:\xampp\htdocs\golong\system\View\View.php(222): CodeIgniter\View\View->CodeIgniter\View\{closure}()
#3 C:\xampp\htdocs\golong\system\Common.php(1217): CodeIgniter\View\View->render('/home/notificat...', Array, true)
#4 C:\xampp\htdocs\golong\app\Controllers\Admin.php(1174): view('/home/notificat...', Array)
#5 C:\xampp\htdocs\golong\system\CodeIgniter.php(939): App\Controllers\Admin->notifications()
#6 C:\xampp\htdocs\golong\system\CodeIgniter.php(435): CodeIgniter\CodeIgniter->runController(Object(App\Controllers\Admin))
#7 C:\xampp\htdocs\golong\system\CodeIgniter.php(336): CodeIgniter\CodeIgniter->handleRequest(NULL, Object(Config\Cache), false)
#8 C:\xampp\htdocs\golong\index.php(44): CodeIgniter\CodeIgniter->run()
#9 {main}
CRITICAL - 2024-08-25 23:28:31 --> Undefined variable $userDetails
#0 C:\xampp\htdocs\golong\app\Views\home\notificationpage.php(71): CodeIgniter\Debug\Exceptions->errorHandler(2, 'Undefined varia...', 'C:\\xampp\\htdocs...', 71)
#1 C:\xampp\htdocs\golong\system\View\View.php(220): include('C:\\xampp\\htdocs...')
#2 C:\xampp\htdocs\golong\system\View\View.php(222): CodeIgniter\View\View->CodeIgniter\View\{closure}()
#3 C:\xampp\htdocs\golong\system\Common.php(1217): CodeIgniter\View\View->render('/home/notificat...', Array, true)
#4 C:\xampp\htdocs\golong\app\Controllers\Admin.php(1174): view('/home/notificat...', Array)
#5 C:\xampp\htdocs\golong\system\CodeIgniter.php(939): App\Controllers\Admin->notifications()
#6 C:\xampp\htdocs\golong\system\CodeIgniter.php(435): CodeIgniter\CodeIgniter->runController(Object(App\Controllers\Admin))
#7 C:\xampp\htdocs\golong\system\CodeIgniter.php(336): CodeIgniter\CodeIgniter->handleRequest(NULL, Object(Config\Cache), false)
#8 C:\xampp\htdocs\golong\index.php(44): CodeIgniter\CodeIgniter->run()
#9 {main}
CRITICAL - 2024-08-25 23:28:55 --> Undefined variable $userDetails
#0 C:\xampp\htdocs\golong\app\Views\home\notificationpage.php(71): CodeIgniter\Debug\Exceptions->errorHandler(2, 'Undefined varia...', 'C:\\xampp\\htdocs...', 71)
#1 C:\xampp\htdocs\golong\system\View\View.php(220): include('C:\\xampp\\htdocs...')
#2 C:\xampp\htdocs\golong\system\View\View.php(222): CodeIgniter\View\View->CodeIgniter\View\{closure}()
#3 C:\xampp\htdocs\golong\system\Common.php(1217): CodeIgniter\View\View->render('/home/notificat...', Array, true)
#4 C:\xampp\htdocs\golong\app\Controllers\Admin.php(1174): view('/home/notificat...', Array)
#5 C:\xampp\htdocs\golong\system\CodeIgniter.php(939): App\Controllers\Admin->notifications()
#6 C:\xampp\htdocs\golong\system\CodeIgniter.php(435): CodeIgniter\CodeIgniter->runController(Object(App\Controllers\Admin))
#7 C:\xampp\htdocs\golong\system\CodeIgniter.php(336): CodeIgniter\CodeIgniter->handleRequest(NULL, Object(Config\Cache), false)
#8 C:\xampp\htdocs\golong\index.php(44): CodeIgniter\CodeIgniter->run()
#9 {main}
DEBUG - 2024-08-25 23:34:59 --> **************** Admin Session_ID ****************array (
  0 => 
  array (
    'id' => '168',
  ),
  1 => 
  array (
    'id' => '164',
  ),
  2 => 
  array (
    'id' => '160',
  ),
)
DEBUG - 2024-08-25 23:36:33 --> **************** Admin Session_ID ****************array (
  0 => 
  array (
    'id' => '168',
  ),
  1 => 
  array (
    'id' => '164',
  ),
  2 => 
  array (
    'id' => '160',
  ),
)
DEBUG - 2024-08-25 23:39:12 --> **************** Admin Session_ID ****************array (
  0 => 
  array (
    'id' => '168',
  ),
  1 => 
  array (
    'id' => '164',
  ),
  2 => 
  array (
    'id' => '160',
  ),
)
DEBUG - 2024-08-25 23:39:24 --> **************** Admin Session_ID ****************array (
  0 => 
  array (
    'id' => '168',
  ),
  1 => 
  array (
    'id' => '164',
  ),
  2 => 
  array (
    'id' => '160',
  ),
)
DEBUG - 2024-08-25 23:39:28 --> **************** Admin Session_ID ****************array (
  0 => 
  array (
    'id' => '168',
  ),
  1 => 
  array (
    'id' => '164',
  ),
  2 => 
  array (
    'id' => '160',
  ),
)
DEBUG - 2024-08-25 23:39:33 --> **************** Admin Session_ID ****************array (
  0 => 
  array (
    'id' => '168',
  ),
  1 => 
  array (
    'id' => '164',
  ),
  2 => 
  array (
    'id' => '160',
  ),
)
DEBUG - 2024-08-25 23:40:10 --> **************** Admin Session_ID ****************array (
)
DEBUG - 2024-08-25 23:40:16 --> **************** Admin Session_ID ****************array (
  0 => 
  array (
    'id' => '168',
  ),
  1 => 
  array (
    'id' => '164',
  ),
  2 => 
  array (
    'id' => '160',
  ),
)
DEBUG - 2024-08-25 23:40:20 --> **************** Admin Session_ID ****************array (
)
DEBUG - 2024-08-25 23:40:43 --> **************** Admin Session_ID ****************array (
  0 => 
  array (
    'id' => '168',
  ),
  1 => 
  array (
    'id' => '164',
  ),
  2 => 
  array (
    'id' => '160',
  ),
)
DEBUG - 2024-08-25 23:40:45 --> **************** Admin Session_ID ****************array (
  0 => 
  array (
    'id' => '168',
  ),
  1 => 
  array (
    'id' => '164',
  ),
  2 => 
  array (
    'id' => '160',
  ),
)
DEBUG - 2024-08-25 23:47:31 --> **************** Admin Session_ID ****************array (
  0 => 
  array (
    'id' => '168',
  ),
  1 => 
  array (
    'id' => '164',
  ),
  2 => 
  array (
    'id' => '160',
  ),
)
DEBUG - 2024-08-25 23:49:18 --> **************** Admin Session_ID ****************array (
  0 => 
  array (
    'id' => '168',
  ),
  1 => 
  array (
    'id' => '164',
  ),
  2 => 
  array (
    'id' => '160',
  ),
)
DEBUG - 2024-08-25 23:49:27 --> **************** Admin Session_ID ****************array (
  0 => 
  array (
    'id' => '168',
  ),
  1 => 
  array (
    'id' => '164',
  ),
  2 => 
  array (
    'id' => '160',
  ),
)
DEBUG - 2024-08-25 23:49:34 --> **************** Admin Session_ID ****************array (
  0 => 
  array (
    'id' => '168',
  ),
  1 => 
  array (
    'id' => '164',
  ),
  2 => 
  array (
    'id' => '160',
  ),
)
DEBUG - 2024-08-25 23:54:05 --> ***************** SignUp *****************
CRITICAL - 2024-08-25 23:54:05 --> Undefined array key "inputEmail4"
#0 C:\xampp\htdocs\golong\app\Controllers\Home.php(290): CodeIgniter\Debug\Exceptions->errorHandler(2, 'Undefined array...', 'C:\\xampp\\htdocs...', 290)
#1 C:\xampp\htdocs\golong\system\CodeIgniter.php(939): App\Controllers\Home->saveSignupData()
#2 C:\xampp\htdocs\golong\system\CodeIgniter.php(435): CodeIgniter\CodeIgniter->runController(Object(App\Controllers\Home))
#3 C:\xampp\htdocs\golong\system\CodeIgniter.php(336): CodeIgniter\CodeIgniter->handleRequest(NULL, Object(Config\Cache), false)
#4 C:\xampp\htdocs\golong\index.php(44): CodeIgniter\CodeIgniter->run()
#5 {main}
DEBUG - 2024-08-25 23:54:07 --> ***************** SignUp *****************
CRITICAL - 2024-08-25 23:54:07 --> Undefined array key "inputEmail4"
#0 C:\xampp\htdocs\golong\app\Controllers\Home.php(290): CodeIgniter\Debug\Exceptions->errorHandler(2, 'Undefined array...', 'C:\\xampp\\htdocs...', 290)
#1 C:\xampp\htdocs\golong\system\CodeIgniter.php(939): App\Controllers\Home->saveSignupData()
#2 C:\xampp\htdocs\golong\system\CodeIgniter.php(435): CodeIgniter\CodeIgniter->runController(Object(App\Controllers\Home))
#3 C:\xampp\htdocs\golong\system\CodeIgniter.php(336): CodeIgniter\CodeIgniter->handleRequest(NULL, Object(Config\Cache), false)
#4 C:\xampp\htdocs\golong\index.php(44): CodeIgniter\CodeIgniter->run()
#5 {main}
DEBUG - 2024-08-25 23:54:30 --> ***************** SignUp *****************
CRITICAL - 2024-08-25 23:54:30 --> Undefined array key "inputEmail4"
#0 C:\xampp\htdocs\golong\app\Controllers\Home.php(290): CodeIgniter\Debug\Exceptions->errorHandler(2, 'Undefined array...', 'C:\\xampp\\htdocs...', 290)
#1 C:\xampp\htdocs\golong\system\CodeIgniter.php(939): App\Controllers\Home->saveSignupData()
#2 C:\xampp\htdocs\golong\system\CodeIgniter.php(435): CodeIgniter\CodeIgniter->runController(Object(App\Controllers\Home))
#3 C:\xampp\htdocs\golong\system\CodeIgniter.php(336): CodeIgniter\CodeIgniter->handleRequest(NULL, Object(Config\Cache), false)
#4 C:\xampp\htdocs\golong\index.php(44): CodeIgniter\CodeIgniter->run()
#5 {main}
DEBUG - 2024-08-25 23:55:38 --> ***************** push Notification *****************
DEBUG - 2024-08-25 23:55:38 --> ***************** push Notification *****************false
DEBUG - 2024-08-25 23:55:39 --> ***************** push Notification *****************"registration_ids" field is not a JSON array

