DEBUG - 2024-08-22 03:13:11 --> ***************** Chart BY Admin *****************array (
)
DEBUG - 2024-08-22 03:30:46 --> ***************** Chart BY Admin *****************array (
)
DEBUG - 2024-08-22 03:30:53 --> ***************** Chart BY Admin *****************array (
  'select_duration' => 'TM',
  'start_date' => '',
  'end_date' => '',
)
DEBUG - 2024-08-22 03:31:20 --> ***************** Chart BY Admin *****************array (
  'select_duration' => 'L9D',
  'start_date' => '',
  'end_date' => '',
)
DEBUG - 2024-08-22 03:33:17 --> ***************** Chart BY Admin *****************array (
  'select_duration' => 'L9D',
  'start_date' => '',
  'end_date' => '',
)
DEBUG - 2024-08-22 03:34:03 --> ***************** Chart BY Admin *****************array (
  'select_duration' => 'L9D',
  'start_date' => '',
  'end_date' => '',
)
DEBUG - 2024-08-22 03:34:07 --> ***************** Chart BY Admin *****************array (
  'select_duration' => 'L9D',
  'start_date' => '',
  'end_date' => '',
)
DEBUG - 2024-08-22 03:35:42 --> ***************** Chart BY Admin *****************array (
  'select_duration' => 'L9D',
  'start_date' => '',
  'end_date' => '',
)
DEBUG - 2024-08-22 03:35:53 --> ***************** Chart BY Admin *****************array (
  'select_duration' => 'L9D',
  'start_date' => '',
  'end_date' => '',
)
DEBUG - 2024-08-22 03:36:15 --> ***************** Chart BY Admin *****************array (
  'select_duration' => 'L9D',
  'start_date' => '',
  'end_date' => '',
)
DEBUG - 2024-08-22 03:36:19 --> ***************** Chart BY Admin *****************array (
  'select_duration' => 'L9D',
  'start_date' => '',
  'end_date' => '',
)
DEBUG - 2024-08-22 03:36:42 --> ***************** Chart BY Admin *****************array (
  'select_duration' => 'L9D',
  'start_date' => '',
  'end_date' => '',
)
DEBUG - 2024-08-22 03:36:55 --> ***************** Chart BY Admin *****************array (
  'select_duration' => 'CY',
  'start_date' => '',
  'end_date' => '',
)
DEBUG - 2024-08-22 03:38:08 --> ***************** Chart BY Admin *****************array (
  'select_duration' => 'CY',
  'start_date' => '',
  'end_date' => '',
)
DEBUG - 2024-08-22 03:38:16 --> ***************** Chart BY Admin *****************array (
  'select_duration' => 'CY',
  'start_date' => '',
  'end_date' => '',
)
DEBUG - 2024-08-22 03:39:53 --> ***************** Chart BY Admin *****************array (
  'select_duration' => 'CY',
  'start_date' => '',
  'end_date' => '',
)
DEBUG - 2024-08-22 03:40:21 --> ***************** Chart BY Admin *****************array (
  'select_duration' => 'CY',
  'start_date' => '',
  'end_date' => '',
)
DEBUG - 2024-08-22 03:41:11 --> ***************** Chart BY Admin *****************array (
  'select_duration' => 'CY',
  'start_date' => '',
  'end_date' => '',
)
DEBUG - 2024-08-22 03:42:50 --> ***************** Chart BY Admin *****************array (
  'select_duration' => 'CY',
  'start_date' => '',
  'end_date' => '',
)
DEBUG - 2024-08-22 03:45:44 --> ***************** Chart BY Admin *****************array (
  'select_duration' => 'CY',
  'start_date' => '',
  'end_date' => '',
)
DEBUG - 2024-08-22 03:47:13 --> ***************** Chart BY Admin *****************array (
  'select_duration' => 'CY',
  'start_date' => '',
  'end_date' => '',
)
DEBUG - 2024-08-22 03:48:26 --> ***************** Chart BY Admin *****************array (
  'select_duration' => 'CY',
  'start_date' => '',
  'end_date' => '',
)
DEBUG - 2024-08-22 03:48:53 --> ***************** Chart BY Admin *****************array (
  'select_duration' => 'CY',
  'start_date' => '',
  'end_date' => '',
)
DEBUG - 2024-08-22 03:49:13 --> ***************** Chart BY Admin *****************array (
  'select_duration' => 'CY',
  'start_date' => '',
  'end_date' => '',
)
DEBUG - 2024-08-22 03:50:04 --> ***************** Chart BY Admin *****************array (
  'select_duration' => 'CY',
  'start_date' => '',
  'end_date' => '',
)
DEBUG - 2024-08-22 03:50:58 --> ***************** Chart BY Admin *****************array (
  'select_duration' => 'CY',
  'start_date' => '',
  'end_date' => '',
)
DEBUG - 2024-08-22 03:51:51 --> ***************** Chart BY Admin *****************array (
  'select_duration' => 'CY',
  'start_date' => '',
  'end_date' => '',
)
DEBUG - 2024-08-22 03:52:13 --> ***************** Chart BY Admin *****************array (
  'select_duration' => 'CY',
  'start_date' => '',
  'end_date' => '',
)
DEBUG - 2024-08-22 03:52:54 --> ***************** Chart BY Admin *****************array (
  'select_duration' => 'CY',
  'start_date' => '',
  'end_date' => '',
)
DEBUG - 2024-08-22 03:53:07 --> ***************** Chart BY Admin *****************array (
  'select_duration' => 'CY',
  'start_date' => '',
  'end_date' => '',
)
DEBUG - 2024-08-22 03:54:08 --> ***************** Chart BY Admin *****************array (
  'select_duration' => 'CY',
  'start_date' => '',
  'end_date' => '',
)
DEBUG - 2024-08-22 03:54:24 --> ***************** Chart BY Admin *****************array (
  'select_duration' => 'CY',
  'start_date' => '',
  'end_date' => '',
)
DEBUG - 2024-08-22 03:54:40 --> ***************** Chart BY Admin *****************array (
  'select_duration' => 'CY',
  'start_date' => '',
  'end_date' => '',
)
DEBUG - 2024-08-22 03:55:21 --> ***************** Chart BY Admin *****************array (
  'select_duration' => 'CY',
  'start_date' => '',
  'end_date' => '',
)
DEBUG - 2024-08-22 03:55:43 --> ***************** Chart BY Admin *****************array (
  'select_duration' => 'CY',
  'start_date' => '',
  'end_date' => '',
)
DEBUG - 2024-08-22 03:59:54 --> ***************** Chart BY Admin *****************array (
  'select_duration' => 'CY',
  'start_date' => '',
  'end_date' => '',
)
DEBUG - 2024-08-22 03:59:58 --> ***************** Chart BY Admin *****************array (
  'select_duration' => 'CY',
  'start_date' => '',
  'end_date' => '',
)
DEBUG - 2024-08-22 04:00:09 --> ***************** Chart BY Admin *****************array (
)
CRITICAL - 2024-08-22 04:00:09 --> Undefined global variable $_SESSION
#0 C:\xampp\htdocs\golong\app\Views\home\left-sidebar-new.php(3): CodeIgniter\Debug\Exceptions->errorHandler(2, 'Undefined globa...', 'C:\\xampp\\htdocs...', 3)
#1 C:\xampp\htdocs\golong\system\View\View.php(220): include('C:\\xampp\\htdocs...')
#2 C:\xampp\htdocs\golong\system\View\View.php(222): CodeIgniter\View\View->CodeIgniter\View\{closure}()
#3 C:\xampp\htdocs\golong\system\Common.php(1217): CodeIgniter\View\View->render('/home/left-side...', Array, true)
#4 C:\xampp\htdocs\golong\app\Views\home\report_view.php(109): view('/home/left-side...')
#5 C:\xampp\htdocs\golong\system\View\View.php(220): include('C:\\xampp\\htdocs...')
#6 C:\xampp\htdocs\golong\system\View\View.php(222): CodeIgniter\View\View->CodeIgniter\View\{closure}()
#7 C:\xampp\htdocs\golong\system\Common.php(1217): CodeIgniter\View\View->render('/home/report_vi...', Array, true)
#8 C:\xampp\htdocs\golong\app\Controllers\User.php(999): view('/home/report_vi...', Array)
#9 C:\xampp\htdocs\golong\system\CodeIgniter.php(939): App\Controllers\User->report_genrate()
#10 C:\xampp\htdocs\golong\system\CodeIgniter.php(435): CodeIgniter\CodeIgniter->runController(Object(App\Controllers\User))
#11 C:\xampp\htdocs\golong\system\CodeIgniter.php(336): CodeIgniter\CodeIgniter->handleRequest(NULL, Object(Config\Cache), false)
#12 C:\xampp\htdocs\golong\index.php(44): CodeIgniter\CodeIgniter->run()
#13 {main}
DEBUG - 2024-08-22 04:02:13 --> ***************** Chart BY Admin *****************array (
)
DEBUG - 2024-08-22 04:02:42 --> ***************** Chart BY Admin *****************array (
)
DEBUG - 2024-08-22 04:02:44 --> ***************** Chart BY Admin *****************array (
)
DEBUG - 2024-08-22 04:02:46 --> ***************** Chart BY Admin *****************array (
)
DEBUG - 2024-08-22 04:02:52 --> ***************** Chart BY Admin *****************array (
  'select_duration' => 'LM',
  'start_date' => '',
  'end_date' => '',
)
DEBUG - 2024-08-22 04:05:45 --> ***************** Chart BY Admin *****************array (
  'select_duration' => 'LM',
  'start_date' => '',
  'end_date' => '',
)
DEBUG - 2024-08-22 04:07:55 --> ***************** Chart BY Admin *****************array (
  'select_duration' => 'LM',
  'start_date' => '',
  'end_date' => '',
)
DEBUG - 2024-08-22 04:09:02 --> ***************** Chart BY Admin *****************array (
  'select_duration' => 'LM',
  'start_date' => '',
  'end_date' => '',
)
DEBUG - 2024-08-22 04:09:29 --> ***************** Chart BY Admin *****************array (
  'select_duration' => 'LM',
  'start_date' => '',
  'end_date' => '',
)
DEBUG - 2024-08-22 04:11:02 --> ***************** Chart BY Admin *****************array (
  'select_duration' => 'LM',
  'start_date' => '',
  'end_date' => '',
)
DEBUG - 2024-08-22 04:11:22 --> ***************** Chart BY Admin *****************array (
  'select_duration' => 'LM',
  'start_date' => '',
  'end_date' => '',
)
DEBUG - 2024-08-22 04:11:51 --> ***************** Chart BY Admin *****************array (
  'select_duration' => 'LM',
  'start_date' => '',
  'end_date' => '',
)
DEBUG - 2024-08-22 04:12:11 --> ***************** Chart BY Admin *****************array (
  'select_duration' => 'Custom_date',
  'start_date' => '2024-08-06',
  'end_date' => '2024-08-31',
)
