DEBUG - 2024-08-26 01:48:23 --> ***************** Update Investment Amount *****************array (
  'id' => '77',
  'amount' => '0.02',
  'payoutdate' => '19/08/2024',
  'payout_per' => '50',
  'showtoaccount' => 'on',
  'nextpayoutdate' => '06/08/2024',
)
CRITICAL - 2024-08-26 01:55:24 --> Undefined constant "Date"
#0 C:\xampp\htdocs\golong\system\View\View.php(220): include()
#1 C:\xampp\htdocs\golong\system\View\View.php(222): CodeIgniter\View\View->CodeIgniter\View\{closure}()
#2 C:\xampp\htdocs\golong\system\Common.php(1217): CodeIgniter\View\View->render('/home/new-custo...', Array, true)
#3 C:\xampp\htdocs\golong\app\Controllers\Admin.php(677): view('/home/new-custo...', Array)
#4 C:\xampp\htdocs\golong\system\CodeIgniter.php(939): App\Controllers\Admin->customerdetails()
#5 C:\xampp\htdocs\golong\system\CodeIgniter.php(435): CodeIgniter\CodeIgniter->runController(Object(App\Controllers\Admin))
#6 C:\xampp\htdocs\golong\system\CodeIgniter.php(336): CodeIgniter\CodeIgniter->handleRequest(NULL, Object(Config\Cache), false)
#7 C:\xampp\htdocs\golong\index.php(44): CodeIgniter\CodeIgniter->run()
#8 {main}
CRITICAL - 2024-08-26 01:57:19 --> Undefined variable $
#0 C:\xampp\htdocs\golong\app\Views\home\new-customer-info.php(50): CodeIgniter\Debug\Exceptions->errorHandler(2, 'Undefined varia...', 'C:\\xampp\\htdocs...', 50)
#1 C:\xampp\htdocs\golong\system\View\View.php(220): include('C:\\xampp\\htdocs...')
#2 C:\xampp\htdocs\golong\system\View\View.php(222): CodeIgniter\View\View->CodeIgniter\View\{closure}()
#3 C:\xampp\htdocs\golong\system\Common.php(1217): CodeIgniter\View\View->render('/home/new-custo...', Array, true)
#4 C:\xampp\htdocs\golong\app\Controllers\Admin.php(677): view('/home/new-custo...', Array)
#5 C:\xampp\htdocs\golong\system\CodeIgniter.php(939): App\Controllers\Admin->customerdetails()
#6 C:\xampp\htdocs\golong\system\CodeIgniter.php(435): CodeIgniter\CodeIgniter->runController(Object(App\Controllers\Admin))
#7 C:\xampp\htdocs\golong\system\CodeIgniter.php(336): CodeIgniter\CodeIgniter->handleRequest(NULL, Object(Config\Cache), false)
#8 C:\xampp\htdocs\golong\index.php(44): CodeIgniter\CodeIgniter->run()
#9 {main}
CRITICAL - 2024-08-26 02:10:27 --> Object of class DateTime could not be converted to string
#0 C:\xampp\htdocs\golong\system\View\View.php(220): include()
#1 C:\xampp\htdocs\golong\system\View\View.php(222): CodeIgniter\View\View->CodeIgniter\View\{closure}()
#2 C:\xampp\htdocs\golong\system\Common.php(1217): CodeIgniter\View\View->render('/home/new-custo...', Array, true)
#3 C:\xampp\htdocs\golong\app\Controllers\Admin.php(677): view('/home/new-custo...', Array)
#4 C:\xampp\htdocs\golong\system\CodeIgniter.php(939): App\Controllers\Admin->customerdetails()
#5 C:\xampp\htdocs\golong\system\CodeIgniter.php(435): CodeIgniter\CodeIgniter->runController(Object(App\Controllers\Admin))
#6 C:\xampp\htdocs\golong\system\CodeIgniter.php(336): CodeIgniter\CodeIgniter->handleRequest(NULL, Object(Config\Cache), false)
#7 C:\xampp\htdocs\golong\index.php(44): CodeIgniter\CodeIgniter->run()
#8 {main}
DEBUG - 2024-08-26 02:29:26 --> **********************Tax Form Data****************************array (
  0 => 
  array (
    'id' => '16',
    'user_id' => '52',
    'address' => 'Test By 66loop',
    'payers_tin' => 'Mollit occaecat maxi',
    'recipients_tin' => 'Officia obcaecati nu',
    'recipients_name' => '123',
    'street_address' => 'At numquam ut recusa',
    'city_or_town_state_or_province_country' => 'Alias et quod labore',
    'account_number' => '718',
    'rents' => 'Enim pariatur Tempo',
    'royalties' => 'Voluptatem Quae eu ',
    'other_income' => '631',
    'federal_income_tax_withheld' => '373',
    'fishing_boat_proceeds' => 'Architecto maiores a',
    'medical_and_health_care_payments' => 'Ipsam at qui dolor N',
    'payer_made_direct' => 'No',
    'substitute_payments' => 'Aliquid suscipit qui',
    'crop_insurance_proceeds' => 'Rerum aliquam possim',
    'gross_proceeds' => 'Dolore rem molestiae',
    'fish_purchased_for_resale' => 'Dolore facilis digni',
    'section_409A_deferrals' => 'Tempore dolore sequ',
    'fatca_filing_requirement' => 'No',
    'excess_golden' => 'Aperiam dolorum vero',
    'nonqualified_deferred_compensation' => '66loop',
    'state_tax_withheld' => 'Sed esse ut est beat',
    'State_or_Payers_state_no' => 'Qui recusandae Nemo',
    'state_income' => '250',
    '2nd_tin_not' => 'Yes',
    'created_at' => '2024-05-20 06:39:50',
    'updated_at' => '2024-05-20 06:39:50',
  ),
)
DEBUG - 2024-08-26 02:29:26 --> **************************************************array (
  0 => 
  array (
    'amount' => NULL,
    'positions' => '1',
    'year' => '2022',
    'month' => '9',
  ),
  1 => 
  array (
    'amount' => NULL,
    'positions' => '1',
    'year' => '2022',
    'month' => '10',
  ),
  2 => 
  array (
    'amount' => NULL,
    'positions' => '1',
    'year' => '2022',
    'month' => '11',
  ),
  3 => 
  array (
    'amount' => NULL,
    'positions' => '7',
    'year' => '2022',
    'month' => '12',
  ),
  4 => 
  array (
    'amount' => '11.741258562394977',
    'positions' => '9',
    'year' => '2023',
    'month' => '1',
  ),
  5 => 
  array (
    'amount' => '8.110386103362952',
    'positions' => '8',
    'year' => '2023',
    'month' => '2',
  ),
  6 => 
  array (
    'amount' => '7.138001125413441',
    'positions' => '7',
    'year' => '2023',
    'month' => '3',
  ),
  7 => 
  array (
    'amount' => '0.18996006845407873',
    'positions' => '1',
    'year' => '2023',
    'month' => '4',
  ),
  8 => 
  array (
    'amount' => '5.694760820045558',
    'positions' => '1',
    'year' => '2024',
    'month' => '2',
  ),
)
DEBUG - 2024-08-26 02:29:26 --> **************************************************array (
  0 => 
  array (
    'amount' => NULL,
    'positions' => '1',
    'year' => '2022',
    'month' => '11',
  ),
  1 => 
  array (
    'amount' => NULL,
    'positions' => '1',
    'year' => '2022',
    'month' => '12',
  ),
  2 => 
  array (
    'amount' => '0.7099995369134013',
    'positions' => '2',
    'year' => '2023',
    'month' => '1',
  ),
  3 => 
  array (
    'amount' => '1.3398807762692178',
    'positions' => '2',
    'year' => '2023',
    'month' => '2',
  ),
  4 => 
  array (
    'amount' => '1.6900961997453299',
    'positions' => '4',
    'year' => '2023',
    'month' => '3',
  ),
)
DEBUG - 2024-08-26 02:29:26 --> ***************** Chart BY Admin *****************
DEBUG - 2024-08-26 02:29:26 --> PLID: 52
DEBUG - 2024-08-26 02:29:26 --> PL1: 22
DEBUG - 2024-08-26 02:29:26 --> ***************** Transaction Chart BY Admin *****************
DEBUG - 2024-08-26 02:29:26 --> ***************** Chart BY Admin *****************
DEBUG - 2024-08-26 02:29:26 --> PLID: 52
DEBUG - 2024-08-26 02:29:26 --> PL1: 22
DEBUG - 2024-08-26 02:29:33 --> ***************** Chart BY Adminaaaaaaaaaaa *****************array (
)
DEBUG - 2024-08-26 02:29:36 --> ***************** Chart BY Adminaaaaaaaaaaa *****************array (
  'userid' => '52',
  'select_duration' => 'CY',
  'start_date' => '',
  'end_date' => '',
)
DEBUG - 2024-08-26 02:29:49 --> **********************Tax Form Data****************************array (
  0 => 
  array (
    'id' => '16',
    'user_id' => '52',
    'address' => 'Test By 66loop',
    'payers_tin' => 'Mollit occaecat maxi',
    'recipients_tin' => 'Officia obcaecati nu',
    'recipients_name' => '123',
    'street_address' => 'At numquam ut recusa',
    'city_or_town_state_or_province_country' => 'Alias et quod labore',
    'account_number' => '718',
    'rents' => 'Enim pariatur Tempo',
    'royalties' => 'Voluptatem Quae eu ',
    'other_income' => '631',
    'federal_income_tax_withheld' => '373',
    'fishing_boat_proceeds' => 'Architecto maiores a',
    'medical_and_health_care_payments' => 'Ipsam at qui dolor N',
    'payer_made_direct' => 'No',
    'substitute_payments' => 'Aliquid suscipit qui',
    'crop_insurance_proceeds' => 'Rerum aliquam possim',
    'gross_proceeds' => 'Dolore rem molestiae',
    'fish_purchased_for_resale' => 'Dolore facilis digni',
    'section_409A_deferrals' => 'Tempore dolore sequ',
    'fatca_filing_requirement' => 'No',
    'excess_golden' => 'Aperiam dolorum vero',
    'nonqualified_deferred_compensation' => '66loop',
    'state_tax_withheld' => 'Sed esse ut est beat',
    'State_or_Payers_state_no' => 'Qui recusandae Nemo',
    'state_income' => '250',
    '2nd_tin_not' => 'Yes',
    'created_at' => '2024-05-20 06:39:50',
    'updated_at' => '2024-05-20 06:39:50',
  ),
)
DEBUG - 2024-08-26 02:29:49 --> **************************************************array (
  0 => 
  array (
    'amount' => NULL,
    'positions' => '1',
    'year' => '2022',
    'month' => '9',
  ),
  1 => 
  array (
    'amount' => NULL,
    'positions' => '1',
    'year' => '2022',
    'month' => '10',
  ),
  2 => 
  array (
    'amount' => NULL,
    'positions' => '1',
    'year' => '2022',
    'month' => '11',
  ),
  3 => 
  array (
    'amount' => NULL,
    'positions' => '7',
    'year' => '2022',
    'month' => '12',
  ),
  4 => 
  array (
    'amount' => '11.741258562394977',
    'positions' => '9',
    'year' => '2023',
    'month' => '1',
  ),
  5 => 
  array (
    'amount' => '8.110386103362952',
    'positions' => '8',
    'year' => '2023',
    'month' => '2',
  ),
  6 => 
  array (
    'amount' => '7.138001125413441',
    'positions' => '7',
    'year' => '2023',
    'month' => '3',
  ),
  7 => 
  array (
    'amount' => '0.18996006845407873',
    'positions' => '1',
    'year' => '2023',
    'month' => '4',
  ),
  8 => 
  array (
    'amount' => '5.694760820045558',
    'positions' => '1',
    'year' => '2024',
    'month' => '2',
  ),
)
DEBUG - 2024-08-26 02:29:49 --> **************************************************array (
  0 => 
  array (
    'amount' => NULL,
    'positions' => '1',
    'year' => '2022',
    'month' => '11',
  ),
  1 => 
  array (
    'amount' => NULL,
    'positions' => '1',
    'year' => '2022',
    'month' => '12',
  ),
  2 => 
  array (
    'amount' => '0.7099995369134013',
    'positions' => '2',
    'year' => '2023',
    'month' => '1',
  ),
  3 => 
  array (
    'amount' => '1.3398807762692178',
    'positions' => '2',
    'year' => '2023',
    'month' => '2',
  ),
  4 => 
  array (
    'amount' => '1.6900961997453299',
    'positions' => '4',
    'year' => '2023',
    'month' => '3',
  ),
)
DEBUG - 2024-08-26 02:29:49 --> ***************** Chart BY Admin *****************
DEBUG - 2024-08-26 02:29:49 --> PLID: 52
DEBUG - 2024-08-26 02:29:49 --> PL1: 22
DEBUG - 2024-08-26 02:29:49 --> ***************** Chart BY Admin *****************
DEBUG - 2024-08-26 02:29:49 --> ***************** Transaction Chart BY Admin *****************
DEBUG - 2024-08-26 02:29:49 --> PLID: 52
DEBUG - 2024-08-26 02:29:49 --> PL1: 22
DEBUG - 2024-08-26 02:30:01 --> **********************Tax Form Data****************************array (
  0 => 
  array (
    'id' => '16',
    'user_id' => '52',
    'address' => 'Test By 66loop',
    'payers_tin' => 'Mollit occaecat maxi',
    'recipients_tin' => 'Officia obcaecati nu',
    'recipients_name' => '123',
    'street_address' => 'At numquam ut recusa',
    'city_or_town_state_or_province_country' => 'Alias et quod labore',
    'account_number' => '718',
    'rents' => 'Enim pariatur Tempo',
    'royalties' => 'Voluptatem Quae eu ',
    'other_income' => '631',
    'federal_income_tax_withheld' => '373',
    'fishing_boat_proceeds' => 'Architecto maiores a',
    'medical_and_health_care_payments' => 'Ipsam at qui dolor N',
    'payer_made_direct' => 'No',
    'substitute_payments' => 'Aliquid suscipit qui',
    'crop_insurance_proceeds' => 'Rerum aliquam possim',
    'gross_proceeds' => 'Dolore rem molestiae',
    'fish_purchased_for_resale' => 'Dolore facilis digni',
    'section_409A_deferrals' => 'Tempore dolore sequ',
    'fatca_filing_requirement' => 'No',
    'excess_golden' => 'Aperiam dolorum vero',
    'nonqualified_deferred_compensation' => '66loop',
    'state_tax_withheld' => 'Sed esse ut est beat',
    'State_or_Payers_state_no' => 'Qui recusandae Nemo',
    'state_income' => '250',
    '2nd_tin_not' => 'Yes',
    'created_at' => '2024-05-20 06:39:50',
    'updated_at' => '2024-05-20 06:39:50',
  ),
)
DEBUG - 2024-08-26 02:30:01 --> **************************************************array (
  0 => 
  array (
    'amount' => NULL,
    'positions' => '1',
    'year' => '2022',
    'month' => '9',
  ),
  1 => 
  array (
    'amount' => NULL,
    'positions' => '1',
    'year' => '2022',
    'month' => '10',
  ),
  2 => 
  array (
    'amount' => NULL,
    'positions' => '1',
    'year' => '2022',
    'month' => '11',
  ),
  3 => 
  array (
    'amount' => NULL,
    'positions' => '7',
    'year' => '2022',
    'month' => '12',
  ),
  4 => 
  array (
    'amount' => '11.741258562394977',
    'positions' => '9',
    'year' => '2023',
    'month' => '1',
  ),
  5 => 
  array (
    'amount' => '8.110386103362952',
    'positions' => '8',
    'year' => '2023',
    'month' => '2',
  ),
  6 => 
  array (
    'amount' => '7.138001125413441',
    'positions' => '7',
    'year' => '2023',
    'month' => '3',
  ),
  7 => 
  array (
    'amount' => '0.18996006845407873',
    'positions' => '1',
    'year' => '2023',
    'month' => '4',
  ),
  8 => 
  array (
    'amount' => '5.694760820045558',
    'positions' => '1',
    'year' => '2024',
    'month' => '2',
  ),
)
DEBUG - 2024-08-26 02:30:01 --> **************************************************array (
  0 => 
  array (
    'amount' => NULL,
    'positions' => '1',
    'year' => '2022',
    'month' => '11',
  ),
  1 => 
  array (
    'amount' => NULL,
    'positions' => '1',
    'year' => '2022',
    'month' => '12',
  ),
  2 => 
  array (
    'amount' => '0.7099995369134013',
    'positions' => '2',
    'year' => '2023',
    'month' => '1',
  ),
  3 => 
  array (
    'amount' => '1.3398807762692178',
    'positions' => '2',
    'year' => '2023',
    'month' => '2',
  ),
  4 => 
  array (
    'amount' => '1.6900961997453299',
    'positions' => '4',
    'year' => '2023',
    'month' => '3',
  ),
)
DEBUG - 2024-08-26 02:30:01 --> ***************** Chart BY Admin *****************
DEBUG - 2024-08-26 02:30:01 --> PLID: 52
DEBUG - 2024-08-26 02:30:01 --> PL1: 22
DEBUG - 2024-08-26 02:30:02 --> ***************** Chart BY Admin *****************
DEBUG - 2024-08-26 02:30:02 --> ***************** Transaction Chart BY Admin *****************
DEBUG - 2024-08-26 02:30:02 --> PLID: 52
DEBUG - 2024-08-26 02:30:02 --> PL1: 22
DEBUG - 2024-08-26 02:30:17 --> **********************Tax Form Data****************************array (
  0 => 
  array (
    'id' => '16',
    'user_id' => '52',
    'address' => 'Test By 66loop',
    'payers_tin' => 'Mollit occaecat maxi',
    'recipients_tin' => 'Officia obcaecati nu',
    'recipients_name' => '123',
    'street_address' => 'At numquam ut recusa',
    'city_or_town_state_or_province_country' => 'Alias et quod labore',
    'account_number' => '718',
    'rents' => 'Enim pariatur Tempo',
    'royalties' => 'Voluptatem Quae eu ',
    'other_income' => '631',
    'federal_income_tax_withheld' => '373',
    'fishing_boat_proceeds' => 'Architecto maiores a',
    'medical_and_health_care_payments' => 'Ipsam at qui dolor N',
    'payer_made_direct' => 'No',
    'substitute_payments' => 'Aliquid suscipit qui',
    'crop_insurance_proceeds' => 'Rerum aliquam possim',
    'gross_proceeds' => 'Dolore rem molestiae',
    'fish_purchased_for_resale' => 'Dolore facilis digni',
    'section_409A_deferrals' => 'Tempore dolore sequ',
    'fatca_filing_requirement' => 'No',
    'excess_golden' => 'Aperiam dolorum vero',
    'nonqualified_deferred_compensation' => '66loop',
    'state_tax_withheld' => 'Sed esse ut est beat',
    'State_or_Payers_state_no' => 'Qui recusandae Nemo',
    'state_income' => '250',
    '2nd_tin_not' => 'Yes',
    'created_at' => '2024-05-20 06:39:50',
    'updated_at' => '2024-05-20 06:39:50',
  ),
)
DEBUG - 2024-08-26 02:30:17 --> **************************************************array (
  0 => 
  array (
    'amount' => NULL,
    'positions' => '1',
    'year' => '2022',
    'month' => '9',
  ),
  1 => 
  array (
    'amount' => NULL,
    'positions' => '1',
    'year' => '2022',
    'month' => '10',
  ),
  2 => 
  array (
    'amount' => NULL,
    'positions' => '1',
    'year' => '2022',
    'month' => '11',
  ),
  3 => 
  array (
    'amount' => NULL,
    'positions' => '7',
    'year' => '2022',
    'month' => '12',
  ),
  4 => 
  array (
    'amount' => '11.741258562394977',
    'positions' => '9',
    'year' => '2023',
    'month' => '1',
  ),
  5 => 
  array (
    'amount' => '8.110386103362952',
    'positions' => '8',
    'year' => '2023',
    'month' => '2',
  ),
  6 => 
  array (
    'amount' => '7.138001125413441',
    'positions' => '7',
    'year' => '2023',
    'month' => '3',
  ),
  7 => 
  array (
    'amount' => '0.18996006845407873',
    'positions' => '1',
    'year' => '2023',
    'month' => '4',
  ),
  8 => 
  array (
    'amount' => '5.694760820045558',
    'positions' => '1',
    'year' => '2024',
    'month' => '2',
  ),
)
DEBUG - 2024-08-26 02:30:17 --> **************************************************array (
  0 => 
  array (
    'amount' => NULL,
    'positions' => '1',
    'year' => '2022',
    'month' => '11',
  ),
  1 => 
  array (
    'amount' => NULL,
    'positions' => '1',
    'year' => '2022',
    'month' => '12',
  ),
  2 => 
  array (
    'amount' => '0.7099995369134013',
    'positions' => '2',
    'year' => '2023',
    'month' => '1',
  ),
  3 => 
  array (
    'amount' => '1.3398807762692178',
    'positions' => '2',
    'year' => '2023',
    'month' => '2',
  ),
  4 => 
  array (
    'amount' => '1.6900961997453299',
    'positions' => '4',
    'year' => '2023',
    'month' => '3',
  ),
)
DEBUG - 2024-08-26 02:30:17 --> ***************** Chart BY Admin *****************
DEBUG - 2024-08-26 02:30:17 --> PLID: 52
DEBUG - 2024-08-26 02:30:17 --> PL1: 22
DEBUG - 2024-08-26 02:30:17 --> ***************** Chart BY Admin *****************
DEBUG - 2024-08-26 02:30:17 --> ***************** Transaction Chart BY Admin *****************
DEBUG - 2024-08-26 02:30:17 --> PLID: 52
DEBUG - 2024-08-26 02:30:17 --> PL1: 22
CRITICAL - 2024-08-26 03:43:22 --> Undefined array key "success"
#0 C:\xampp\htdocs\golong\app\Views\home\new-customer-info.php(213): CodeIgniter\Debug\Exceptions->errorHandler(2, 'Undefined array...', 'C:\\xampp\\htdocs...', 213)
#1 C:\xampp\htdocs\golong\system\View\View.php(220): include('C:\\xampp\\htdocs...')
#2 C:\xampp\htdocs\golong\system\View\View.php(222): CodeIgniter\View\View->CodeIgniter\View\{closure}()
#3 C:\xampp\htdocs\golong\system\Common.php(1217): CodeIgniter\View\View->render('/home/new-custo...', Array, true)
#4 C:\xampp\htdocs\golong\app\Controllers\Admin.php(677): view('/home/new-custo...', Array)
#5 C:\xampp\htdocs\golong\system\CodeIgniter.php(939): App\Controllers\Admin->customerdetails()
#6 C:\xampp\htdocs\golong\system\CodeIgniter.php(435): CodeIgniter\CodeIgniter->runController(Object(App\Controllers\Admin))
#7 C:\xampp\htdocs\golong\system\CodeIgniter.php(336): CodeIgniter\CodeIgniter->handleRequest(NULL, Object(Config\Cache), false)
#8 C:\xampp\htdocs\golong\index.php(44): CodeIgniter\CodeIgniter->run()
#9 {main}
CRITICAL - 2024-08-26 03:43:26 --> Undefined array key "success"
#0 C:\xampp\htdocs\golong\app\Views\home\new-customer-info.php(213): CodeIgniter\Debug\Exceptions->errorHandler(2, 'Undefined array...', 'C:\\xampp\\htdocs...', 213)
#1 C:\xampp\htdocs\golong\system\View\View.php(220): include('C:\\xampp\\htdocs...')
#2 C:\xampp\htdocs\golong\system\View\View.php(222): CodeIgniter\View\View->CodeIgniter\View\{closure}()
#3 C:\xampp\htdocs\golong\system\Common.php(1217): CodeIgniter\View\View->render('/home/new-custo...', Array, true)
#4 C:\xampp\htdocs\golong\app\Controllers\Admin.php(677): view('/home/new-custo...', Array)
#5 C:\xampp\htdocs\golong\system\CodeIgniter.php(939): App\Controllers\Admin->customerdetails()
#6 C:\xampp\htdocs\golong\system\CodeIgniter.php(435): CodeIgniter\CodeIgniter->runController(Object(App\Controllers\Admin))
#7 C:\xampp\htdocs\golong\system\CodeIgniter.php(336): CodeIgniter\CodeIgniter->handleRequest(NULL, Object(Config\Cache), false)
#8 C:\xampp\htdocs\golong\index.php(44): CodeIgniter\CodeIgniter->run()
#9 {main}
CRITICAL - 2024-08-26 03:43:36 --> Undefined array key "success"
#0 C:\xampp\htdocs\golong\app\Views\home\new-customer-info.php(213): CodeIgniter\Debug\Exceptions->errorHandler(2, 'Undefined array...', 'C:\\xampp\\htdocs...', 213)
#1 C:\xampp\htdocs\golong\system\View\View.php(220): include('C:\\xampp\\htdocs...')
#2 C:\xampp\htdocs\golong\system\View\View.php(222): CodeIgniter\View\View->CodeIgniter\View\{closure}()
#3 C:\xampp\htdocs\golong\system\Common.php(1217): CodeIgniter\View\View->render('/home/new-custo...', Array, true)
#4 C:\xampp\htdocs\golong\app\Controllers\Admin.php(677): view('/home/new-custo...', Array)
#5 C:\xampp\htdocs\golong\system\CodeIgniter.php(939): App\Controllers\Admin->customerdetails()
#6 C:\xampp\htdocs\golong\system\CodeIgniter.php(435): CodeIgniter\CodeIgniter->runController(Object(App\Controllers\Admin))
#7 C:\xampp\htdocs\golong\system\CodeIgniter.php(336): CodeIgniter\CodeIgniter->handleRequest(NULL, Object(Config\Cache), false)
#8 C:\xampp\htdocs\golong\index.php(44): CodeIgniter\CodeIgniter->run()
#9 {main}
CRITICAL - 2024-08-26 04:09:06 --> Undefined array key "success"
#0 C:\xampp\htdocs\golong\app\Views\home\new-customer-info.php(213): CodeIgniter\Debug\Exceptions->errorHandler(2, 'Undefined array...', 'C:\\xampp\\htdocs...', 213)
#1 C:\xampp\htdocs\golong\system\View\View.php(220): include('C:\\xampp\\htdocs...')
#2 C:\xampp\htdocs\golong\system\View\View.php(222): CodeIgniter\View\View->CodeIgniter\View\{closure}()
#3 C:\xampp\htdocs\golong\system\Common.php(1217): CodeIgniter\View\View->render('/home/new-custo...', Array, true)
#4 C:\xampp\htdocs\golong\app\Controllers\Admin.php(677): view('/home/new-custo...', Array)
#5 C:\xampp\htdocs\golong\system\CodeIgniter.php(939): App\Controllers\Admin->customerdetails()
#6 C:\xampp\htdocs\golong\system\CodeIgniter.php(435): CodeIgniter\CodeIgniter->runController(Object(App\Controllers\Admin))
#7 C:\xampp\htdocs\golong\system\CodeIgniter.php(336): CodeIgniter\CodeIgniter->handleRequest(NULL, Object(Config\Cache), false)
#8 C:\xampp\htdocs\golong\index.php(44): CodeIgniter\CodeIgniter->run()
#9 {main}
CRITICAL - 2024-08-26 04:09:45 --> Undefined array key "success"
#0 C:\xampp\htdocs\golong\app\Views\home\new-customer-info.php(213): CodeIgniter\Debug\Exceptions->errorHandler(2, 'Undefined array...', 'C:\\xampp\\htdocs...', 213)
#1 C:\xampp\htdocs\golong\system\View\View.php(220): include('C:\\xampp\\htdocs...')
#2 C:\xampp\htdocs\golong\system\View\View.php(222): CodeIgniter\View\View->CodeIgniter\View\{closure}()
#3 C:\xampp\htdocs\golong\system\Common.php(1217): CodeIgniter\View\View->render('/home/new-custo...', Array, true)
#4 C:\xampp\htdocs\golong\app\Controllers\Admin.php(677): view('/home/new-custo...', Array)
#5 C:\xampp\htdocs\golong\system\CodeIgniter.php(939): App\Controllers\Admin->customerdetails()
#6 C:\xampp\htdocs\golong\system\CodeIgniter.php(435): CodeIgniter\CodeIgniter->runController(Object(App\Controllers\Admin))
#7 C:\xampp\htdocs\golong\system\CodeIgniter.php(336): CodeIgniter\CodeIgniter->handleRequest(NULL, Object(Config\Cache), false)
#8 C:\xampp\htdocs\golong\index.php(44): CodeIgniter\CodeIgniter->run()
#9 {main}
CRITICAL - 2024-08-26 04:10:08 --> Undefined array key "success"
#0 C:\xampp\htdocs\golong\app\Views\home\new-customer-info.php(213): CodeIgniter\Debug\Exceptions->errorHandler(2, 'Undefined array...', 'C:\\xampp\\htdocs...', 213)
#1 C:\xampp\htdocs\golong\system\View\View.php(220): include('C:\\xampp\\htdocs...')
#2 C:\xampp\htdocs\golong\system\View\View.php(222): CodeIgniter\View\View->CodeIgniter\View\{closure}()
#3 C:\xampp\htdocs\golong\system\Common.php(1217): CodeIgniter\View\View->render('/home/new-custo...', Array, true)
#4 C:\xampp\htdocs\golong\app\Controllers\Admin.php(677): view('/home/new-custo...', Array)
#5 C:\xampp\htdocs\golong\system\CodeIgniter.php(939): App\Controllers\Admin->customerdetails()
#6 C:\xampp\htdocs\golong\system\CodeIgniter.php(435): CodeIgniter\CodeIgniter->runController(Object(App\Controllers\Admin))
#7 C:\xampp\htdocs\golong\system\CodeIgniter.php(336): CodeIgniter\CodeIgniter->handleRequest(NULL, Object(Config\Cache), false)
#8 C:\xampp\htdocs\golong\index.php(44): CodeIgniter\CodeIgniter->run()
#9 {main}
CRITICAL - 2024-08-26 04:11:17 --> syntax error, unexpected identifier "session_start", expecting "function" or "const"
#0 C:\xampp\htdocs\golong\system\Router\Router.php(170): CodeIgniter\Router\Router->autoRoute('/admin/customer...')
#1 C:\xampp\htdocs\golong\system\CodeIgniter.php(819): CodeIgniter\Router\Router->handle('/admin/customer...')
#2 C:\xampp\htdocs\golong\system\CodeIgniter.php(388): CodeIgniter\CodeIgniter->tryToRouteIt(Object(CodeIgniter\Router\RouteCollection))
#3 C:\xampp\htdocs\golong\system\CodeIgniter.php(336): CodeIgniter\CodeIgniter->handleRequest(NULL, Object(Config\Cache), false)
#4 C:\xampp\htdocs\golong\index.php(44): CodeIgniter\CodeIgniter->run()
#5 {main}
CRITICAL - 2024-08-26 04:11:18 --> syntax error, unexpected identifier "session_start", expecting "function" or "const"
#0 C:\xampp\htdocs\golong\system\Router\Router.php(170): CodeIgniter\Router\Router->autoRoute('/admin/customer...')
#1 C:\xampp\htdocs\golong\system\CodeIgniter.php(819): CodeIgniter\Router\Router->handle('/admin/customer...')
#2 C:\xampp\htdocs\golong\system\CodeIgniter.php(388): CodeIgniter\CodeIgniter->tryToRouteIt(Object(CodeIgniter\Router\RouteCollection))
#3 C:\xampp\htdocs\golong\system\CodeIgniter.php(336): CodeIgniter\CodeIgniter->handleRequest(NULL, Object(Config\Cache), false)
#4 C:\xampp\htdocs\golong\index.php(44): CodeIgniter\CodeIgniter->run()
#5 {main}
CRITICAL - 2024-08-26 04:11:26 --> Undefined array key "success"
#0 C:\xampp\htdocs\golong\app\Views\home\new-customer-info.php(213): CodeIgniter\Debug\Exceptions->errorHandler(2, 'Undefined array...', 'C:\\xampp\\htdocs...', 213)
#1 C:\xampp\htdocs\golong\system\View\View.php(220): include('C:\\xampp\\htdocs...')
#2 C:\xampp\htdocs\golong\system\View\View.php(222): CodeIgniter\View\View->CodeIgniter\View\{closure}()
#3 C:\xampp\htdocs\golong\system\Common.php(1217): CodeIgniter\View\View->render('/home/new-custo...', Array, true)
#4 C:\xampp\htdocs\golong\app\Controllers\Admin.php(677): view('/home/new-custo...', Array)
#5 C:\xampp\htdocs\golong\system\CodeIgniter.php(939): App\Controllers\Admin->customerdetails()
#6 C:\xampp\htdocs\golong\system\CodeIgniter.php(435): CodeIgniter\CodeIgniter->runController(Object(App\Controllers\Admin))
#7 C:\xampp\htdocs\golong\system\CodeIgniter.php(336): CodeIgniter\CodeIgniter->handleRequest(NULL, Object(Config\Cache), false)
#8 C:\xampp\htdocs\golong\index.php(44): CodeIgniter\CodeIgniter->run()
#9 {main}
DEBUG - 2024-08-26 04:28:32 --> ***************** Edit Profile *****************array (
  'userid' => '77',
  'firstName' => 'Anwaar Ul Haq',
  'initialInvestment' => '0.02',
  'phone' => '3454364',
  'email' => 'anwaarulhaq072@gmail.com',
)
DEBUG - 2024-08-26 04:28:34 --> ***************** Edit Profile *****************array (
  'userid' => '77',
  'firstName' => 'Anwaar Ul Haq',
  'initialInvestment' => '0.02',
  'phone' => '3454364',
  'email' => 'anwaarulhaq072@gmail.com',
)
DEBUG - 2024-08-26 04:28:41 --> ***************** Edit Profile *****************array (
  'userid' => '77',
  'firstName' => 'Anwaar Ul Haq',
  'initialInvestment' => '0.02',
  'phone' => '3454364',
  'email' => 'anwaarulhaq072@gmail.com',
)
DEBUG - 2024-08-26 04:29:02 --> ***************** Edit Profile *****************array (
  'userid' => '77',
  'firstName' => 'Anwaar Ul Haq',
  'initialInvestment' => '0.02',
  'phone' => '3454364',
  'email' => 'anwaarulhaq072@gmail.com',
)
DEBUG - 2024-08-26 04:30:33 --> ***************** Edit Profile *****************array (
  'userid' => '77',
  'firstName' => 'Anwaar Ul',
  'initialInvestment' => '0.02',
  'phone' => '3454364',
  'email' => 'anwaarulhaq072@gmail.com',
)
DEBUG - 2024-08-26 04:32:24 --> ***************** Edit Profile *****************array (
  'userid' => '77',
  'firstName' => 'Anwaar Ul',
  'initialInvestment' => '0.02',
  'phone' => '3454364',
  'email' => 'anwaarulhaq072@gmail.com',
)
DEBUG - 2024-08-26 04:32:29 --> ***************** Edit Profile *****************array (
  'userid' => '77',
  'firstName' => 'Anwaar Ul',
  'initialInvestment' => '0.02',
  'phone' => '3454364',
  'email' => 'anwaarulhaq072@gmail.com',
)
DEBUG - 2024-08-26 04:32:33 --> ***************** Edit Profile *****************array (
  'userid' => '77',
  'firstName' => 'Anwaar Ul',
  'initialInvestment' => '0.02',
  'phone' => '3454364',
  'email' => 'anwaarulhaq072@gmail.com',
)
DEBUG - 2024-08-26 04:33:03 --> ***************** Edit Profile *****************array (
  'userid' => '77',
  'firstName' => 'Anwaar Ul',
  'initialInvestment' => '0.02',
  'phone' => '3454364',
  'email' => 'anwaarulhaq072@gmail.com',
)
DEBUG - 2024-08-26 04:33:06 --> ***************** Edit Profile *****************array (
  'userid' => '77',
  'firstName' => 'Anwaar Ul',
  'initialInvestment' => '0.02',
  'phone' => '3454364',
  'email' => 'anwaarulhaq072@gmail.com',
)
DEBUG - 2024-08-26 04:33:28 --> ***************** Edit Profile *****************array (
  'userid' => '77',
  'firstName' => 'Anwaar Ul',
  'initialInvestment' => '0.02',
  'phone' => '3454364',
  'email' => 'anwaarulhaq072@gmail.com',
)
DEBUG - 2024-08-26 04:33:33 --> ***************** Edit Profile *****************array (
  'userid' => '77',
  'firstName' => 'Anwaar Ul',
  'initialInvestment' => '0.02',
  'phone' => '3454364',
  'email' => 'anwaarulhaq072@gmail.com',
)
DEBUG - 2024-08-26 04:34:43 --> ***************** Edit Profile *****************array (
  'userid' => '77',
  'firstName' => 'Anwaar Ul',
  'initialInvestment' => '0.02',
  'phone' => '3454364',
  'email' => 'anwaarulhaq072@gmail.com',
)
DEBUG - 2024-08-26 04:50:17 --> ***************** Add Profit/Loss Amount *****************array (
  'id' => '77',
  'date' => '2024-08-26',
  'amount' => '23',
  'action' => 'Profit',
)
DEBUG - 2024-08-26 04:50:17 --> 2024-08-26
DEBUG - 2024-08-26 04:50:17 --> array (
)
DEBUG - 2024-08-26 04:50:39 --> ***************** Add Profit/Loss Amount *****************array (
  'id' => '77',
  'date' => '2024-08-26',
  'amount' => '23',
  'action' => 'Profit',
)
DEBUG - 2024-08-26 04:50:39 --> 2024-08-26
DEBUG - 2024-08-26 04:50:39 --> array (
  0 => 
  array (
    'id' => '2061',
    'userid' => '77',
    'amount' => '23',
    'percentage' => NULL,
    'type' => 'Profit',
    'current_balance' => '-25',
    'schedule' => 'N',
    'publishDate' => '2024-08-26 00:00:00',
    'createdAt' => '2024-08-26 16:50:17',
  ),
)
DEBUG - 2024-08-26 04:50:42 --> ***************** Add Profit/Loss Amount *****************array (
  'id' => '77',
  'date' => '2024-08-26',
  'amount' => '23',
  'action' => 'Profit',
)
DEBUG - 2024-08-26 04:50:42 --> 2024-08-26
DEBUG - 2024-08-26 04:50:42 --> array (
  0 => 
  array (
    'id' => '2061',
    'userid' => '77',
    'amount' => '23',
    'percentage' => NULL,
    'type' => 'Profit',
    'current_balance' => '-25',
    'schedule' => 'N',
    'publishDate' => '2024-08-26 00:00:00',
    'createdAt' => '2024-08-26 16:50:17',
  ),
)
DEBUG - 2024-08-26 04:50:52 --> ***************** Add Profit/Loss Amount *****************array (
  'id' => '77',
  'date' => '2024-08-26',
  'amount' => '23',
  'action' => 'Loss',
)
DEBUG - 2024-08-26 04:50:52 --> 2024-08-26
DEBUG - 2024-08-26 04:50:52 --> array (
  0 => 
  array (
    'id' => '2061',
    'userid' => '77',
    'amount' => '23',
    'percentage' => NULL,
    'type' => 'Profit',
    'current_balance' => '-25',
    'schedule' => 'N',
    'publishDate' => '2024-08-26 00:00:00',
    'createdAt' => '2024-08-26 16:50:17',
  ),
)
DEBUG - 2024-08-26 04:51:07 --> ***************** Add Profit/Loss Amount *****************array (
  'id' => '77',
  'date' => '2024-08-26',
  'amount' => '23',
  'action' => 'Loss',
)
DEBUG - 2024-08-26 04:51:07 --> 2024-08-26
DEBUG - 2024-08-26 04:51:07 --> array (
  0 => 
  array (
    'id' => '2061',
    'userid' => '77',
    'amount' => '23',
    'percentage' => NULL,
    'type' => 'Profit',
    'current_balance' => '-25',
    'schedule' => 'N',
    'publishDate' => '2024-08-26 00:00:00',
    'createdAt' => '2024-08-26 16:50:17',
  ),
)
DEBUG - 2024-08-26 04:52:28 --> ***************** Add Profit/Loss Amount *****************array (
  'id' => '77',
  'amount' => '23',
  'action' => 'Profit',
)
CRITICAL - 2024-08-26 04:52:28 --> Undefined array key "date"
#0 C:\xampp\htdocs\golong\app\Controllers\Admin.php(1008): CodeIgniter\Debug\Exceptions->errorHandler(2, 'Undefined array...', 'C:\\xampp\\htdocs...', 1008)
#1 C:\xampp\htdocs\golong\system\CodeIgniter.php(939): App\Controllers\Admin->addProfitLoss()
#2 C:\xampp\htdocs\golong\system\CodeIgniter.php(435): CodeIgniter\CodeIgniter->runController(Object(App\Controllers\Admin))
#3 C:\xampp\htdocs\golong\system\CodeIgniter.php(336): CodeIgniter\CodeIgniter->handleRequest(NULL, Object(Config\Cache), false)
#4 C:\xampp\htdocs\golong\index.php(44): CodeIgniter\CodeIgniter->run()
#5 {main}
DEBUG - 2024-08-26 04:52:49 --> ***************** Add Profit/Loss Amount *****************array (
  'id' => '77',
  'amount' => '23',
  'action' => 'Profit',
)
CRITICAL - 2024-08-26 04:52:49 --> Undefined array key "date"
#0 C:\xampp\htdocs\golong\app\Controllers\Admin.php(1008): CodeIgniter\Debug\Exceptions->errorHandler(2, 'Undefined array...', 'C:\\xampp\\htdocs...', 1008)
#1 C:\xampp\htdocs\golong\system\CodeIgniter.php(939): App\Controllers\Admin->addProfitLoss()
#2 C:\xampp\htdocs\golong\system\CodeIgniter.php(435): CodeIgniter\CodeIgniter->runController(Object(App\Controllers\Admin))
#3 C:\xampp\htdocs\golong\system\CodeIgniter.php(336): CodeIgniter\CodeIgniter->handleRequest(NULL, Object(Config\Cache), false)
#4 C:\xampp\htdocs\golong\index.php(44): CodeIgniter\CodeIgniter->run()
#5 {main}
DEBUG - 2024-08-26 04:53:59 --> ***************** Add Profit/Loss Amount *****************array (
  'id' => '77',
  'amount' => '34',
  'action' => 'Profit',
)
CRITICAL - 2024-08-26 04:53:59 --> Undefined array key "date"
#0 C:\xampp\htdocs\golong\app\Controllers\Admin.php(1008): CodeIgniter\Debug\Exceptions->errorHandler(2, 'Undefined array...', 'C:\\xampp\\htdocs...', 1008)
#1 C:\xampp\htdocs\golong\system\CodeIgniter.php(939): App\Controllers\Admin->addProfitLoss()
#2 C:\xampp\htdocs\golong\system\CodeIgniter.php(435): CodeIgniter\CodeIgniter->runController(Object(App\Controllers\Admin))
#3 C:\xampp\htdocs\golong\system\CodeIgniter.php(336): CodeIgniter\CodeIgniter->handleRequest(NULL, Object(Config\Cache), false)
#4 C:\xampp\htdocs\golong\index.php(44): CodeIgniter\CodeIgniter->run()
#5 {main}
DEBUG - 2024-08-26 04:55:39 --> ***************** Add Profit/Loss Amount *****************array (
  'id' => '77',
  'amount' => '23',
  'action' => 'Profit',
)
CRITICAL - 2024-08-26 04:55:39 --> Undefined array key "date"
#0 C:\xampp\htdocs\golong\app\Controllers\Admin.php(1008): CodeIgniter\Debug\Exceptions->errorHandler(2, 'Undefined array...', 'C:\\xampp\\htdocs...', 1008)
#1 C:\xampp\htdocs\golong\system\CodeIgniter.php(939): App\Controllers\Admin->addProfitLoss()
#2 C:\xampp\htdocs\golong\system\CodeIgniter.php(435): CodeIgniter\CodeIgniter->runController(Object(App\Controllers\Admin))
#3 C:\xampp\htdocs\golong\system\CodeIgniter.php(336): CodeIgniter\CodeIgniter->handleRequest(NULL, Object(Config\Cache), false)
#4 C:\xampp\htdocs\golong\index.php(44): CodeIgniter\CodeIgniter->run()
#5 {main}
DEBUG - 2024-08-26 04:57:19 --> ***************** Add Profit/Loss Amount *****************array (
  'id' => '77',
  'amount' => '23',
  'action' => 'Profit',
)
CRITICAL - 2024-08-26 04:57:19 --> Undefined array key "date"
#0 C:\xampp\htdocs\golong\app\Controllers\Admin.php(1008): CodeIgniter\Debug\Exceptions->errorHandler(2, 'Undefined array...', 'C:\\xampp\\htdocs...', 1008)
#1 C:\xampp\htdocs\golong\system\CodeIgniter.php(939): App\Controllers\Admin->addProfitLoss()
#2 C:\xampp\htdocs\golong\system\CodeIgniter.php(435): CodeIgniter\CodeIgniter->runController(Object(App\Controllers\Admin))
#3 C:\xampp\htdocs\golong\system\CodeIgniter.php(336): CodeIgniter\CodeIgniter->handleRequest(NULL, Object(Config\Cache), false)
#4 C:\xampp\htdocs\golong\index.php(44): CodeIgniter\CodeIgniter->run()
#5 {main}
DEBUG - 2024-08-26 04:57:37 --> ***************** Add Profit/Loss Amount *****************array (
  'id' => '77',
  'amount' => '23',
  'action' => 'Profit',
)
CRITICAL - 2024-08-26 04:57:37 --> Undefined array key "date"
#0 C:\xampp\htdocs\golong\app\Controllers\Admin.php(1008): CodeIgniter\Debug\Exceptions->errorHandler(2, 'Undefined array...', 'C:\\xampp\\htdocs...', 1008)
#1 C:\xampp\htdocs\golong\system\CodeIgniter.php(939): App\Controllers\Admin->addProfitLoss()
#2 C:\xampp\htdocs\golong\system\CodeIgniter.php(435): CodeIgniter\CodeIgniter->runController(Object(App\Controllers\Admin))
#3 C:\xampp\htdocs\golong\system\CodeIgniter.php(336): CodeIgniter\CodeIgniter->handleRequest(NULL, Object(Config\Cache), false)
#4 C:\xampp\htdocs\golong\index.php(44): CodeIgniter\CodeIgniter->run()
#5 {main}
DEBUG - 2024-08-26 05:00:03 --> ***************** Add Profit/Loss Amount *****************array (
  'id' => '77',
  'amount' => '0.01',
  'action' => 'Profit',
)
CRITICAL - 2024-08-26 05:00:03 --> Undefined array key "date"
#0 C:\xampp\htdocs\golong\app\Controllers\Admin.php(1008): CodeIgniter\Debug\Exceptions->errorHandler(2, 'Undefined array...', 'C:\\xampp\\htdocs...', 1008)
#1 C:\xampp\htdocs\golong\system\CodeIgniter.php(939): App\Controllers\Admin->addProfitLoss()
#2 C:\xampp\htdocs\golong\system\CodeIgniter.php(435): CodeIgniter\CodeIgniter->runController(Object(App\Controllers\Admin))
#3 C:\xampp\htdocs\golong\system\CodeIgniter.php(336): CodeIgniter\CodeIgniter->handleRequest(NULL, Object(Config\Cache), false)
#4 C:\xampp\htdocs\golong\index.php(44): CodeIgniter\CodeIgniter->run()
#5 {main}
DEBUG - 2024-08-26 05:01:09 --> ***************** Add Profit/Loss Amount *****************array (
  'id' => '77',
  'amount' => '0.01',
  'action' => 'Profit',
)
CRITICAL - 2024-08-26 05:01:09 --> Undefined array key "date"
#0 C:\xampp\htdocs\golong\app\Controllers\Admin.php(1008): CodeIgniter\Debug\Exceptions->errorHandler(2, 'Undefined array...', 'C:\\xampp\\htdocs...', 1008)
#1 C:\xampp\htdocs\golong\system\CodeIgniter.php(939): App\Controllers\Admin->addProfitLoss()
#2 C:\xampp\htdocs\golong\system\CodeIgniter.php(435): CodeIgniter\CodeIgniter->runController(Object(App\Controllers\Admin))
#3 C:\xampp\htdocs\golong\system\CodeIgniter.php(336): CodeIgniter\CodeIgniter->handleRequest(NULL, Object(Config\Cache), false)
#4 C:\xampp\htdocs\golong\index.php(44): CodeIgniter\CodeIgniter->run()
#5 {main}
DEBUG - 2024-08-26 05:01:46 --> ***************** Add Profit/Loss Amount *****************array (
  'id' => '77',
  'date' => '2024-08-26',
  'amount' => '0.01',
  'action' => 'Profit',
)
DEBUG - 2024-08-26 05:01:46 --> 2024-08-26
DEBUG - 2024-08-26 05:01:46 --> array (
  0 => 
  array (
    'id' => '2061',
    'userid' => '77',
    'amount' => '23',
    'percentage' => NULL,
    'type' => 'Profit',
    'current_balance' => '-25',
    'schedule' => 'N',
    'publishDate' => '2024-08-26 00:00:00',
    'createdAt' => '2024-08-26 16:50:17',
  ),
)
DEBUG - 2024-08-26 05:01:53 --> ***************** Add Profit/Loss Amount *****************array (
  'id' => '77',
  'date' => '2024-08-26',
  'amount' => '0.01',
  'action' => 'Profit',
)
DEBUG - 2024-08-26 05:01:53 --> 2024-08-26
DEBUG - 2024-08-26 05:01:53 --> array (
  0 => 
  array (
    'id' => '2061',
    'userid' => '77',
    'amount' => '23',
    'percentage' => NULL,
    'type' => 'Profit',
    'current_balance' => '-25',
    'schedule' => 'N',
    'publishDate' => '2024-08-26 00:00:00',
    'createdAt' => '2024-08-26 16:50:17',
  ),
)
DEBUG - 2024-08-26 05:02:03 --> ***************** Add Profit/Loss Amount *****************array (
  'id' => '77',
  'date' => '08/08/2024',
  'amount' => '0.01',
  'action' => 'Profit',
)
DEBUG - 2024-08-26 05:02:03 --> 2024-08-08
DEBUG - 2024-08-26 05:02:03 --> array (
)
DEBUG - 2024-08-26 05:07:46 --> **********************Tax Form Data****************************array (
)
DEBUG - 2024-08-26 05:07:46 --> **************************************************array (
  0 => 
  array (
    'amount' => '-92',
    'positions' => '1',
    'year' => '2024',
    'month' => '8',
  ),
)
DEBUG - 2024-08-26 05:07:46 --> **************************************************array (
)
DEBUG - 2024-08-26 05:07:46 --> ***************** Chart BY Admin *****************
DEBUG - 2024-08-26 05:07:46 --> PLID: 77
DEBUG - 2024-08-26 05:07:46 --> PL1: 23
DEBUG - 2024-08-26 05:07:46 --> ***************** Chart BY Admin *****************
DEBUG - 2024-08-26 05:07:46 --> ***************** Transaction Chart BY Admin *****************
DEBUG - 2024-08-26 05:07:46 --> PLID: 77
DEBUG - 2024-08-26 05:07:46 --> PL1: 23
DEBUG - 2024-08-26 05:07:50 --> ***************** Chart BY Adminaaaaaaaaaaa *****************array (
)
DEBUG - 2024-08-26 05:07:57 --> ***************** Chart BY Adminaaaaaaaaaaa *****************array (
  'userid' => '77',
  'select_duration' => 'CY',
  'start_date' => '',
  'end_date' => '',
)
DEBUG - 2024-08-26 05:07:57 --> ***************** Chart BY Admin44 *****************2-25.0 '0.02' 0 Tp0 NULL 25.02
DEBUG - 2024-08-26 05:07:58 --> ***************** Chart BY Admin44 *****************23-25.0 '0.02' 0 Tp0 NULL 25.02
DEBUG - 2024-08-26 05:08:06 --> **********************Tax Form Data****************************array (
)
DEBUG - 2024-08-26 05:08:06 --> **************************************************array (
  0 => 
  array (
    'amount' => '-92',
    'positions' => '1',
    'year' => '2024',
    'month' => '8',
  ),
)
DEBUG - 2024-08-26 05:08:06 --> **************************************************array (
)
DEBUG - 2024-08-26 05:08:06 --> ***************** Chart BY Admin *****************
DEBUG - 2024-08-26 05:08:06 --> PLID: 77
DEBUG - 2024-08-26 05:08:06 --> PL1: 23
DEBUG - 2024-08-26 05:08:07 --> ***************** Chart BY Admin *****************
DEBUG - 2024-08-26 05:08:07 --> PLID: 77
DEBUG - 2024-08-26 05:08:07 --> ***************** Transaction Chart BY Admin *****************
DEBUG - 2024-08-26 05:08:07 --> PL1: 23
DEBUG - 2024-08-26 05:08:11 --> **********************Tax Form Data****************************array (
)
DEBUG - 2024-08-26 05:08:11 --> **************************************************array (
  0 => 
  array (
    'amount' => NULL,
    'positions' => '7',
    'year' => '2022',
    'month' => '6',
  ),
  1 => 
  array (
    'amount' => NULL,
    'positions' => '17',
    'year' => '2022',
    'month' => '7',
  ),
  2 => 
  array (
    'amount' => NULL,
    'positions' => '22',
    'year' => '2022',
    'month' => '8',
  ),
  3 => 
  array (
    'amount' => NULL,
    'positions' => '16',
    'year' => '2022',
    'month' => '9',
  ),
  4 => 
  array (
    'amount' => NULL,
    'positions' => '12',
    'year' => '2022',
    'month' => '10',
  ),
  5 => 
  array (
    'amount' => NULL,
    'positions' => '13',
    'year' => '2022',
    'month' => '11',
  ),
  6 => 
  array (
    'amount' => NULL,
    'positions' => '7',
    'year' => '2022',
    'month' => '12',
  ),
  7 => 
  array (
    'amount' => '6.7079977218746505',
    'positions' => '9',
    'year' => '2023',
    'month' => '1',
  ),
  8 => 
  array (
    'amount' => '5.788475631877846',
    'positions' => '8',
    'year' => '2023',
    'month' => '2',
  ),
  9 => 
  array (
    'amount' => '6.84403398537735',
    'positions' => '7',
    'year' => '2023',
    'month' => '3',
  ),
  10 => 
  array (
    'amount' => '4.74462598238969',
    'positions' => '1',
    'year' => '2023',
    'month' => '4',
  ),
  11 => 
  array (
    'amount' => '5.0651176337621955',
    'positions' => '8',
    'year' => '2023',
    'month' => '5',
  ),
  12 => 
  array (
    'amount' => '1.8284063355295028',
    'positions' => '3',
    'year' => '2023',
    'month' => '6',
  ),
  13 => 
  array (
    'amount' => '5.4915261567768745',
    'positions' => '4',
    'year' => '2023',
    'month' => '7',
  ),
  14 => 
  array (
    'amount' => '5.051233612298322',
    'positions' => '8',
    'year' => '2023',
    'month' => '8',
  ),
  15 => 
  array (
    'amount' => '2.6946822894636835',
    'positions' => '5',
    'year' => '2023',
    'month' => '9',
  ),
  16 => 
  array (
    'amount' => '4.389491710152084',
    'positions' => '6',
    'year' => '2023',
    'month' => '10',
  ),
  17 => 
  array (
    'amount' => '3.39993404524464',
    'positions' => '7',
    'year' => '2023',
    'month' => '11',
  ),
  18 => 
  array (
    'amount' => '3.8498693121794707',
    'positions' => '6',
    'year' => '2023',
    'month' => '12',
  ),
  19 => 
  array (
    'amount' => '6.2127673271696295',
    'positions' => '7',
    'year' => '2024',
    'month' => '1',
  ),
  20 => 
  array (
    'amount' => '4.186679226520929',
    'positions' => '6',
    'year' => '2024',
    'month' => '2',
  ),
  21 => 
  array (
    'amount' => '6.412271398813372',
    'positions' => '10',
    'year' => '2024',
    'month' => '3',
  ),
  22 => 
  array (
    'amount' => '12.427448780799825',
    'positions' => '7',
    'year' => '2024',
    'month' => '4',
  ),
  23 => 
  array (
    'amount' => '12.724672961328757',
    'positions' => '5',
    'year' => '2024',
    'month' => '5',
  ),
  24 => 
  array (
    'amount' => '8.842379108622762',
    'positions' => '6',
    'year' => '2024',
    'month' => '6',
  ),
  25 => 
  array (
    'amount' => '19.626324504905753',
    'positions' => '9',
    'year' => '2024',
    'month' => '7',
  ),
  26 => 
  array (
    'amount' => '8.087398495747495',
    'positions' => '1',
    'year' => '2024',
    'month' => '8',
  ),
)
DEBUG - 2024-08-26 05:08:11 --> **************************************************array (
  0 => 
  array (
    'amount' => NULL,
    'positions' => '1',
    'year' => '2022',
    'month' => '7',
  ),
  1 => 
  array (
    'amount' => NULL,
    'positions' => '1',
    'year' => '2022',
    'month' => '8',
  ),
  2 => 
  array (
    'amount' => NULL,
    'positions' => '3',
    'year' => '2022',
    'month' => '9',
  ),
  3 => 
  array (
    'amount' => NULL,
    'positions' => '1',
    'year' => '2022',
    'month' => '10',
  ),
  4 => 
  array (
    'amount' => NULL,
    'positions' => '4',
    'year' => '2022',
    'month' => '11',
  ),
  5 => 
  array (
    'amount' => NULL,
    'positions' => '1',
    'year' => '2022',
    'month' => '12',
  ),
  6 => 
  array (
    'amount' => '0.6896534712125062',
    'positions' => '3',
    'year' => '2023',
    'month' => '1',
  ),
  7 => 
  array (
    'amount' => '0.9575367175960742',
    'positions' => '2',
    'year' => '2023',
    'month' => '2',
  ),
  8 => 
  array (
    'amount' => '1.2344360281630984',
    'positions' => '4',
    'year' => '2023',
    'month' => '3',
  ),
  9 => 
  array (
    'amount' => '0.9646013129829862',
    'positions' => '4',
    'year' => '2023',
    'month' => '5',
  ),
  10 => 
  array (
    'amount' => '4.086260445732683',
    'positions' => '9',
    'year' => '2023',
    'month' => '6',
  ),
  11 => 
  array (
    'amount' => '1.0917743106272666',
    'positions' => '3',
    'year' => '2023',
    'month' => '7',
  ),
  12 => 
  array (
    'amount' => '0.7986566889727456',
    'positions' => '3',
    'year' => '2023',
    'month' => '8',
  ),
  13 => 
  array (
    'amount' => '2.775821982709178',
    'positions' => '5',
    'year' => '2023',
    'month' => '9',
  ),
  14 => 
  array (
    'amount' => '1.048404059006353',
    'positions' => '3',
    'year' => '2023',
    'month' => '10',
  ),
  15 => 
  array (
    'amount' => '0.6155172857755249',
    'positions' => '2',
    'year' => '2023',
    'month' => '11',
  ),
  16 => 
  array (
    'amount' => '0.5959538390699424',
    'positions' => '2',
    'year' => '2023',
    'month' => '12',
  ),
  17 => 
  array (
    'amount' => '1.6896514795236504',
    'positions' => '4',
    'year' => '2024',
    'month' => '1',
  ),
  18 => 
  array (
    'amount' => '2.965759359026333',
    'positions' => '5',
    'year' => '2024',
    'month' => '2',
  ),
  19 => 
  array (
    'amount' => '0.7640577618549168',
    'positions' => '3',
    'year' => '2024',
    'month' => '3',
  ),
  20 => 
  array (
    'amount' => '0.09903942215602098',
    'positions' => '1',
    'year' => '2024',
    'month' => '4',
  ),
  21 => 
  array (
    'amount' => '0.92307149334876',
    'positions' => '1',
    'year' => '2024',
    'month' => '6',
  ),
  22 => 
  array (
    'amount' => '3.3527368228415697',
    'positions' => '2',
    'year' => '2024',
    'month' => '7',
  ),
)
DEBUG - 2024-08-26 05:08:11 --> ***************** Chart BY Admin *****************
DEBUG - 2024-08-26 05:08:11 --> PLID: 72
DEBUG - 2024-08-26 05:08:11 --> PL1: 4035.6
DEBUG - 2024-08-26 05:08:11 --> ***************** Transaction Chart BY Admin *****************
DEBUG - 2024-08-26 05:08:11 --> ***************** Chart BY Admin *****************
DEBUG - 2024-08-26 05:08:11 --> PLID: 72
DEBUG - 2024-08-26 05:08:11 --> PL1: 4035.6
DEBUG - 2024-08-26 05:08:15 --> **********************Tax Form Data****************************array (
)
DEBUG - 2024-08-26 05:08:15 --> **************************************************array (
  0 => 
  array (
    'amount' => '6.760186565902562',
    'positions' => '9',
    'year' => '2024',
    'month' => '5',
  ),
  1 => 
  array (
    'amount' => '8.6150007890118',
    'positions' => '5',
    'year' => '2024',
    'month' => '6',
  ),
)
DEBUG - 2024-08-26 05:08:15 --> **************************************************array (
  0 => 
  array (
    'amount' => '0.5034301981690356',
    'positions' => '2',
    'year' => '2024',
    'month' => '5',
  ),
  1 => 
  array (
    'amount' => '0.3429494417878499',
    'positions' => '1',
    'year' => '2024',
    'month' => '6',
  ),
)
DEBUG - 2024-08-26 05:08:15 --> ***************** Chart BY Admin *****************
DEBUG - 2024-08-26 05:08:15 --> PLID: 70
DEBUG - 2024-08-26 05:08:15 --> PL1: 1354.03
DEBUG - 2024-08-26 05:08:15 --> ***************** Transaction Chart BY Admin *****************
DEBUG - 2024-08-26 05:08:15 --> ***************** Chart BY Admin *****************
DEBUG - 2024-08-26 05:08:15 --> PLID: 70
DEBUG - 2024-08-26 05:08:15 --> PL1: 1354.03
DEBUG - 2024-08-26 05:08:21 --> **********************Tax Form Data****************************array (
)
DEBUG - 2024-08-26 05:08:21 --> **************************************************array (
  0 => 
  array (
    'amount' => '2.8900033263545106',
    'positions' => '4',
    'year' => '2023',
    'month' => '1',
  ),
  1 => 
  array (
    'amount' => '8.110010777698031',
    'positions' => '8',
    'year' => '2023',
    'month' => '2',
  ),
  2 => 
  array (
    'amount' => '7.139988328052932',
    'positions' => '7',
    'year' => '2023',
    'month' => '3',
  ),
  3 => 
  array (
    'amount' => '3.8022174864274283',
    'positions' => '5',
    'year' => '2023',
    'month' => '4',
  ),
  4 => 
  array (
    'amount' => '3.700597614088353',
    'positions' => '5',
    'year' => '2023',
    'month' => '5',
  ),
  5 => 
  array (
    'amount' => '4.895544609906892',
    'positions' => '3',
    'year' => '2023',
    'month' => '6',
  ),
  6 => 
  array (
    'amount' => '1.6899978563094091',
    'positions' => '3',
    'year' => '2023',
    'month' => '7',
  ),
  7 => 
  array (
    'amount' => '0.11000343353737227',
    'positions' => '1',
    'year' => '2023',
    'month' => '8',
  ),
)
DEBUG - 2024-08-26 05:08:21 --> **************************************************array (
  0 => 
  array (
    'amount' => '0.21000009716378898',
    'positions' => '1',
    'year' => '2023',
    'month' => '1',
  ),
  1 => 
  array (
    'amount' => '1.3399947054220582',
    'positions' => '2',
    'year' => '2023',
    'month' => '2',
  ),
  2 => 
  array (
    'amount' => '1.7200005893687693',
    'positions' => '4',
    'year' => '2023',
    'month' => '3',
  ),
  3 => 
  array (
    'amount' => '0.39000169271568014',
    'positions' => '1',
    'year' => '2023',
    'month' => '5',
  ),
  4 => 
  array (
    'amount' => '5.2118025565140425',
    'positions' => '4',
    'year' => '2023',
    'month' => '6',
  ),
  5 => 
  array (
    'amount' => '0.8800014192617472',
    'positions' => '1',
    'year' => '2023',
    'month' => '7',
  ),
  6 => 
  array (
    'amount' => '0.05999716157721692',
    'positions' => '1',
    'year' => '2023',
    'month' => '8',
  ),
)
DEBUG - 2024-08-26 05:08:21 --> ***************** Chart BY Admin *****************
DEBUG - 2024-08-26 05:08:21 --> PLID: 66
DEBUG - 2024-08-26 05:08:21 --> PL1: 200
DEBUG - 2024-08-26 05:08:21 --> ***************** Chart BY Admin *****************
DEBUG - 2024-08-26 05:08:21 --> ***************** Transaction Chart BY Admin *****************
DEBUG - 2024-08-26 05:08:21 --> PLID: 66
DEBUG - 2024-08-26 05:08:21 --> PL1: 200
DEBUG - 2024-08-26 05:08:24 --> **********************Tax Form Data****************************array (
)
DEBUG - 2024-08-26 05:08:24 --> **************************************************array (
  0 => 
  array (
    'amount' => '2.8900033263545106',
    'positions' => '4',
    'year' => '2023',
    'month' => '1',
  ),
  1 => 
  array (
    'amount' => '8.110010777698031',
    'positions' => '8',
    'year' => '2023',
    'month' => '2',
  ),
  2 => 
  array (
    'amount' => '7.139988328052932',
    'positions' => '7',
    'year' => '2023',
    'month' => '3',
  ),
  3 => 
  array (
    'amount' => '3.8022174864274283',
    'positions' => '5',
    'year' => '2023',
    'month' => '4',
  ),
  4 => 
  array (
    'amount' => '3.700597614088353',
    'positions' => '5',
    'year' => '2023',
    'month' => '5',
  ),
  5 => 
  array (
    'amount' => '4.895544609906892',
    'positions' => '3',
    'year' => '2023',
    'month' => '6',
  ),
  6 => 
  array (
    'amount' => '1.6899978563094091',
    'positions' => '3',
    'year' => '2023',
    'month' => '7',
  ),
  7 => 
  array (
    'amount' => '0.11000343353737227',
    'positions' => '1',
    'year' => '2023',
    'month' => '8',
  ),
)
DEBUG - 2024-08-26 05:08:24 --> **************************************************array (
  0 => 
  array (
    'amount' => '0.21000009716378898',
    'positions' => '1',
    'year' => '2023',
    'month' => '1',
  ),
  1 => 
  array (
    'amount' => '1.3399947054220582',
    'positions' => '2',
    'year' => '2023',
    'month' => '2',
  ),
  2 => 
  array (
    'amount' => '1.7200005893687693',
    'positions' => '4',
    'year' => '2023',
    'month' => '3',
  ),
  3 => 
  array (
    'amount' => '0.39000169271568014',
    'positions' => '1',
    'year' => '2023',
    'month' => '5',
  ),
  4 => 
  array (
    'amount' => '5.2118025565140425',
    'positions' => '4',
    'year' => '2023',
    'month' => '6',
  ),
  5 => 
  array (
    'amount' => '0.8800014192617472',
    'positions' => '1',
    'year' => '2023',
    'month' => '7',
  ),
  6 => 
  array (
    'amount' => '0.05999716157721692',
    'positions' => '1',
    'year' => '2023',
    'month' => '8',
  ),
)
DEBUG - 2024-08-26 05:08:24 --> ***************** Chart BY Admin *****************
DEBUG - 2024-08-26 05:08:24 --> PLID: 66
DEBUG - 2024-08-26 05:08:24 --> PL1: 200
DEBUG - 2024-08-26 05:08:24 --> ***************** Transaction Chart BY Admin *****************
DEBUG - 2024-08-26 05:08:24 --> ***************** Chart BY Admin *****************
DEBUG - 2024-08-26 05:08:25 --> PLID: 66
DEBUG - 2024-08-26 05:08:25 --> PL1: 200
DEBUG - 2024-08-26 05:08:28 --> **********************Tax Form Data****************************array (
)
DEBUG - 2024-08-26 05:08:28 --> **************************************************array (
  0 => 
  array (
    'amount' => '4.309999061917538',
    'positions' => '6',
    'year' => '2023',
    'month' => '1',
  ),
  1 => 
  array (
    'amount' => '8.110014735877854',
    'positions' => '8',
    'year' => '2023',
    'month' => '2',
  ),
  2 => 
  array (
    'amount' => '7.149105827898169',
    'positions' => '7',
    'year' => '2023',
    'month' => '3',
  ),
  3 => 
  array (
    'amount' => '0.18811881188118812',
    'positions' => '1',
    'year' => '2023',
    'month' => '4',
  ),
)
DEBUG - 2024-08-26 05:08:28 --> **************************************************array (
  0 => 
  array (
    'amount' => '0.4800040018001377',
    'positions' => '2',
    'year' => '2023',
    'month' => '1',
  ),
  1 => 
  array (
    'amount' => '1.339997210290553',
    'positions' => '2',
    'year' => '2023',
    'month' => '2',
  ),
  2 => 
  array (
    'amount' => '1.7134693877551022',
    'positions' => '4',
    'year' => '2023',
    'month' => '3',
  ),
)
DEBUG - 2024-08-26 05:08:28 --> ***************** Chart BY Admin *****************
DEBUG - 2024-08-26 05:08:28 --> PLID: 65
DEBUG - 2024-08-26 05:08:28 --> PL1: 810
DEBUG - 2024-08-26 05:08:28 --> ***************** Chart BY Admin *****************
DEBUG - 2024-08-26 05:08:28 --> ***************** Transaction Chart BY Admin *****************
DEBUG - 2024-08-26 05:08:28 --> PLID: 65
DEBUG - 2024-08-26 05:08:28 --> PL1: 810
DEBUG - 2024-08-26 05:08:32 --> **********************Tax Form Data****************************array (
)
DEBUG - 2024-08-26 05:08:32 --> **************************************************array (
  0 => 
  array (
    'amount' => NULL,
    'positions' => '2',
    'year' => '2022',
    'month' => '12',
  ),
)
DEBUG - 2024-08-26 05:08:32 --> **************************************************array (
  0 => 
  array (
    'amount' => NULL,
    'positions' => '1',
    'year' => '2022',
    'month' => '12',
  ),
)
DEBUG - 2024-08-26 05:08:32 --> ***************** Chart BY Admin *****************
DEBUG - 2024-08-26 05:08:32 --> PLID: 59
DEBUG - 2024-08-26 05:08:32 --> PL1: 9700
DEBUG - 2024-08-26 05:08:32 --> ***************** Transaction Chart BY Admin *****************
DEBUG - 2024-08-26 05:08:32 --> ***************** Chart BY Admin *****************
DEBUG - 2024-08-26 05:08:32 --> PLID: 59
DEBUG - 2024-08-26 05:08:32 --> PL1: 9700
DEBUG - 2024-08-26 05:08:36 --> **********************Tax Form Data****************************array (
)
DEBUG - 2024-08-26 05:08:36 --> **************************************************array (
  0 => 
  array (
    'amount' => NULL,
    'positions' => '7',
    'year' => '2022',
    'month' => '8',
  ),
  1 => 
  array (
    'amount' => NULL,
    'positions' => '12',
    'year' => '2022',
    'month' => '9',
  ),
  2 => 
  array (
    'amount' => NULL,
    'positions' => '11',
    'year' => '2022',
    'month' => '10',
  ),
  3 => 
  array (
    'amount' => NULL,
    'positions' => '13',
    'year' => '2022',
    'month' => '11',
  ),
  4 => 
  array (
    'amount' => NULL,
    'positions' => '7',
    'year' => '2022',
    'month' => '12',
  ),
  5 => 
  array (
    'amount' => '9.042497375125503',
    'positions' => '9',
    'year' => '2023',
    'month' => '1',
  ),
  6 => 
  array (
    'amount' => '6.439998899529983',
    'positions' => '8',
    'year' => '2023',
    'month' => '2',
  ),
  7 => 
  array (
    'amount' => '5',
    'positions' => '7',
    'year' => '2023',
    'month' => '3',
  ),
  8 => 
  array (
    'amount' => '0',
    'positions' => '1',
    'year' => '2023',
    'month' => '4',
  ),
)
DEBUG - 2024-08-26 05:08:36 --> **************************************************array (
  0 => 
  array (
    'amount' => NULL,
    'positions' => '1',
    'year' => '2022',
    'month' => '8',
  ),
  1 => 
  array (
    'amount' => NULL,
    'positions' => '7',
    'year' => '2022',
    'month' => '9',
  ),
  2 => 
  array (
    'amount' => NULL,
    'positions' => '2',
    'year' => '2022',
    'month' => '10',
  ),
  3 => 
  array (
    'amount' => NULL,
    'positions' => '4',
    'year' => '2022',
    'month' => '11',
  ),
  4 => 
  array (
    'amount' => NULL,
    'positions' => '1',
    'year' => '2022',
    'month' => '12',
  ),
  5 => 
  array (
    'amount' => '0.9361845416106157',
    'positions' => '3',
    'year' => '2023',
    'month' => '1',
  ),
  6 => 
  array (
    'amount' => '1',
    'positions' => '2',
    'year' => '2023',
    'month' => '2',
  ),
  7 => 
  array (
    'amount' => '1',
    'positions' => '4',
    'year' => '2023',
    'month' => '3',
  ),
)
DEBUG - 2024-08-26 05:08:36 --> ***************** Chart BY Admin *****************
DEBUG - 2024-08-26 05:08:36 --> PLID: 49
DEBUG - 2024-08-26 05:08:36 --> PL1: 2190
DEBUG - 2024-08-26 05:08:37 --> ***************** Transaction Chart BY Admin *****************
DEBUG - 2024-08-26 05:08:37 --> ***************** Chart BY Admin *****************
DEBUG - 2024-08-26 05:08:37 --> PLID: 49
DEBUG - 2024-08-26 05:08:37 --> PL1: 2190
DEBUG - 2024-08-26 05:08:41 --> **********************Tax Form Data****************************array (
  0 => 
  array (
    'id' => '16',
    'user_id' => '52',
    'address' => 'Test By 66loop',
    'payers_tin' => 'Mollit occaecat maxi',
    'recipients_tin' => 'Officia obcaecati nu',
    'recipients_name' => '123',
    'street_address' => 'At numquam ut recusa',
    'city_or_town_state_or_province_country' => 'Alias et quod labore',
    'account_number' => '718',
    'rents' => 'Enim pariatur Tempo',
    'royalties' => 'Voluptatem Quae eu ',
    'other_income' => '631',
    'federal_income_tax_withheld' => '373',
    'fishing_boat_proceeds' => 'Architecto maiores a',
    'medical_and_health_care_payments' => 'Ipsam at qui dolor N',
    'payer_made_direct' => 'No',
    'substitute_payments' => 'Aliquid suscipit qui',
    'crop_insurance_proceeds' => 'Rerum aliquam possim',
    'gross_proceeds' => 'Dolore rem molestiae',
    'fish_purchased_for_resale' => 'Dolore facilis digni',
    'section_409A_deferrals' => 'Tempore dolore sequ',
    'fatca_filing_requirement' => 'No',
    'excess_golden' => 'Aperiam dolorum vero',
    'nonqualified_deferred_compensation' => '66loop',
    'state_tax_withheld' => 'Sed esse ut est beat',
    'State_or_Payers_state_no' => 'Qui recusandae Nemo',
    'state_income' => '250',
    '2nd_tin_not' => 'Yes',
    'created_at' => '2024-05-20 06:39:50',
    'updated_at' => '2024-05-20 06:39:50',
  ),
)
DEBUG - 2024-08-26 05:08:41 --> **************************************************array (
  0 => 
  array (
    'amount' => NULL,
    'positions' => '1',
    'year' => '2022',
    'month' => '9',
  ),
  1 => 
  array (
    'amount' => NULL,
    'positions' => '1',
    'year' => '2022',
    'month' => '10',
  ),
  2 => 
  array (
    'amount' => NULL,
    'positions' => '1',
    'year' => '2022',
    'month' => '11',
  ),
  3 => 
  array (
    'amount' => NULL,
    'positions' => '7',
    'year' => '2022',
    'month' => '12',
  ),
  4 => 
  array (
    'amount' => '11.741258562394977',
    'positions' => '9',
    'year' => '2023',
    'month' => '1',
  ),
  5 => 
  array (
    'amount' => '8.110386103362952',
    'positions' => '8',
    'year' => '2023',
    'month' => '2',
  ),
  6 => 
  array (
    'amount' => '7.138001125413441',
    'positions' => '7',
    'year' => '2023',
    'month' => '3',
  ),
  7 => 
  array (
    'amount' => '0.18996006845407873',
    'positions' => '1',
    'year' => '2023',
    'month' => '4',
  ),
  8 => 
  array (
    'amount' => '5.694760820045558',
    'positions' => '1',
    'year' => '2024',
    'month' => '2',
  ),
)
DEBUG - 2024-08-26 05:08:41 --> **************************************************array (
  0 => 
  array (
    'amount' => NULL,
    'positions' => '1',
    'year' => '2022',
    'month' => '11',
  ),
  1 => 
  array (
    'amount' => NULL,
    'positions' => '1',
    'year' => '2022',
    'month' => '12',
  ),
  2 => 
  array (
    'amount' => '0.7099995369134013',
    'positions' => '2',
    'year' => '2023',
    'month' => '1',
  ),
  3 => 
  array (
    'amount' => '1.3398807762692178',
    'positions' => '2',
    'year' => '2023',
    'month' => '2',
  ),
  4 => 
  array (
    'amount' => '1.6900961997453299',
    'positions' => '4',
    'year' => '2023',
    'month' => '3',
  ),
)
DEBUG - 2024-08-26 05:08:41 --> ***************** Chart BY Admin *****************
DEBUG - 2024-08-26 05:08:41 --> PLID: 52
DEBUG - 2024-08-26 05:08:41 --> PL1: 22
DEBUG - 2024-08-26 05:08:42 --> ***************** Transaction Chart BY Admin *****************
DEBUG - 2024-08-26 05:08:42 --> ***************** Chart BY Admin *****************
DEBUG - 2024-08-26 05:08:42 --> PLID: 52
DEBUG - 2024-08-26 05:08:42 --> PL1: 22
DEBUG - 2024-08-26 05:09:55 --> **********************Tax Form Data****************************array (
  0 => 
  array (
    'id' => '16',
    'user_id' => '52',
    'address' => 'Test By 66loop',
    'payers_tin' => 'Mollit occaecat maxi',
    'recipients_tin' => 'Officia obcaecati nu',
    'recipients_name' => '123',
    'street_address' => 'At numquam ut recusa',
    'city_or_town_state_or_province_country' => 'Alias et quod labore',
    'account_number' => '718',
    'rents' => 'Enim pariatur Tempo',
    'royalties' => 'Voluptatem Quae eu ',
    'other_income' => '631',
    'federal_income_tax_withheld' => '373',
    'fishing_boat_proceeds' => 'Architecto maiores a',
    'medical_and_health_care_payments' => 'Ipsam at qui dolor N',
    'payer_made_direct' => 'No',
    'substitute_payments' => 'Aliquid suscipit qui',
    'crop_insurance_proceeds' => 'Rerum aliquam possim',
    'gross_proceeds' => 'Dolore rem molestiae',
    'fish_purchased_for_resale' => 'Dolore facilis digni',
    'section_409A_deferrals' => 'Tempore dolore sequ',
    'fatca_filing_requirement' => 'No',
    'excess_golden' => 'Aperiam dolorum vero',
    'nonqualified_deferred_compensation' => '66loop',
    'state_tax_withheld' => 'Sed esse ut est beat',
    'State_or_Payers_state_no' => 'Qui recusandae Nemo',
    'state_income' => '250',
    '2nd_tin_not' => 'Yes',
    'created_at' => '2024-05-20 06:39:50',
    'updated_at' => '2024-05-20 06:39:50',
  ),
)
DEBUG - 2024-08-26 05:09:55 --> **************************************************array (
  0 => 
  array (
    'amount' => NULL,
    'positions' => '1',
    'year' => '2022',
    'month' => '9',
  ),
  1 => 
  array (
    'amount' => NULL,
    'positions' => '1',
    'year' => '2022',
    'month' => '10',
  ),
  2 => 
  array (
    'amount' => NULL,
    'positions' => '1',
    'year' => '2022',
    'month' => '11',
  ),
  3 => 
  array (
    'amount' => NULL,
    'positions' => '7',
    'year' => '2022',
    'month' => '12',
  ),
  4 => 
  array (
    'amount' => '11.741258562394977',
    'positions' => '9',
    'year' => '2023',
    'month' => '1',
  ),
  5 => 
  array (
    'amount' => '8.110386103362952',
    'positions' => '8',
    'year' => '2023',
    'month' => '2',
  ),
  6 => 
  array (
    'amount' => '7.138001125413441',
    'positions' => '7',
    'year' => '2023',
    'month' => '3',
  ),
  7 => 
  array (
    'amount' => '0.18996006845407873',
    'positions' => '1',
    'year' => '2023',
    'month' => '4',
  ),
  8 => 
  array (
    'amount' => '5.694760820045558',
    'positions' => '1',
    'year' => '2024',
    'month' => '2',
  ),
)
DEBUG - 2024-08-26 05:09:55 --> **************************************************array (
  0 => 
  array (
    'amount' => NULL,
    'positions' => '1',
    'year' => '2022',
    'month' => '11',
  ),
  1 => 
  array (
    'amount' => NULL,
    'positions' => '1',
    'year' => '2022',
    'month' => '12',
  ),
  2 => 
  array (
    'amount' => '0.7099995369134013',
    'positions' => '2',
    'year' => '2023',
    'month' => '1',
  ),
  3 => 
  array (
    'amount' => '1.3398807762692178',
    'positions' => '2',
    'year' => '2023',
    'month' => '2',
  ),
  4 => 
  array (
    'amount' => '1.6900961997453299',
    'positions' => '4',
    'year' => '2023',
    'month' => '3',
  ),
)
DEBUG - 2024-08-26 05:09:55 --> ***************** Chart BY Admin *****************
DEBUG - 2024-08-26 05:09:55 --> PLID: 52
DEBUG - 2024-08-26 05:09:55 --> PL1: 22
DEBUG - 2024-08-26 05:09:56 --> ***************** Transaction Chart BY Admin *****************
DEBUG - 2024-08-26 05:09:56 --> ***************** Chart BY Admin *****************
DEBUG - 2024-08-26 05:09:56 --> PLID: 52
DEBUG - 2024-08-26 05:09:56 --> PL1: 22
DEBUG - 2024-08-26 05:10:01 --> **********************Tax Form Data****************************array (
  0 => 
  array (
    'id' => '16',
    'user_id' => '52',
    'address' => 'Test By 66loop',
    'payers_tin' => 'Mollit occaecat maxi',
    'recipients_tin' => 'Officia obcaecati nu',
    'recipients_name' => '123',
    'street_address' => 'At numquam ut recusa',
    'city_or_town_state_or_province_country' => 'Alias et quod labore',
    'account_number' => '718',
    'rents' => 'Enim pariatur Tempo',
    'royalties' => 'Voluptatem Quae eu ',
    'other_income' => '631',
    'federal_income_tax_withheld' => '373',
    'fishing_boat_proceeds' => 'Architecto maiores a',
    'medical_and_health_care_payments' => 'Ipsam at qui dolor N',
    'payer_made_direct' => 'No',
    'substitute_payments' => 'Aliquid suscipit qui',
    'crop_insurance_proceeds' => 'Rerum aliquam possim',
    'gross_proceeds' => 'Dolore rem molestiae',
    'fish_purchased_for_resale' => 'Dolore facilis digni',
    'section_409A_deferrals' => 'Tempore dolore sequ',
    'fatca_filing_requirement' => 'No',
    'excess_golden' => 'Aperiam dolorum vero',
    'nonqualified_deferred_compensation' => '66loop',
    'state_tax_withheld' => 'Sed esse ut est beat',
    'State_or_Payers_state_no' => 'Qui recusandae Nemo',
    'state_income' => '250',
    '2nd_tin_not' => 'Yes',
    'created_at' => '2024-05-20 06:39:50',
    'updated_at' => '2024-05-20 06:39:50',
  ),
)
DEBUG - 2024-08-26 05:10:01 --> **************************************************array (
  0 => 
  array (
    'amount' => NULL,
    'positions' => '1',
    'year' => '2022',
    'month' => '9',
  ),
  1 => 
  array (
    'amount' => NULL,
    'positions' => '1',
    'year' => '2022',
    'month' => '10',
  ),
  2 => 
  array (
    'amount' => NULL,
    'positions' => '1',
    'year' => '2022',
    'month' => '11',
  ),
  3 => 
  array (
    'amount' => NULL,
    'positions' => '7',
    'year' => '2022',
    'month' => '12',
  ),
  4 => 
  array (
    'amount' => '11.741258562394977',
    'positions' => '9',
    'year' => '2023',
    'month' => '1',
  ),
  5 => 
  array (
    'amount' => '8.110386103362952',
    'positions' => '8',
    'year' => '2023',
    'month' => '2',
  ),
  6 => 
  array (
    'amount' => '7.138001125413441',
    'positions' => '7',
    'year' => '2023',
    'month' => '3',
  ),
  7 => 
  array (
    'amount' => '0.18996006845407873',
    'positions' => '1',
    'year' => '2023',
    'month' => '4',
  ),
  8 => 
  array (
    'amount' => '5.694760820045558',
    'positions' => '1',
    'year' => '2024',
    'month' => '2',
  ),
)
DEBUG - 2024-08-26 05:10:01 --> **************************************************array (
  0 => 
  array (
    'amount' => NULL,
    'positions' => '1',
    'year' => '2022',
    'month' => '11',
  ),
  1 => 
  array (
    'amount' => NULL,
    'positions' => '1',
    'year' => '2022',
    'month' => '12',
  ),
  2 => 
  array (
    'amount' => '0.7099995369134013',
    'positions' => '2',
    'year' => '2023',
    'month' => '1',
  ),
  3 => 
  array (
    'amount' => '1.3398807762692178',
    'positions' => '2',
    'year' => '2023',
    'month' => '2',
  ),
  4 => 
  array (
    'amount' => '1.6900961997453299',
    'positions' => '4',
    'year' => '2023',
    'month' => '3',
  ),
)
DEBUG - 2024-08-26 05:10:01 --> ***************** Chart BY Admin *****************
DEBUG - 2024-08-26 05:10:01 --> PLID: 52
DEBUG - 2024-08-26 05:10:01 --> PL1: 22
DEBUG - 2024-08-26 05:10:02 --> ***************** Transaction Chart BY Admin *****************
DEBUG - 2024-08-26 05:10:02 --> ***************** Chart BY Admin *****************
DEBUG - 2024-08-26 05:10:02 --> PLID: 52
DEBUG - 2024-08-26 05:10:02 --> PL1: 22
DEBUG - 2024-08-26 05:10:47 --> **********************Tax Form Data****************************array (
  0 => 
  array (
    'id' => '16',
    'user_id' => '52',
    'address' => 'Test By 66loop',
    'payers_tin' => 'Mollit occaecat maxi',
    'recipients_tin' => 'Officia obcaecati nu',
    'recipients_name' => '123',
    'street_address' => 'At numquam ut recusa',
    'city_or_town_state_or_province_country' => 'Alias et quod labore',
    'account_number' => '718',
    'rents' => 'Enim pariatur Tempo',
    'royalties' => 'Voluptatem Quae eu ',
    'other_income' => '631',
    'federal_income_tax_withheld' => '373',
    'fishing_boat_proceeds' => 'Architecto maiores a',
    'medical_and_health_care_payments' => 'Ipsam at qui dolor N',
    'payer_made_direct' => 'No',
    'substitute_payments' => 'Aliquid suscipit qui',
    'crop_insurance_proceeds' => 'Rerum aliquam possim',
    'gross_proceeds' => 'Dolore rem molestiae',
    'fish_purchased_for_resale' => 'Dolore facilis digni',
    'section_409A_deferrals' => 'Tempore dolore sequ',
    'fatca_filing_requirement' => 'No',
    'excess_golden' => 'Aperiam dolorum vero',
    'nonqualified_deferred_compensation' => '66loop',
    'state_tax_withheld' => 'Sed esse ut est beat',
    'State_or_Payers_state_no' => 'Qui recusandae Nemo',
    'state_income' => '250',
    '2nd_tin_not' => 'Yes',
    'created_at' => '2024-05-20 06:39:50',
    'updated_at' => '2024-05-20 06:39:50',
  ),
)
DEBUG - 2024-08-26 05:10:47 --> **************************************************array (
  0 => 
  array (
    'amount' => NULL,
    'positions' => '1',
    'year' => '2022',
    'month' => '9',
  ),
  1 => 
  array (
    'amount' => NULL,
    'positions' => '1',
    'year' => '2022',
    'month' => '10',
  ),
  2 => 
  array (
    'amount' => NULL,
    'positions' => '1',
    'year' => '2022',
    'month' => '11',
  ),
  3 => 
  array (
    'amount' => NULL,
    'positions' => '7',
    'year' => '2022',
    'month' => '12',
  ),
  4 => 
  array (
    'amount' => '11.741258562394977',
    'positions' => '9',
    'year' => '2023',
    'month' => '1',
  ),
  5 => 
  array (
    'amount' => '8.110386103362952',
    'positions' => '8',
    'year' => '2023',
    'month' => '2',
  ),
  6 => 
  array (
    'amount' => '7.138001125413441',
    'positions' => '7',
    'year' => '2023',
    'month' => '3',
  ),
  7 => 
  array (
    'amount' => '0.18996006845407873',
    'positions' => '1',
    'year' => '2023',
    'month' => '4',
  ),
  8 => 
  array (
    'amount' => '5.694760820045558',
    'positions' => '1',
    'year' => '2024',
    'month' => '2',
  ),
)
DEBUG - 2024-08-26 05:10:47 --> **************************************************array (
  0 => 
  array (
    'amount' => NULL,
    'positions' => '1',
    'year' => '2022',
    'month' => '11',
  ),
  1 => 
  array (
    'amount' => NULL,
    'positions' => '1',
    'year' => '2022',
    'month' => '12',
  ),
  2 => 
  array (
    'amount' => '0.7099995369134013',
    'positions' => '2',
    'year' => '2023',
    'month' => '1',
  ),
  3 => 
  array (
    'amount' => '1.3398807762692178',
    'positions' => '2',
    'year' => '2023',
    'month' => '2',
  ),
  4 => 
  array (
    'amount' => '1.6900961997453299',
    'positions' => '4',
    'year' => '2023',
    'month' => '3',
  ),
)
DEBUG - 2024-08-26 05:10:47 --> ***************** Chart BY Admin *****************
DEBUG - 2024-08-26 05:10:47 --> PLID: 52
DEBUG - 2024-08-26 05:10:47 --> PL1: 22
DEBUG - 2024-08-26 05:10:47 --> ***************** Chart BY Admin *****************
DEBUG - 2024-08-26 05:10:47 --> ***************** Transaction Chart BY Admin *****************
DEBUG - 2024-08-26 05:10:47 --> PLID: 52
DEBUG - 2024-08-26 05:10:47 --> PL1: 22
DEBUG - 2024-08-26 05:10:59 --> **********************Tax Form Data****************************array (
  0 => 
  array (
    'id' => '16',
    'user_id' => '52',
    'address' => 'Test By 66loop',
    'payers_tin' => 'Mollit occaecat maxi',
    'recipients_tin' => 'Officia obcaecati nu',
    'recipients_name' => '123',
    'street_address' => 'At numquam ut recusa',
    'city_or_town_state_or_province_country' => 'Alias et quod labore',
    'account_number' => '718',
    'rents' => 'Enim pariatur Tempo',
    'royalties' => 'Voluptatem Quae eu ',
    'other_income' => '631',
    'federal_income_tax_withheld' => '373',
    'fishing_boat_proceeds' => 'Architecto maiores a',
    'medical_and_health_care_payments' => 'Ipsam at qui dolor N',
    'payer_made_direct' => 'No',
    'substitute_payments' => 'Aliquid suscipit qui',
    'crop_insurance_proceeds' => 'Rerum aliquam possim',
    'gross_proceeds' => 'Dolore rem molestiae',
    'fish_purchased_for_resale' => 'Dolore facilis digni',
    'section_409A_deferrals' => 'Tempore dolore sequ',
    'fatca_filing_requirement' => 'No',
    'excess_golden' => 'Aperiam dolorum vero',
    'nonqualified_deferred_compensation' => '66loop',
    'state_tax_withheld' => 'Sed esse ut est beat',
    'State_or_Payers_state_no' => 'Qui recusandae Nemo',
    'state_income' => '250',
    '2nd_tin_not' => 'Yes',
    'created_at' => '2024-05-20 06:39:50',
    'updated_at' => '2024-05-20 06:39:50',
  ),
)
DEBUG - 2024-08-26 05:10:59 --> **************************************************array (
  0 => 
  array (
    'amount' => NULL,
    'positions' => '1',
    'year' => '2022',
    'month' => '9',
  ),
  1 => 
  array (
    'amount' => NULL,
    'positions' => '1',
    'year' => '2022',
    'month' => '10',
  ),
  2 => 
  array (
    'amount' => NULL,
    'positions' => '1',
    'year' => '2022',
    'month' => '11',
  ),
  3 => 
  array (
    'amount' => NULL,
    'positions' => '7',
    'year' => '2022',
    'month' => '12',
  ),
  4 => 
  array (
    'amount' => '11.741258562394977',
    'positions' => '9',
    'year' => '2023',
    'month' => '1',
  ),
  5 => 
  array (
    'amount' => '8.110386103362952',
    'positions' => '8',
    'year' => '2023',
    'month' => '2',
  ),
  6 => 
  array (
    'amount' => '7.138001125413441',
    'positions' => '7',
    'year' => '2023',
    'month' => '3',
  ),
  7 => 
  array (
    'amount' => '0.18996006845407873',
    'positions' => '1',
    'year' => '2023',
    'month' => '4',
  ),
  8 => 
  array (
    'amount' => '5.694760820045558',
    'positions' => '1',
    'year' => '2024',
    'month' => '2',
  ),
)
DEBUG - 2024-08-26 05:10:59 --> **************************************************array (
  0 => 
  array (
    'amount' => NULL,
    'positions' => '1',
    'year' => '2022',
    'month' => '11',
  ),
  1 => 
  array (
    'amount' => NULL,
    'positions' => '1',
    'year' => '2022',
    'month' => '12',
  ),
  2 => 
  array (
    'amount' => '0.7099995369134013',
    'positions' => '2',
    'year' => '2023',
    'month' => '1',
  ),
  3 => 
  array (
    'amount' => '1.3398807762692178',
    'positions' => '2',
    'year' => '2023',
    'month' => '2',
  ),
  4 => 
  array (
    'amount' => '1.6900961997453299',
    'positions' => '4',
    'year' => '2023',
    'month' => '3',
  ),
)
DEBUG - 2024-08-26 05:10:59 --> ***************** Chart BY Admin *****************
DEBUG - 2024-08-26 05:10:59 --> PLID: 52
DEBUG - 2024-08-26 05:10:59 --> PL1: 22
DEBUG - 2024-08-26 05:10:59 --> ***************** Transaction Chart BY Admin *****************
DEBUG - 2024-08-26 05:10:59 --> ***************** Chart BY Admin *****************
DEBUG - 2024-08-26 05:10:59 --> PLID: 52
DEBUG - 2024-08-26 05:10:59 --> PL1: 22
